Copyright 1986-2016 Xilinx, Inc. All Rights Reserved.
-----------------------------------------------------------------------------------------
| Tool Version : Vivado v.2016.4 (win64) Build 1756540 Mon Jan 23 19:11:23 MST 2017
| Date         : Wed Mar 07 20:33:29 2018
| Host         : DESKTOP-7N7RCM0 running 64-bit major release  (build 9200)
| Command      : report_control_sets -verbose -file SwitchDriver_control_sets_placed.rpt
| Design       : SwitchDriver
| Device       : xc7a35t
-----------------------------------------------------------------------------------------

Control Set Information

Table of Contents
-----------------
1. Summary
2. Flip-Flop Distribution
3. Detailed Control Set Information

1. Summary
----------

+----------------------------------------------------------+-------+
|                          Status                          | Count |
+----------------------------------------------------------+-------+
| Number of unique control sets                            |    17 |
| Unused register locations in slices containing registers |    76 |
+----------------------------------------------------------+-------+


2. Flip-Flop Distribution
-------------------------

+--------------+-----------------------+------------------------+-----------------+--------------+
| Clock Enable | Synchronous Set/Reset | Asynchronous Set/Reset | Total Registers | Total Slices |
+--------------+-----------------------+------------------------+-----------------+--------------+
| No           | No                    | No                     |              24 |           16 |
| No           | No                    | Yes                    |               4 |            4 |
| No           | Yes                   | No                     |             131 |           43 |
| Yes          | No                    | No                     |              21 |            9 |
| Yes          | No                    | Yes                    |               0 |            0 |
| Yes          | Yes                   | No                     |               0 |            0 |
+--------------+-----------------------+------------------------+-----------------+--------------+


3. Detailed Control Set Information
-----------------------------------

+----------------------------+----------------------------+---------------------------+------------------+----------------+
|        Clock Signal        |        Enable Signal       |      Set/Reset Signal     | Slice Load Count | Bel Load Count |
+----------------------------+----------------------------+---------------------------+------------------+----------------+
|  div4/clock_16ms           |                            | dis/an_reg[0]_LDC_i_2_n_0 |                1 |              1 |
|  div4/clock_16ms           |                            | dis/an_reg[1]_LDC_i_2_n_0 |                1 |              1 |
|  div4/clock_16ms           |                            | dis/an_reg[2]_LDC_i_2_n_0 |                1 |              1 |
|  div4/clock_16ms           |                            | dis/an_reg[3]_LDC_i_2_n_0 |                1 |              1 |
|  dis/an_reg[0]_LDC_i_1_n_0 |                            | dis/an_reg[0]_LDC_i_2_n_0 |                1 |              1 |
|  dis/an_reg[1]_LDC_i_1_n_0 |                            | dis/an_reg[1]_LDC_i_2_n_0 |                1 |              1 |
|  dis/an_reg[2]_LDC_i_1_n_0 |                            | dis/an_reg[2]_LDC_i_2_n_0 |                1 |              1 |
|  dis/an_reg[3]_LDC_i_1_n_0 |                            | dis/an_reg[3]_LDC_i_2_n_0 |                1 |              1 |
|  div4/clock_16ms           | dis/segment_dis[6]_i_1_n_0 |                           |                3 |              7 |
|  clk_IBUF_BUFG             |                            |                           |                6 |              8 |
|  clk_IBUF_BUFG             |                            | but4/B/SR[0]              |                9 |             14 |
|  clk_IBUF_BUFG             | a/count                    |                           |                6 |             14 |
|  div4/clock_16ms           |                            |                           |               10 |             16 |
|  clk_IBUF_BUFG             |                            | nolabel_line17/slowClk0_0 |                7 |             27 |
|  clk_IBUF_BUFG             |                            | div4/slowClk3             |                7 |             27 |
|  clk_IBUF_BUFG             |                            | div/slowClk1_0            |                7 |             27 |
|  clk_IBUF_BUFG             |                            | a/clk_count[31]_i_1_n_0   |                9 |             32 |
+----------------------------+----------------------------+---------------------------+------------------+----------------+


+--------+-----------------------+
| Fanout | Number of ControlSets |
+--------+-----------------------+
| 1      |                     8 |
| 7      |                     1 |
| 8      |                     1 |
| 14     |                     2 |
| 16+    |                     5 |
+--------+-----------------------+


