
*** Running vivado
    with args -log Snake.vdi -applog -m64 -product Vivado -messageDb vivado.pb -mode batch -source Snake.tcl -notrace


****** Vivado v2016.4 (64-bit)
  **** SW Build 1756540 on Mon Jan 23 19:11:23 MST 2017
  **** IP Build 1755317 on Mon Jan 23 20:30:07 MST 2017
    ** Copyright 1986-2016 Xilinx, Inc. All Rights Reserved.

source Snake.tcl -notrace
Design is defaulting to srcset: sources_1
Design is defaulting to constrset: constrs_1
INFO: [Netlist 29-17] Analyzing 55 Unisim elements for replacement
INFO: [Netlist 29-28] Unisim Transformation completed in 0 CPU seconds
INFO: [Project 1-479] Netlist was created with Vivado 2016.4
INFO: [Device 21-403] Loading part xc7a35tcpg236-1
INFO: [Project 1-570] Preparing netlist for logic optimization
Parsing XDC File [C:/Users/erick/460M_Lab5_C/460M_Lab5_C.srcs/constrs_1/imports/Labs/Basys3_Master.xdc]
Finished Parsing XDC File [C:/Users/erick/460M_Lab5_C/460M_Lab5_C.srcs/constrs_1/imports/Labs/Basys3_Master.xdc]
INFO: [Opt 31-138] Pushed 0 inverter(s) to 0 load pin(s).
INFO: [Project 1-111] Unisim Transformation Summary:
No Unisim elements were transformed.

link_design: Time (s): cpu = 00:00:05 ; elapsed = 00:00:05 . Memory (MB): peak = 458.621 ; gain = 248.801
INFO: [Vivado_Tcl 4-424] Cannot write hardware definition file as there are no IPI block design hardware handoff files present
Command: opt_design
Attempting to get a license for feature 'Implementation' and/or device 'xc7a35t'
INFO: [Common 17-349] Got license for feature 'Implementation' and/or device 'xc7a35t'
Running DRC as a precondition to command opt_design

Starting DRC Task
INFO: [DRC 23-27] Running DRC with 2 threads
INFO: [Project 1-461] DRC finished with 0 Errors
INFO: [Project 1-462] Please refer to the DRC report (report_drc) for more information.

Time (s): cpu = 00:00:01 ; elapsed = 00:00:00.500 . Memory (MB): peak = 469.258 ; gain = 10.637
INFO: [Timing 38-35] Done setting XDC timing constraints.

Starting Logic Optimization Task
Implement Debug Cores | Checksum: 1f146832b

Phase 1 Retarget
INFO: [Opt 31-138] Pushed 0 inverter(s) to 0 load pin(s).
INFO: [Opt 31-49] Retargeted 0 cell(s).
Phase 1 Retarget | Checksum: db4d3ab1

Time (s): cpu = 00:00:00 ; elapsed = 00:00:00.047 . Memory (MB): peak = 969.359 ; gain = 0.000

Phase 2 Constant propagation
INFO: [Opt 31-138] Pushed 0 inverter(s) to 0 load pin(s).
INFO: [Opt 31-10] Eliminated 0 cells.
Phase 2 Constant propagation | Checksum: db4d3ab1

Time (s): cpu = 00:00:00 ; elapsed = 00:00:00.062 . Memory (MB): peak = 969.359 ; gain = 0.000

Phase 3 Sweep
INFO: [Opt 31-12] Eliminated 114 unconnected nets.
INFO: [Opt 31-11] Eliminated 0 unconnected cells.
Phase 3 Sweep | Checksum: 1a9cc29f5

Time (s): cpu = 00:00:00 ; elapsed = 00:00:00.094 . Memory (MB): peak = 969.359 ; gain = 0.000

Phase 4 BUFG optimization
INFO: [Opt 31-194] Inserted BUFG clockDiv/slowClk_BUFG_inst to drive 35 load(s) on clock net slowClk
INFO: [Opt 31-193] Inserted 1 BUFG(s) on clock nets
INFO: [Opt 31-12] Eliminated 2 unconnected nets.
INFO: [Opt 31-11] Eliminated 0 unconnected cells.
Phase 4 BUFG optimization | Checksum: 1c4cece6e

Time (s): cpu = 00:00:00 ; elapsed = 00:00:00.141 . Memory (MB): peak = 969.359 ; gain = 0.000

Starting Connectivity Check Task

Time (s): cpu = 00:00:00 ; elapsed = 00:00:00 . Memory (MB): peak = 969.359 ; gain = 0.000
Ending Logic Optimization Task | Checksum: 1c4cece6e

Time (s): cpu = 00:00:00 ; elapsed = 00:00:00.141 . Memory (MB): peak = 969.359 ; gain = 0.000

Starting Power Optimization Task
INFO: [Pwropt 34-132] Skipping clock gating for clocks with a period < 2.00 ns.
Ending Power Optimization Task | Checksum: 1c4cece6e

Time (s): cpu = 00:00:00 ; elapsed = 00:00:00.015 . Memory (MB): peak = 969.359 ; gain = 0.000
INFO: [Common 17-83] Releasing license: Implementation
25 Infos, 0 Warnings, 0 Critical Warnings and 0 Errors encountered.
opt_design completed successfully
opt_design: Time (s): cpu = 00:00:11 ; elapsed = 00:00:11 . Memory (MB): peak = 969.359 ; gain = 510.738
Writing placer database...
Writing XDEF routing.
Writing XDEF routing logical nets.
Writing XDEF routing special nets.
Write XDEF Complete: Time (s): cpu = 00:00:00 ; elapsed = 00:00:00.047 . Memory (MB): peak = 969.359 ; gain = 0.000
INFO: [Common 17-1381] The checkpoint 'C:/Users/erick/460M_Lab5_C/460M_Lab5_C.runs/impl_1/Snake_opt.dcp' has been generated.
INFO: [DRC 23-27] Running DRC with 2 threads
INFO: [Coretcl 2-168] The results of DRC are in file C:/Users/erick/460M_Lab5_C/460M_Lab5_C.runs/impl_1/Snake_drc_opted.rpt.
INFO: [Chipscope 16-241] No debug cores found in the current design.
Before running the implement_debug_core command, either use the Set Up Debug wizard (GUI mode)
or use the create_debug_core and connect_debug_core Tcl commands to insert debug cores into the design.
Command: place_design
Attempting to get a license for feature 'Implementation' and/or device 'xc7a35t'
INFO: [Common 17-349] Got license for feature 'Implementation' and/or device 'xc7a35t'
INFO: [DRC 23-27] Running DRC with 2 threads
INFO: [Vivado_Tcl 4-198] DRC finished with 0 Errors
INFO: [Vivado_Tcl 4-199] Please refer to the DRC report (report_drc) for more information.
Running DRC as a precondition to command place_design
INFO: [DRC 23-27] Running DRC with 2 threads
INFO: [Vivado_Tcl 4-198] DRC finished with 0 Errors
INFO: [Vivado_Tcl 4-199] Please refer to the DRC report (report_drc) for more information.

Starting Placer Task
INFO: [Place 30-611] Multithreading enabled for place_design using a maximum of 2 CPUs

Phase 1 Placer Initialization
Netlist sorting complete. Time (s): cpu = 00:00:00 ; elapsed = 00:00:00 . Memory (MB): peak = 969.359 ; gain = 0.000
Netlist sorting complete. Time (s): cpu = 00:00:00 ; elapsed = 00:00:00 . Memory (MB): peak = 969.359 ; gain = 0.000

Phase 1.1 IO Placement/ Clock Placement/ Build Placer Device
INFO: [Timing 38-35] Done setting XDC timing constraints.
Phase 1.1 IO Placement/ Clock Placement/ Build Placer Device | Checksum: 15a89b950

Time (s): cpu = 00:00:01 ; elapsed = 00:00:00.830 . Memory (MB): peak = 993.199 ; gain = 23.840

Phase 1.2 Build Placer Netlist Model
Phase 1.2 Build Placer Netlist Model | Checksum: 1613793c1

Time (s): cpu = 00:00:01 ; elapsed = 00:00:01 . Memory (MB): peak = 993.199 ; gain = 23.840

Phase 1.3 Constrain Clocks/Macros
Phase 1.3 Constrain Clocks/Macros | Checksum: 1613793c1

Time (s): cpu = 00:00:01 ; elapsed = 00:00:01 . Memory (MB): peak = 993.199 ; gain = 23.840
Phase 1 Placer Initialization | Checksum: 1613793c1

Time (s): cpu = 00:00:01 ; elapsed = 00:00:01 . Memory (MB): peak = 993.199 ; gain = 23.840

Phase 2 Global Placement
Phase 2 Global Placement | Checksum: 1fd9bbf35

Time (s): cpu = 00:00:02 ; elapsed = 00:00:01 . Memory (MB): peak = 993.199 ; gain = 23.840

Phase 3 Detail Placement

Phase 3.1 Commit Multi Column Macros
Phase 3.1 Commit Multi Column Macros | Checksum: 1fd9bbf35

Time (s): cpu = 00:00:02 ; elapsed = 00:00:01 . Memory (MB): peak = 993.199 ; gain = 23.840

Phase 3.2 Commit Most Macros & LUTRAMs
Phase 3.2 Commit Most Macros & LUTRAMs | Checksum: 24b15d1aa

Time (s): cpu = 00:00:02 ; elapsed = 00:00:01 . Memory (MB): peak = 993.199 ; gain = 23.840

Phase 3.3 Area Swap Optimization
Phase 3.3 Area Swap Optimization | Checksum: 26525747c

Time (s): cpu = 00:00:02 ; elapsed = 00:00:01 . Memory (MB): peak = 993.199 ; gain = 23.840

Phase 3.4 Pipeline Register Optimization
Phase 3.4 Pipeline Register Optimization | Checksum: 26525747c

Time (s): cpu = 00:00:02 ; elapsed = 00:00:01 . Memory (MB): peak = 993.199 ; gain = 23.840

Phase 3.5 Timing Path Optimizer
Phase 3.5 Timing Path Optimizer | Checksum: 1ab8f3a7e

Time (s): cpu = 00:00:02 ; elapsed = 00:00:01 . Memory (MB): peak = 993.199 ; gain = 23.840

Phase 3.6 Small Shape Detail Placement
Phase 3.6 Small Shape Detail Placement | Checksum: 1acfa8a26

Time (s): cpu = 00:00:02 ; elapsed = 00:00:02 . Memory (MB): peak = 993.199 ; gain = 23.840

Phase 3.7 Re-assign LUT pins
Phase 3.7 Re-assign LUT pins | Checksum: 23351eede

Time (s): cpu = 00:00:02 ; elapsed = 00:00:02 . Memory (MB): peak = 993.199 ; gain = 23.840

Phase 3.8 Pipeline Register Optimization
Phase 3.8 Pipeline Register Optimization | Checksum: 23351eede

Time (s): cpu = 00:00:02 ; elapsed = 00:00:02 . Memory (MB): peak = 993.199 ; gain = 23.840
Phase 3 Detail Placement | Checksum: 23351eede

Time (s): cpu = 00:00:02 ; elapsed = 00:00:02 . Memory (MB): peak = 993.199 ; gain = 23.840

Phase 4 Post Placement Optimization and Clean-Up

Phase 4.1 Post Commit Optimization
INFO: [Timing 38-35] Done setting XDC timing constraints.

Phase 4.1.1 Post Placement Optimization
INFO: [Place 30-746] Post Placement Timing Summary WNS=5.851. For the most accurate timing information please run report_timing.
Phase 4.1.1 Post Placement Optimization | Checksum: 110332689

Time (s): cpu = 00:00:02 ; elapsed = 00:00:02 . Memory (MB): peak = 993.199 ; gain = 23.840
Phase 4.1 Post Commit Optimization | Checksum: 110332689

Time (s): cpu = 00:00:02 ; elapsed = 00:00:02 . Memory (MB): peak = 993.199 ; gain = 23.840

Phase 4.2 Post Placement Cleanup
Phase 4.2 Post Placement Cleanup | Checksum: 110332689

Time (s): cpu = 00:00:02 ; elapsed = 00:00:02 . Memory (MB): peak = 993.199 ; gain = 23.840

Phase 4.3 Placer Reporting
Phase 4.3 Placer Reporting | Checksum: 110332689

Time (s): cpu = 00:00:02 ; elapsed = 00:00:02 . Memory (MB): peak = 993.199 ; gain = 23.840

Phase 4.4 Final Placement Cleanup
Phase 4.4 Final Placement Cleanup | Checksum: 1a1a76071

Time (s): cpu = 00:00:02 ; elapsed = 00:00:02 . Memory (MB): peak = 993.199 ; gain = 23.840
Phase 4 Post Placement Optimization and Clean-Up | Checksum: 1a1a76071

Time (s): cpu = 00:00:02 ; elapsed = 00:00:02 . Memory (MB): peak = 993.199 ; gain = 23.840
Ending Placer Task | Checksum: 194bc8289

Time (s): cpu = 00:00:02 ; elapsed = 00:00:02 . Memory (MB): peak = 993.199 ; gain = 23.840
INFO: [Common 17-83] Releasing license: Implementation
41 Infos, 0 Warnings, 0 Critical Warnings and 0 Errors encountered.
place_design completed successfully
Writing placer database...
Writing XDEF routing.
Writing XDEF routing logical nets.
Writing XDEF routing special nets.
Write XDEF Complete: Time (s): cpu = 00:00:00 ; elapsed = 00:00:00.094 . Memory (MB): peak = 993.199 ; gain = 0.000
INFO: [Common 17-1381] The checkpoint 'C:/Users/erick/460M_Lab5_C/460M_Lab5_C.runs/impl_1/Snake_placed.dcp' has been generated.
report_io: Time (s): cpu = 00:00:00 ; elapsed = 00:00:00.032 . Memory (MB): peak = 993.199 ; gain = 0.000
report_utilization: Time (s): cpu = 00:00:00 ; elapsed = 00:00:00.016 . Memory (MB): peak = 993.199 ; gain = 0.000
report_control_sets: Time (s): cpu = 00:00:00 ; elapsed = 00:00:00.016 . Memory (MB): peak = 993.199 ; gain = 0.000
Command: route_design
Attempting to get a license for feature 'Implementation' and/or device 'xc7a35t'
INFO: [Common 17-349] Got license for feature 'Implementation' and/or device 'xc7a35t'
Running DRC as a precondition to command route_design
INFO: [DRC 23-27] Running DRC with 2 threads
INFO: [Vivado_Tcl 4-198] DRC finished with 0 Errors
INFO: [Vivado_Tcl 4-199] Please refer to the DRC report (report_drc) for more information.


Starting Routing Task
INFO: [Route 35-254] Multithreading enabled for route_design using a maximum of 2 CPUs
Checksum: PlaceDB: a48dc536 ConstDB: 0 ShapeSum: f02ebd53 RouteDB: 0

Phase 1 Build RT Design
Phase 1 Build RT Design | Checksum: 12447f6ae

Time (s): cpu = 00:00:23 ; elapsed = 00:00:21 . Memory (MB): peak = 1103.422 ; gain = 110.223

Phase 2 Router Initialization

Phase 2.1 Create Timer
Phase 2.1 Create Timer | Checksum: 12447f6ae

Time (s): cpu = 00:00:23 ; elapsed = 00:00:21 . Memory (MB): peak = 1103.422 ; gain = 110.223

Phase 2.2 Fix Topology Constraints
Phase 2.2 Fix Topology Constraints | Checksum: 12447f6ae

Time (s): cpu = 00:00:23 ; elapsed = 00:00:21 . Memory (MB): peak = 1103.422 ; gain = 110.223

Phase 2.3 Pre Route Cleanup
Phase 2.3 Pre Route Cleanup | Checksum: 12447f6ae

Time (s): cpu = 00:00:23 ; elapsed = 00:00:21 . Memory (MB): peak = 1103.422 ; gain = 110.223
 Number of Nodes with overlaps = 0

Phase 2.4 Update Timing
Phase 2.4 Update Timing | Checksum: 1549cb2cf

Time (s): cpu = 00:00:24 ; elapsed = 00:00:22 . Memory (MB): peak = 1103.422 ; gain = 110.223
INFO: [Route 35-416] Intermediate Timing Summary | WNS=5.836  | TNS=0.000  | WHS=-0.066 | THS=-0.231 |

Phase 2 Router Initialization | Checksum: 177063baa

Time (s): cpu = 00:00:24 ; elapsed = 00:00:22 . Memory (MB): peak = 1103.422 ; gain = 110.223

Phase 3 Initial Routing
Phase 3 Initial Routing | Checksum: 133b20eb9

Time (s): cpu = 00:00:24 ; elapsed = 00:00:22 . Memory (MB): peak = 1103.422 ; gain = 110.223

Phase 4 Rip-up And Reroute

Phase 4.1 Global Iteration 0
 Number of Nodes with overlaps = 71
 Number of Nodes with overlaps = 0

Phase 4.1.1 Update Timing
Phase 4.1.1 Update Timing | Checksum: 1d6ad46f7

Time (s): cpu = 00:00:24 ; elapsed = 00:00:22 . Memory (MB): peak = 1103.422 ; gain = 110.223
INFO: [Route 35-416] Intermediate Timing Summary | WNS=4.816  | TNS=0.000  | WHS=N/A    | THS=N/A    |

Phase 4.1 Global Iteration 0 | Checksum: 213ed5ec0

Time (s): cpu = 00:00:24 ; elapsed = 00:00:22 . Memory (MB): peak = 1103.422 ; gain = 110.223
Phase 4 Rip-up And Reroute | Checksum: 213ed5ec0

Time (s): cpu = 00:00:24 ; elapsed = 00:00:22 . Memory (MB): peak = 1103.422 ; gain = 110.223

Phase 5 Delay and Skew Optimization

Phase 5.1 Delay CleanUp
Phase 5.1 Delay CleanUp | Checksum: 213ed5ec0

Time (s): cpu = 00:00:24 ; elapsed = 00:00:22 . Memory (MB): peak = 1103.422 ; gain = 110.223

Phase 5.2 Clock Skew Optimization
Phase 5.2 Clock Skew Optimization | Checksum: 213ed5ec0

Time (s): cpu = 00:00:24 ; elapsed = 00:00:22 . Memory (MB): peak = 1103.422 ; gain = 110.223
Phase 5 Delay and Skew Optimization | Checksum: 213ed5ec0

Time (s): cpu = 00:00:24 ; elapsed = 00:00:22 . Memory (MB): peak = 1103.422 ; gain = 110.223

Phase 6 Post Hold Fix

Phase 6.1 Hold Fix Iter

Phase 6.1.1 Update Timing
Phase 6.1.1 Update Timing | Checksum: 228231666

Time (s): cpu = 00:00:24 ; elapsed = 00:00:22 . Memory (MB): peak = 1103.422 ; gain = 110.223
INFO: [Route 35-416] Intermediate Timing Summary | WNS=4.908  | TNS=0.000  | WHS=0.245  | THS=0.000  |

Phase 6.1 Hold Fix Iter | Checksum: 228231666

Time (s): cpu = 00:00:24 ; elapsed = 00:00:22 . Memory (MB): peak = 1103.422 ; gain = 110.223
Phase 6 Post Hold Fix | Checksum: 228231666

Time (s): cpu = 00:00:24 ; elapsed = 00:00:22 . Memory (MB): peak = 1103.422 ; gain = 110.223

Phase 7 Route finalize

Router Utilization Summary
  Global Vertical Routing Utilization    = 0.0766164 %
  Global Horizontal Routing Utilization  = 0.0839407 %
  Routable Net Status*
  *Does not include unroutable nets such as driverless and loadless.
  Run report_route_status for detailed report.
  Number of Failed Nets               = 0
  Number of Unrouted Nets             = 0
  Number of Partially Routed Nets     = 0
  Number of Node Overlaps             = 0

Phase 7 Route finalize | Checksum: 23faf4622

Time (s): cpu = 00:00:24 ; elapsed = 00:00:22 . Memory (MB): peak = 1103.422 ; gain = 110.223

Phase 8 Verifying routed nets

 Verification completed successfully
Phase 8 Verifying routed nets | Checksum: 23faf4622

Time (s): cpu = 00:00:24 ; elapsed = 00:00:22 . Memory (MB): peak = 1103.422 ; gain = 110.223

Phase 9 Depositing Routes
Phase 9 Depositing Routes | Checksum: 1fdc3935e

Time (s): cpu = 00:00:24 ; elapsed = 00:00:22 . Memory (MB): peak = 1103.422 ; gain = 110.223

Phase 10 Post Router Timing
INFO: [Route 35-57] Estimated Timing Summary | WNS=4.908  | TNS=0.000  | WHS=0.245  | THS=0.000  |

INFO: [Route 35-327] The final timing numbers are based on the router estimated timing analysis. For a complete and accurate timing signoff, please run report_timing_summary.
Phase 10 Post Router Timing | Checksum: 1fdc3935e

Time (s): cpu = 00:00:24 ; elapsed = 00:00:22 . Memory (MB): peak = 1103.422 ; gain = 110.223
INFO: [Route 35-16] Router Completed Successfully

Time (s): cpu = 00:00:24 ; elapsed = 00:00:22 . Memory (MB): peak = 1103.422 ; gain = 110.223

Routing Is Done.
INFO: [Common 17-83] Releasing license: Implementation
54 Infos, 0 Warnings, 0 Critical Warnings and 0 Errors encountered.
route_design completed successfully
route_design: Time (s): cpu = 00:00:26 ; elapsed = 00:00:23 . Memory (MB): peak = 1103.422 ; gain = 110.223
Writing placer database...
Writing XDEF routing.
Writing XDEF routing logical nets.
Writing XDEF routing special nets.
Write XDEF Complete: Time (s): cpu = 00:00:01 ; elapsed = 00:00:00.110 . Memory (MB): peak = 1103.422 ; gain = 0.000
INFO: [Common 17-1381] The checkpoint 'C:/Users/erick/460M_Lab5_C/460M_Lab5_C.runs/impl_1/Snake_routed.dcp' has been generated.
INFO: [DRC 23-27] Running DRC with 2 threads
INFO: [Coretcl 2-168] The results of DRC are in file C:/Users/erick/460M_Lab5_C/460M_Lab5_C.runs/impl_1/Snake_drc_routed.rpt.
INFO: [Timing 38-35] Done setting XDC timing constraints.
INFO: [DRC 23-133] Running Methodology with 2 threads
INFO: [Coretcl 2-1520] The results of Report Methodology are in file C:/Users/erick/460M_Lab5_C/460M_Lab5_C.runs/impl_1/Snake_methodology_drc_routed.rpt.
INFO: [Timing 38-35] Done setting XDC timing constraints.
INFO: [Timing 38-91] UpdateTimingParams: Speed grade: -1, Delay Type: min_max.
INFO: [Timing 38-191] Multithreading enabled for timing update using a maximum of 2 CPUs
INFO: [Timing 38-35] Done setting XDC timing constraints.
Command: report_power -file Snake_power_routed.rpt -pb Snake_power_summary_routed.pb -rpx Snake_power_routed.rpx
Running Vector-less Activity Propagation...

Finished Running Vector-less Activity Propagation
64 Infos, 0 Warnings, 0 Critical Warnings and 0 Errors encountered.
report_power completed successfully
Command: write_bitstream -force -no_partial_bitfile Snake.bit
Attempting to get a license for feature 'Implementation' and/or device 'xc7a35t'
INFO: [Common 17-349] Got license for feature 'Implementation' and/or device 'xc7a35t'
Running DRC as a precondition to command write_bitstream
INFO: [DRC 23-27] Running DRC with 2 threads
WARNING: [DRC 23-20] Rule violation (CFGBVS-1) Missing CFGBVS and CONFIG_VOLTAGE Design Properties - Neither the CFGBVS nor CONFIG_VOLTAGE voltage property is set in the current_design.  Configuration bank voltage select (CFGBVS) must be set to VCCO or GND, and CONFIG_VOLTAGE must be set to the correct configuration voltage, in order to determine the I/O voltage support for the pins in bank 0.  It is suggested to specify these either using the 'Edit Device Properties' function in the GUI or directly in the XDC file using the following syntax:

 set_property CFGBVS value1 [current_design]
 #where value1 is either VCCO or GND

 set_property CONFIG_VOLTAGE value2 [current_design]
 #where value2 is the voltage provided to configuration bank 0

Refer to the device configuration user guide for more information.
INFO: [Vivado 12-3199] DRC finished with 0 Errors, 1 Warnings
INFO: [Vivado 12-3200] Please refer to the DRC report (report_drc) for more information.
Loading data files...
Loading site data...
Loading route data...
Processing options...
Creating bitmap...
Creating bitstream...
Writing bitstream ./Snake.bit...
INFO: [Vivado 12-1842] Bitgen Completed Successfully.
INFO: [Project 1-120] WebTalk data collection is mandatory when using a WebPACK part without a full Vivado license. To see the specific WebTalk data collected for your design, open the usage_statistics_webtalk.html or usage_statistics_webtalk.xml file in the implementation directory.
INFO: [Common 17-186] 'C:/Users/erick/460M_Lab5_C/460M_Lab5_C.runs/impl_1/usage_statistics_webtalk.xml' has been successfully sent to Xilinx on Tue Apr 03 13:21:50 2018. For additional details about this file, please refer to the WebTalk help file at C:/Xilinx/Vivado/2016.4/doc/webtalk_introduction.html.
INFO: [Common 17-83] Releasing license: Implementation
72 Infos, 1 Warnings, 0 Critical Warnings and 0 Errors encountered.
write_bitstream completed successfully
write_bitstream: Time (s): cpu = 00:00:14 ; elapsed = 00:00:15 . Memory (MB): peak = 1451.320 ; gain = 336.297
INFO: [Vivado_Tcl 4-395] Unable to parse hwdef file Snake.hwdef
INFO: [Common 17-206] Exiting Vivado at Tue Apr 03 13:21:50 2018...
