#-----------------------------------------------------------
# Vivado v2016.4 (64-bit)
# SW Build 1756540 on Mon Jan 23 19:11:23 MST 2017
# IP Build 1755317 on Mon Jan 23 20:30:07 MST 2017
# Start of session at: Fri Mar 09 04:16:04 2018
# Process ID: 9732
# Current directory: C:/Users/Erick/Desktop/project_4
# Command line: vivado.exe -gui_launcher_event rodinguilauncherevent8292 C:\Users\Erick\Desktop\project_4\project_4.xpr
# Log file: C:/Users/Erick/Desktop/project_4/vivado.log
# Journal file: C:/Users/Erick/Desktop/project_4\vivado.jou
#-----------------------------------------------------------
start_gui
open_project C:/Users/Erick/Desktop/project_4/project_4.xpr
Scanning sources...
Finished scanning sources
WARNING: [filemgmt 56-3] IPUserFilesDir: Could not find the directory 'C:/Users/Erick/Desktop/project_4/project_4.ip_user_files'.
INFO: [IP_Flow 19-234] Refreshing IP repositories
INFO: [IP_Flow 19-1704] No user IP repositories specified
INFO: [IP_Flow 19-2313] Loaded Vivado IP repository 'C:/Xilinx/Vivado/2016.4/data/ip'.
open_project: Time (s): cpu = 00:00:08 ; elapsed = 00:00:12 . Memory (MB): peak = 716.234 ; gain = 110.250
exit
INFO: [Common 17-206] Exiting Vivado at Fri Mar 09 04:26:09 2018...
