Copyright 1986-2016 Xilinx, Inc. All Rights Reserved.
-----------------------------------------------------------------------------------------------------------------------------------------------
| Tool Version : Vivado v.2016.4 (win64) Build 1756540 Mon Jan 23 19:11:23 MST 2017
| Date         : Fri Apr 06 14:40:35 2018
| Host         : Ericks-Laptop running 64-bit major release  (build 9200)
| Command      : report_timing_summary -warn_on_violation -max_paths 10 -file Top_timing_summary_routed.rpt -rpx Top_timing_summary_routed.rpx
| Design       : Top
| Device       : 7a35t-cpg236
| Speed File   : -1  PRODUCTION 1.16 2016-11-09
-----------------------------------------------------------------------------------------------------------------------------------------------

Timing Summary Report

------------------------------------------------------------------------------------------------
| Timer Settings
| --------------
------------------------------------------------------------------------------------------------

  Enable Multi Corner Analysis               :  Yes
  Enable Pessimism Removal                   :  Yes
  Pessimism Removal Resolution               :  Nearest Common Node
  Enable Input Delay Default Clock           :  No
  Enable Preset / Clear Arcs                 :  No
  Disable Flight Delays                      :  No
  Ignore I/O Paths                           :  No
  Timing Early Launch at Borrowing Latches   :  false

  Corner  Analyze    Analyze    
  Name    Max Paths  Min Paths  
  ------  ---------  ---------  
  Slow    Yes        Yes        
  Fast    Yes        Yes        



check_timing report

Table of Contents
-----------------
1. checking no_clock
2. checking constant_clock
3. checking pulse_width_clock
4. checking unconstrained_internal_endpoints
5. checking no_input_delay
6. checking no_output_delay
7. checking multiple_clock
8. checking generated_clocks
9. checking loops
10. checking partial_input_delay
11. checking partial_output_delay
12. checking latch_loops

1. checking no_clock
--------------------
 There are 35 register/latch pins with no clock driven by root clock pin: PS2Clk (HIGH)

 There are 11 register/latch pins with no clock driven by root clock pin: c/slowClk3_reg/Q (HIGH)


2. checking constant_clock
--------------------------
 There are 0 register/latch pins with constant_clock.


3. checking pulse_width_clock
-----------------------------
 There are 0 register/latch pins which need pulse_width check


4. checking unconstrained_internal_endpoints
--------------------------------------------
 There are 69 pins that are not constrained for maximum delay. (HIGH)

 There are 0 pins that are not constrained for maximum delay due to constant clock.


5. checking no_input_delay
--------------------------
 There is 1 input port with no input delay specified. (HIGH)

 There are 0 input ports with no input delay but user has a false path constraint.


6. checking no_output_delay
---------------------------
 There are 11 ports with no output delay specified. (HIGH)

 There are 0 ports with no output delay but user has a false path constraint

 There are 0 ports with no output delay but with a timing clock defined on it or propagating through it


7. checking multiple_clock
--------------------------
 There are 0 register/latch pins with multiple clocks.


8. checking generated_clocks
----------------------------
 There are 0 generated clocks that are not connected to a clock source.


9. checking loops
-----------------
 There are 0 combinational loops in the design.


10. checking partial_input_delay
--------------------------------
 There are 0 input ports with partial input delay specified.


11. checking partial_output_delay
---------------------------------
 There are 0 ports with partial output delay specified.


12. checking latch_loops
------------------------
 There are 0 combinational latch loops in the design through latch input



------------------------------------------------------------------------------------------------
| Design Timing Summary
| ---------------------
------------------------------------------------------------------------------------------------

    WNS(ns)      TNS(ns)  TNS Failing Endpoints  TNS Total Endpoints      WHS(ns)      THS(ns)  THS Failing Endpoints  THS Total Endpoints     WPWS(ns)     TPWS(ns)  TPWS Failing Endpoints  TPWS Total Endpoints  
    -------      -------  ---------------------  -------------------      -------      -------  ---------------------  -------------------     --------     --------  ----------------------  --------------------  
      5.693        0.000                      0                   56        0.275        0.000                      0                   56        4.500        0.000                       0                    30  


All user specified timing constraints are met.


------------------------------------------------------------------------------------------------
| Clock Summary
| -------------
------------------------------------------------------------------------------------------------

Clock        Waveform(ns)       Period(ns)      Frequency(MHz)
-----        ------------       ----------      --------------
sys_clk_pin  {0.000 5.000}      10.000          100.000         


------------------------------------------------------------------------------------------------
| Intra Clock Table
| -----------------
------------------------------------------------------------------------------------------------

Clock             WNS(ns)      TNS(ns)  TNS Failing Endpoints  TNS Total Endpoints      WHS(ns)      THS(ns)  THS Failing Endpoints  THS Total Endpoints     WPWS(ns)     TPWS(ns)  TPWS Failing Endpoints  TPWS Total Endpoints  
-----             -------      -------  ---------------------  -------------------      -------      -------  ---------------------  -------------------     --------     --------  ----------------------  --------------------  
sys_clk_pin         5.693        0.000                      0                   56        0.275        0.000                      0                   56        4.500        0.000                       0                    30  


------------------------------------------------------------------------------------------------
| Inter Clock Table
| -----------------
------------------------------------------------------------------------------------------------

From Clock    To Clock          WNS(ns)      TNS(ns)  TNS Failing Endpoints  TNS Total Endpoints      WHS(ns)      THS(ns)  THS Failing Endpoints  THS Total Endpoints  
----------    --------          -------      -------  ---------------------  -------------------      -------      -------  ---------------------  -------------------  


------------------------------------------------------------------------------------------------
| Other Path Groups Table
| -----------------------
------------------------------------------------------------------------------------------------

Path Group    From Clock    To Clock          WNS(ns)      TNS(ns)  TNS Failing Endpoints  TNS Total Endpoints      WHS(ns)      THS(ns)  THS Failing Endpoints  THS Total Endpoints  
----------    ----------    --------          -------      -------  ---------------------  -------------------      -------      -------  ---------------------  -------------------  


------------------------------------------------------------------------------------------------
| Timing Details
| --------------
------------------------------------------------------------------------------------------------


---------------------------------------------------------------------------------------------------
From Clock:  sys_clk_pin
  To Clock:  sys_clk_pin

Setup :            0  Failing Endpoints,  Worst Slack        5.693ns,  Total Violation        0.000ns
Hold  :            0  Failing Endpoints,  Worst Slack        0.275ns,  Total Violation        0.000ns
PW    :            0  Failing Endpoints,  Worst Slack        4.500ns,  Total Violation        0.000ns
---------------------------------------------------------------------------------------------------


Max Delay Paths
--------------------------------------------------------------------------------------
Slack (MET) :             5.693ns  (required time - arrival time)
  Source:                 c/counter_reg[3]/C
                            (rising edge-triggered cell FDRE clocked by sys_clk_pin  {rise@0.000ns fall@5.000ns period=10.000ns})
  Destination:            c/counter_reg[1]/R
                            (rising edge-triggered cell FDRE clocked by sys_clk_pin  {rise@0.000ns fall@5.000ns period=10.000ns})
  Path Group:             sys_clk_pin
  Path Type:              Setup (Max at Slow Process Corner)
  Requirement:            10.000ns  (sys_clk_pin rise@10.000ns - sys_clk_pin rise@0.000ns)
  Data Path Delay:        3.842ns  (logic 1.056ns (27.483%)  route 2.786ns (72.517%))
  Logic Levels:           3  (LUT3=1 LUT4=1 LUT6=1)
  Clock Path Skew:        0.000ns (DCD - SCD + CPR)
    Destination Clock Delay (DCD):    4.848ns = ( 14.848 - 10.000 ) 
    Source Clock Delay      (SCD):    5.145ns
    Clock Pessimism Removal (CPR):    0.297ns
  Clock Uncertainty:      0.035ns  ((TSJ^2 + TIJ^2)^1/2 + DJ) / 2 + PE
    Total System Jitter     (TSJ):    0.071ns
    Total Input Jitter      (TIJ):    0.000ns
    Discrete Jitter          (DJ):    0.000ns
    Phase Error              (PE):    0.000ns

    Location             Delay type                Incr(ns)  Path(ns)    Netlist Resource(s)
  -------------------------------------------------------------------    -------------------
                         (clock sys_clk_pin rise edge)
                                                      0.000     0.000 r  
    W5                                                0.000     0.000 r  clk (IN)
                         net (fo=0)                   0.000     0.000    clk
    W5                   IBUF (Prop_ibuf_I_O)         1.458     1.458 r  clk_IBUF_inst/O
                         net (fo=1, routed)           1.967     3.425    clk_IBUF
    BUFGCTRL_X0Y0        BUFG (Prop_bufg_I_O)         0.096     3.521 r  clk_IBUF_BUFG_inst/O
                         net (fo=29, routed)          1.624     5.145    c/clk_IBUF_BUFG
    SLICE_X62Y21         FDRE                                         r  c/counter_reg[3]/C
  -------------------------------------------------------------------    -------------------
    SLICE_X62Y21         FDRE (Prop_fdre_C_Q)         0.456     5.601 f  c/counter_reg[3]/Q
                         net (fo=2, routed)           0.886     6.487    c/counter[3]
    SLICE_X63Y21         LUT4 (Prop_lut4_I2_O)        0.150     6.637 f  c/counter[27]_i_6/O
                         net (fo=1, routed)           0.891     7.528    c/counter[27]_i_6_n_0
    SLICE_X63Y26         LUT6 (Prop_lut6_I5_O)        0.326     7.854 f  c/counter[27]_i_2/O
                         net (fo=2, routed)           0.160     8.014    c/counter[27]_i_2_n_0
    SLICE_X63Y26         LUT3 (Prop_lut3_I0_O)        0.124     8.138 r  c/counter[27]_i_1/O
                         net (fo=27, routed)          0.850     8.988    c/slowClk3
    SLICE_X62Y21         FDRE                                         r  c/counter_reg[1]/R
  -------------------------------------------------------------------    -------------------

                         (clock sys_clk_pin rise edge)
                                                     10.000    10.000 r  
    W5                                                0.000    10.000 r  clk (IN)
                         net (fo=0)                   0.000    10.000    clk
    W5                   IBUF (Prop_ibuf_I_O)         1.388    11.388 r  clk_IBUF_inst/O
                         net (fo=1, routed)           1.862    13.250    clk_IBUF
    BUFGCTRL_X0Y0        BUFG (Prop_bufg_I_O)         0.091    13.341 r  clk_IBUF_BUFG_inst/O
                         net (fo=29, routed)          1.507    14.848    c/clk_IBUF_BUFG
    SLICE_X62Y21         FDRE                                         r  c/counter_reg[1]/C
                         clock pessimism              0.297    15.145    
                         clock uncertainty           -0.035    15.110    
    SLICE_X62Y21         FDRE (Setup_fdre_C_R)       -0.429    14.681    c/counter_reg[1]
  -------------------------------------------------------------------
                         required time                         14.681    
                         arrival time                          -8.988    
  -------------------------------------------------------------------
                         slack                                  5.693    

Slack (MET) :             5.693ns  (required time - arrival time)
  Source:                 c/counter_reg[3]/C
                            (rising edge-triggered cell FDRE clocked by sys_clk_pin  {rise@0.000ns fall@5.000ns period=10.000ns})
  Destination:            c/counter_reg[2]/R
                            (rising edge-triggered cell FDRE clocked by sys_clk_pin  {rise@0.000ns fall@5.000ns period=10.000ns})
  Path Group:             sys_clk_pin
  Path Type:              Setup (Max at Slow Process Corner)
  Requirement:            10.000ns  (sys_clk_pin rise@10.000ns - sys_clk_pin rise@0.000ns)
  Data Path Delay:        3.842ns  (logic 1.056ns (27.483%)  route 2.786ns (72.517%))
  Logic Levels:           3  (LUT3=1 LUT4=1 LUT6=1)
  Clock Path Skew:        0.000ns (DCD - SCD + CPR)
    Destination Clock Delay (DCD):    4.848ns = ( 14.848 - 10.000 ) 
    Source Clock Delay      (SCD):    5.145ns
    Clock Pessimism Removal (CPR):    0.297ns
  Clock Uncertainty:      0.035ns  ((TSJ^2 + TIJ^2)^1/2 + DJ) / 2 + PE
    Total System Jitter     (TSJ):    0.071ns
    Total Input Jitter      (TIJ):    0.000ns
    Discrete Jitter          (DJ):    0.000ns
    Phase Error              (PE):    0.000ns

    Location             Delay type                Incr(ns)  Path(ns)    Netlist Resource(s)
  -------------------------------------------------------------------    -------------------
                         (clock sys_clk_pin rise edge)
                                                      0.000     0.000 r  
    W5                                                0.000     0.000 r  clk (IN)
                         net (fo=0)                   0.000     0.000    clk
    W5                   IBUF (Prop_ibuf_I_O)         1.458     1.458 r  clk_IBUF_inst/O
                         net (fo=1, routed)           1.967     3.425    clk_IBUF
    BUFGCTRL_X0Y0        BUFG (Prop_bufg_I_O)         0.096     3.521 r  clk_IBUF_BUFG_inst/O
                         net (fo=29, routed)          1.624     5.145    c/clk_IBUF_BUFG
    SLICE_X62Y21         FDRE                                         r  c/counter_reg[3]/C
  -------------------------------------------------------------------    -------------------
    SLICE_X62Y21         FDRE (Prop_fdre_C_Q)         0.456     5.601 f  c/counter_reg[3]/Q
                         net (fo=2, routed)           0.886     6.487    c/counter[3]
    SLICE_X63Y21         LUT4 (Prop_lut4_I2_O)        0.150     6.637 f  c/counter[27]_i_6/O
                         net (fo=1, routed)           0.891     7.528    c/counter[27]_i_6_n_0
    SLICE_X63Y26         LUT6 (Prop_lut6_I5_O)        0.326     7.854 f  c/counter[27]_i_2/O
                         net (fo=2, routed)           0.160     8.014    c/counter[27]_i_2_n_0
    SLICE_X63Y26         LUT3 (Prop_lut3_I0_O)        0.124     8.138 r  c/counter[27]_i_1/O
                         net (fo=27, routed)          0.850     8.988    c/slowClk3
    SLICE_X62Y21         FDRE                                         r  c/counter_reg[2]/R
  -------------------------------------------------------------------    -------------------

                         (clock sys_clk_pin rise edge)
                                                     10.000    10.000 r  
    W5                                                0.000    10.000 r  clk (IN)
                         net (fo=0)                   0.000    10.000    clk
    W5                   IBUF (Prop_ibuf_I_O)         1.388    11.388 r  clk_IBUF_inst/O
                         net (fo=1, routed)           1.862    13.250    clk_IBUF
    BUFGCTRL_X0Y0        BUFG (Prop_bufg_I_O)         0.091    13.341 r  clk_IBUF_BUFG_inst/O
                         net (fo=29, routed)          1.507    14.848    c/clk_IBUF_BUFG
    SLICE_X62Y21         FDRE                                         r  c/counter_reg[2]/C
                         clock pessimism              0.297    15.145    
                         clock uncertainty           -0.035    15.110    
    SLICE_X62Y21         FDRE (Setup_fdre_C_R)       -0.429    14.681    c/counter_reg[2]
  -------------------------------------------------------------------
                         required time                         14.681    
                         arrival time                          -8.988    
  -------------------------------------------------------------------
                         slack                                  5.693    

Slack (MET) :             5.693ns  (required time - arrival time)
  Source:                 c/counter_reg[3]/C
                            (rising edge-triggered cell FDRE clocked by sys_clk_pin  {rise@0.000ns fall@5.000ns period=10.000ns})
  Destination:            c/counter_reg[3]/R
                            (rising edge-triggered cell FDRE clocked by sys_clk_pin  {rise@0.000ns fall@5.000ns period=10.000ns})
  Path Group:             sys_clk_pin
  Path Type:              Setup (Max at Slow Process Corner)
  Requirement:            10.000ns  (sys_clk_pin rise@10.000ns - sys_clk_pin rise@0.000ns)
  Data Path Delay:        3.842ns  (logic 1.056ns (27.483%)  route 2.786ns (72.517%))
  Logic Levels:           3  (LUT3=1 LUT4=1 LUT6=1)
  Clock Path Skew:        0.000ns (DCD - SCD + CPR)
    Destination Clock Delay (DCD):    4.848ns = ( 14.848 - 10.000 ) 
    Source Clock Delay      (SCD):    5.145ns
    Clock Pessimism Removal (CPR):    0.297ns
  Clock Uncertainty:      0.035ns  ((TSJ^2 + TIJ^2)^1/2 + DJ) / 2 + PE
    Total System Jitter     (TSJ):    0.071ns
    Total Input Jitter      (TIJ):    0.000ns
    Discrete Jitter          (DJ):    0.000ns
    Phase Error              (PE):    0.000ns

    Location             Delay type                Incr(ns)  Path(ns)    Netlist Resource(s)
  -------------------------------------------------------------------    -------------------
                         (clock sys_clk_pin rise edge)
                                                      0.000     0.000 r  
    W5                                                0.000     0.000 r  clk (IN)
                         net (fo=0)                   0.000     0.000    clk
    W5                   IBUF (Prop_ibuf_I_O)         1.458     1.458 r  clk_IBUF_inst/O
                         net (fo=1, routed)           1.967     3.425    clk_IBUF
    BUFGCTRL_X0Y0        BUFG (Prop_bufg_I_O)         0.096     3.521 r  clk_IBUF_BUFG_inst/O
                         net (fo=29, routed)          1.624     5.145    c/clk_IBUF_BUFG
    SLICE_X62Y21         FDRE                                         r  c/counter_reg[3]/C
  -------------------------------------------------------------------    -------------------
    SLICE_X62Y21         FDRE (Prop_fdre_C_Q)         0.456     5.601 f  c/counter_reg[3]/Q
                         net (fo=2, routed)           0.886     6.487    c/counter[3]
    SLICE_X63Y21         LUT4 (Prop_lut4_I2_O)        0.150     6.637 f  c/counter[27]_i_6/O
                         net (fo=1, routed)           0.891     7.528    c/counter[27]_i_6_n_0
    SLICE_X63Y26         LUT6 (Prop_lut6_I5_O)        0.326     7.854 f  c/counter[27]_i_2/O
                         net (fo=2, routed)           0.160     8.014    c/counter[27]_i_2_n_0
    SLICE_X63Y26         LUT3 (Prop_lut3_I0_O)        0.124     8.138 r  c/counter[27]_i_1/O
                         net (fo=27, routed)          0.850     8.988    c/slowClk3
    SLICE_X62Y21         FDRE                                         r  c/counter_reg[3]/R
  -------------------------------------------------------------------    -------------------

                         (clock sys_clk_pin rise edge)
                                                     10.000    10.000 r  
    W5                                                0.000    10.000 r  clk (IN)
                         net (fo=0)                   0.000    10.000    clk
    W5                   IBUF (Prop_ibuf_I_O)         1.388    11.388 r  clk_IBUF_inst/O
                         net (fo=1, routed)           1.862    13.250    clk_IBUF
    BUFGCTRL_X0Y0        BUFG (Prop_bufg_I_O)         0.091    13.341 r  clk_IBUF_BUFG_inst/O
                         net (fo=29, routed)          1.507    14.848    c/clk_IBUF_BUFG
    SLICE_X62Y21         FDRE                                         r  c/counter_reg[3]/C
                         clock pessimism              0.297    15.145    
                         clock uncertainty           -0.035    15.110    
    SLICE_X62Y21         FDRE (Setup_fdre_C_R)       -0.429    14.681    c/counter_reg[3]
  -------------------------------------------------------------------
                         required time                         14.681    
                         arrival time                          -8.988    
  -------------------------------------------------------------------
                         slack                                  5.693    

Slack (MET) :             5.693ns  (required time - arrival time)
  Source:                 c/counter_reg[3]/C
                            (rising edge-triggered cell FDRE clocked by sys_clk_pin  {rise@0.000ns fall@5.000ns period=10.000ns})
  Destination:            c/counter_reg[4]/R
                            (rising edge-triggered cell FDRE clocked by sys_clk_pin  {rise@0.000ns fall@5.000ns period=10.000ns})
  Path Group:             sys_clk_pin
  Path Type:              Setup (Max at Slow Process Corner)
  Requirement:            10.000ns  (sys_clk_pin rise@10.000ns - sys_clk_pin rise@0.000ns)
  Data Path Delay:        3.842ns  (logic 1.056ns (27.483%)  route 2.786ns (72.517%))
  Logic Levels:           3  (LUT3=1 LUT4=1 LUT6=1)
  Clock Path Skew:        0.000ns (DCD - SCD + CPR)
    Destination Clock Delay (DCD):    4.848ns = ( 14.848 - 10.000 ) 
    Source Clock Delay      (SCD):    5.145ns
    Clock Pessimism Removal (CPR):    0.297ns
  Clock Uncertainty:      0.035ns  ((TSJ^2 + TIJ^2)^1/2 + DJ) / 2 + PE
    Total System Jitter     (TSJ):    0.071ns
    Total Input Jitter      (TIJ):    0.000ns
    Discrete Jitter          (DJ):    0.000ns
    Phase Error              (PE):    0.000ns

    Location             Delay type                Incr(ns)  Path(ns)    Netlist Resource(s)
  -------------------------------------------------------------------    -------------------
                         (clock sys_clk_pin rise edge)
                                                      0.000     0.000 r  
    W5                                                0.000     0.000 r  clk (IN)
                         net (fo=0)                   0.000     0.000    clk
    W5                   IBUF (Prop_ibuf_I_O)         1.458     1.458 r  clk_IBUF_inst/O
                         net (fo=1, routed)           1.967     3.425    clk_IBUF
    BUFGCTRL_X0Y0        BUFG (Prop_bufg_I_O)         0.096     3.521 r  clk_IBUF_BUFG_inst/O
                         net (fo=29, routed)          1.624     5.145    c/clk_IBUF_BUFG
    SLICE_X62Y21         FDRE                                         r  c/counter_reg[3]/C
  -------------------------------------------------------------------    -------------------
    SLICE_X62Y21         FDRE (Prop_fdre_C_Q)         0.456     5.601 f  c/counter_reg[3]/Q
                         net (fo=2, routed)           0.886     6.487    c/counter[3]
    SLICE_X63Y21         LUT4 (Prop_lut4_I2_O)        0.150     6.637 f  c/counter[27]_i_6/O
                         net (fo=1, routed)           0.891     7.528    c/counter[27]_i_6_n_0
    SLICE_X63Y26         LUT6 (Prop_lut6_I5_O)        0.326     7.854 f  c/counter[27]_i_2/O
                         net (fo=2, routed)           0.160     8.014    c/counter[27]_i_2_n_0
    SLICE_X63Y26         LUT3 (Prop_lut3_I0_O)        0.124     8.138 r  c/counter[27]_i_1/O
                         net (fo=27, routed)          0.850     8.988    c/slowClk3
    SLICE_X62Y21         FDRE                                         r  c/counter_reg[4]/R
  -------------------------------------------------------------------    -------------------

                         (clock sys_clk_pin rise edge)
                                                     10.000    10.000 r  
    W5                                                0.000    10.000 r  clk (IN)
                         net (fo=0)                   0.000    10.000    clk
    W5                   IBUF (Prop_ibuf_I_O)         1.388    11.388 r  clk_IBUF_inst/O
                         net (fo=1, routed)           1.862    13.250    clk_IBUF
    BUFGCTRL_X0Y0        BUFG (Prop_bufg_I_O)         0.091    13.341 r  clk_IBUF_BUFG_inst/O
                         net (fo=29, routed)          1.507    14.848    c/clk_IBUF_BUFG
    SLICE_X62Y21         FDRE                                         r  c/counter_reg[4]/C
                         clock pessimism              0.297    15.145    
                         clock uncertainty           -0.035    15.110    
    SLICE_X62Y21         FDRE (Setup_fdre_C_R)       -0.429    14.681    c/counter_reg[4]
  -------------------------------------------------------------------
                         required time                         14.681    
                         arrival time                          -8.988    
  -------------------------------------------------------------------
                         slack                                  5.693    

Slack (MET) :             5.760ns  (required time - arrival time)
  Source:                 c/counter_reg[3]/C
                            (rising edge-triggered cell FDRE clocked by sys_clk_pin  {rise@0.000ns fall@5.000ns period=10.000ns})
  Destination:            c/counter_reg[5]/R
                            (rising edge-triggered cell FDRE clocked by sys_clk_pin  {rise@0.000ns fall@5.000ns period=10.000ns})
  Path Group:             sys_clk_pin
  Path Type:              Setup (Max at Slow Process Corner)
  Requirement:            10.000ns  (sys_clk_pin rise@10.000ns - sys_clk_pin rise@0.000ns)
  Data Path Delay:        3.750ns  (logic 1.056ns (28.158%)  route 2.694ns (71.842%))
  Logic Levels:           3  (LUT3=1 LUT4=1 LUT6=1)
  Clock Path Skew:        -0.025ns (DCD - SCD + CPR)
    Destination Clock Delay (DCD):    4.846ns = ( 14.846 - 10.000 ) 
    Source Clock Delay      (SCD):    5.145ns
    Clock Pessimism Removal (CPR):    0.274ns
  Clock Uncertainty:      0.035ns  ((TSJ^2 + TIJ^2)^1/2 + DJ) / 2 + PE
    Total System Jitter     (TSJ):    0.071ns
    Total Input Jitter      (TIJ):    0.000ns
    Discrete Jitter          (DJ):    0.000ns
    Phase Error              (PE):    0.000ns

    Location             Delay type                Incr(ns)  Path(ns)    Netlist Resource(s)
  -------------------------------------------------------------------    -------------------
                         (clock sys_clk_pin rise edge)
                                                      0.000     0.000 r  
    W5                                                0.000     0.000 r  clk (IN)
                         net (fo=0)                   0.000     0.000    clk
    W5                   IBUF (Prop_ibuf_I_O)         1.458     1.458 r  clk_IBUF_inst/O
                         net (fo=1, routed)           1.967     3.425    clk_IBUF
    BUFGCTRL_X0Y0        BUFG (Prop_bufg_I_O)         0.096     3.521 r  clk_IBUF_BUFG_inst/O
                         net (fo=29, routed)          1.624     5.145    c/clk_IBUF_BUFG
    SLICE_X62Y21         FDRE                                         r  c/counter_reg[3]/C
  -------------------------------------------------------------------    -------------------
    SLICE_X62Y21         FDRE (Prop_fdre_C_Q)         0.456     5.601 f  c/counter_reg[3]/Q
                         net (fo=2, routed)           0.886     6.487    c/counter[3]
    SLICE_X63Y21         LUT4 (Prop_lut4_I2_O)        0.150     6.637 f  c/counter[27]_i_6/O
                         net (fo=1, routed)           0.891     7.528    c/counter[27]_i_6_n_0
    SLICE_X63Y26         LUT6 (Prop_lut6_I5_O)        0.326     7.854 f  c/counter[27]_i_2/O
                         net (fo=2, routed)           0.160     8.014    c/counter[27]_i_2_n_0
    SLICE_X63Y26         LUT3 (Prop_lut3_I0_O)        0.124     8.138 r  c/counter[27]_i_1/O
                         net (fo=27, routed)          0.758     8.896    c/slowClk3
    SLICE_X62Y22         FDRE                                         r  c/counter_reg[5]/R
  -------------------------------------------------------------------    -------------------

                         (clock sys_clk_pin rise edge)
                                                     10.000    10.000 r  
    W5                                                0.000    10.000 r  clk (IN)
                         net (fo=0)                   0.000    10.000    clk
    W5                   IBUF (Prop_ibuf_I_O)         1.388    11.388 r  clk_IBUF_inst/O
                         net (fo=1, routed)           1.862    13.250    clk_IBUF
    BUFGCTRL_X0Y0        BUFG (Prop_bufg_I_O)         0.091    13.341 r  clk_IBUF_BUFG_inst/O
                         net (fo=29, routed)          1.505    14.846    c/clk_IBUF_BUFG
    SLICE_X62Y22         FDRE                                         r  c/counter_reg[5]/C
                         clock pessimism              0.274    15.120    
                         clock uncertainty           -0.035    15.085    
    SLICE_X62Y22         FDRE (Setup_fdre_C_R)       -0.429    14.656    c/counter_reg[5]
  -------------------------------------------------------------------
                         required time                         14.656    
                         arrival time                          -8.896    
  -------------------------------------------------------------------
                         slack                                  5.760    

Slack (MET) :             5.760ns  (required time - arrival time)
  Source:                 c/counter_reg[3]/C
                            (rising edge-triggered cell FDRE clocked by sys_clk_pin  {rise@0.000ns fall@5.000ns period=10.000ns})
  Destination:            c/counter_reg[6]/R
                            (rising edge-triggered cell FDRE clocked by sys_clk_pin  {rise@0.000ns fall@5.000ns period=10.000ns})
  Path Group:             sys_clk_pin
  Path Type:              Setup (Max at Slow Process Corner)
  Requirement:            10.000ns  (sys_clk_pin rise@10.000ns - sys_clk_pin rise@0.000ns)
  Data Path Delay:        3.750ns  (logic 1.056ns (28.158%)  route 2.694ns (71.842%))
  Logic Levels:           3  (LUT3=1 LUT4=1 LUT6=1)
  Clock Path Skew:        -0.025ns (DCD - SCD + CPR)
    Destination Clock Delay (DCD):    4.846ns = ( 14.846 - 10.000 ) 
    Source Clock Delay      (SCD):    5.145ns
    Clock Pessimism Removal (CPR):    0.274ns
  Clock Uncertainty:      0.035ns  ((TSJ^2 + TIJ^2)^1/2 + DJ) / 2 + PE
    Total System Jitter     (TSJ):    0.071ns
    Total Input Jitter      (TIJ):    0.000ns
    Discrete Jitter          (DJ):    0.000ns
    Phase Error              (PE):    0.000ns

    Location             Delay type                Incr(ns)  Path(ns)    Netlist Resource(s)
  -------------------------------------------------------------------    -------------------
                         (clock sys_clk_pin rise edge)
                                                      0.000     0.000 r  
    W5                                                0.000     0.000 r  clk (IN)
                         net (fo=0)                   0.000     0.000    clk
    W5                   IBUF (Prop_ibuf_I_O)         1.458     1.458 r  clk_IBUF_inst/O
                         net (fo=1, routed)           1.967     3.425    clk_IBUF
    BUFGCTRL_X0Y0        BUFG (Prop_bufg_I_O)         0.096     3.521 r  clk_IBUF_BUFG_inst/O
                         net (fo=29, routed)          1.624     5.145    c/clk_IBUF_BUFG
    SLICE_X62Y21         FDRE                                         r  c/counter_reg[3]/C
  -------------------------------------------------------------------    -------------------
    SLICE_X62Y21         FDRE (Prop_fdre_C_Q)         0.456     5.601 f  c/counter_reg[3]/Q
                         net (fo=2, routed)           0.886     6.487    c/counter[3]
    SLICE_X63Y21         LUT4 (Prop_lut4_I2_O)        0.150     6.637 f  c/counter[27]_i_6/O
                         net (fo=1, routed)           0.891     7.528    c/counter[27]_i_6_n_0
    SLICE_X63Y26         LUT6 (Prop_lut6_I5_O)        0.326     7.854 f  c/counter[27]_i_2/O
                         net (fo=2, routed)           0.160     8.014    c/counter[27]_i_2_n_0
    SLICE_X63Y26         LUT3 (Prop_lut3_I0_O)        0.124     8.138 r  c/counter[27]_i_1/O
                         net (fo=27, routed)          0.758     8.896    c/slowClk3
    SLICE_X62Y22         FDRE                                         r  c/counter_reg[6]/R
  -------------------------------------------------------------------    -------------------

                         (clock sys_clk_pin rise edge)
                                                     10.000    10.000 r  
    W5                                                0.000    10.000 r  clk (IN)
                         net (fo=0)                   0.000    10.000    clk
    W5                   IBUF (Prop_ibuf_I_O)         1.388    11.388 r  clk_IBUF_inst/O
                         net (fo=1, routed)           1.862    13.250    clk_IBUF
    BUFGCTRL_X0Y0        BUFG (Prop_bufg_I_O)         0.091    13.341 r  clk_IBUF_BUFG_inst/O
                         net (fo=29, routed)          1.505    14.846    c/clk_IBUF_BUFG
    SLICE_X62Y22         FDRE                                         r  c/counter_reg[6]/C
                         clock pessimism              0.274    15.120    
                         clock uncertainty           -0.035    15.085    
    SLICE_X62Y22         FDRE (Setup_fdre_C_R)       -0.429    14.656    c/counter_reg[6]
  -------------------------------------------------------------------
                         required time                         14.656    
                         arrival time                          -8.896    
  -------------------------------------------------------------------
                         slack                                  5.760    

Slack (MET) :             5.760ns  (required time - arrival time)
  Source:                 c/counter_reg[3]/C
                            (rising edge-triggered cell FDRE clocked by sys_clk_pin  {rise@0.000ns fall@5.000ns period=10.000ns})
  Destination:            c/counter_reg[7]/R
                            (rising edge-triggered cell FDRE clocked by sys_clk_pin  {rise@0.000ns fall@5.000ns period=10.000ns})
  Path Group:             sys_clk_pin
  Path Type:              Setup (Max at Slow Process Corner)
  Requirement:            10.000ns  (sys_clk_pin rise@10.000ns - sys_clk_pin rise@0.000ns)
  Data Path Delay:        3.750ns  (logic 1.056ns (28.158%)  route 2.694ns (71.842%))
  Logic Levels:           3  (LUT3=1 LUT4=1 LUT6=1)
  Clock Path Skew:        -0.025ns (DCD - SCD + CPR)
    Destination Clock Delay (DCD):    4.846ns = ( 14.846 - 10.000 ) 
    Source Clock Delay      (SCD):    5.145ns
    Clock Pessimism Removal (CPR):    0.274ns
  Clock Uncertainty:      0.035ns  ((TSJ^2 + TIJ^2)^1/2 + DJ) / 2 + PE
    Total System Jitter     (TSJ):    0.071ns
    Total Input Jitter      (TIJ):    0.000ns
    Discrete Jitter          (DJ):    0.000ns
    Phase Error              (PE):    0.000ns

    Location             Delay type                Incr(ns)  Path(ns)    Netlist Resource(s)
  -------------------------------------------------------------------    -------------------
                         (clock sys_clk_pin rise edge)
                                                      0.000     0.000 r  
    W5                                                0.000     0.000 r  clk (IN)
                         net (fo=0)                   0.000     0.000    clk
    W5                   IBUF (Prop_ibuf_I_O)         1.458     1.458 r  clk_IBUF_inst/O
                         net (fo=1, routed)           1.967     3.425    clk_IBUF
    BUFGCTRL_X0Y0        BUFG (Prop_bufg_I_O)         0.096     3.521 r  clk_IBUF_BUFG_inst/O
                         net (fo=29, routed)          1.624     5.145    c/clk_IBUF_BUFG
    SLICE_X62Y21         FDRE                                         r  c/counter_reg[3]/C
  -------------------------------------------------------------------    -------------------
    SLICE_X62Y21         FDRE (Prop_fdre_C_Q)         0.456     5.601 f  c/counter_reg[3]/Q
                         net (fo=2, routed)           0.886     6.487    c/counter[3]
    SLICE_X63Y21         LUT4 (Prop_lut4_I2_O)        0.150     6.637 f  c/counter[27]_i_6/O
                         net (fo=1, routed)           0.891     7.528    c/counter[27]_i_6_n_0
    SLICE_X63Y26         LUT6 (Prop_lut6_I5_O)        0.326     7.854 f  c/counter[27]_i_2/O
                         net (fo=2, routed)           0.160     8.014    c/counter[27]_i_2_n_0
    SLICE_X63Y26         LUT3 (Prop_lut3_I0_O)        0.124     8.138 r  c/counter[27]_i_1/O
                         net (fo=27, routed)          0.758     8.896    c/slowClk3
    SLICE_X62Y22         FDRE                                         r  c/counter_reg[7]/R
  -------------------------------------------------------------------    -------------------

                         (clock sys_clk_pin rise edge)
                                                     10.000    10.000 r  
    W5                                                0.000    10.000 r  clk (IN)
                         net (fo=0)                   0.000    10.000    clk
    W5                   IBUF (Prop_ibuf_I_O)         1.388    11.388 r  clk_IBUF_inst/O
                         net (fo=1, routed)           1.862    13.250    clk_IBUF
    BUFGCTRL_X0Y0        BUFG (Prop_bufg_I_O)         0.091    13.341 r  clk_IBUF_BUFG_inst/O
                         net (fo=29, routed)          1.505    14.846    c/clk_IBUF_BUFG
    SLICE_X62Y22         FDRE                                         r  c/counter_reg[7]/C
                         clock pessimism              0.274    15.120    
                         clock uncertainty           -0.035    15.085    
    SLICE_X62Y22         FDRE (Setup_fdre_C_R)       -0.429    14.656    c/counter_reg[7]
  -------------------------------------------------------------------
                         required time                         14.656    
                         arrival time                          -8.896    
  -------------------------------------------------------------------
                         slack                                  5.760    

Slack (MET) :             5.760ns  (required time - arrival time)
  Source:                 c/counter_reg[3]/C
                            (rising edge-triggered cell FDRE clocked by sys_clk_pin  {rise@0.000ns fall@5.000ns period=10.000ns})
  Destination:            c/counter_reg[8]/R
                            (rising edge-triggered cell FDRE clocked by sys_clk_pin  {rise@0.000ns fall@5.000ns period=10.000ns})
  Path Group:             sys_clk_pin
  Path Type:              Setup (Max at Slow Process Corner)
  Requirement:            10.000ns  (sys_clk_pin rise@10.000ns - sys_clk_pin rise@0.000ns)
  Data Path Delay:        3.750ns  (logic 1.056ns (28.158%)  route 2.694ns (71.842%))
  Logic Levels:           3  (LUT3=1 LUT4=1 LUT6=1)
  Clock Path Skew:        -0.025ns (DCD - SCD + CPR)
    Destination Clock Delay (DCD):    4.846ns = ( 14.846 - 10.000 ) 
    Source Clock Delay      (SCD):    5.145ns
    Clock Pessimism Removal (CPR):    0.274ns
  Clock Uncertainty:      0.035ns  ((TSJ^2 + TIJ^2)^1/2 + DJ) / 2 + PE
    Total System Jitter     (TSJ):    0.071ns
    Total Input Jitter      (TIJ):    0.000ns
    Discrete Jitter          (DJ):    0.000ns
    Phase Error              (PE):    0.000ns

    Location             Delay type                Incr(ns)  Path(ns)    Netlist Resource(s)
  -------------------------------------------------------------------    -------------------
                         (clock sys_clk_pin rise edge)
                                                      0.000     0.000 r  
    W5                                                0.000     0.000 r  clk (IN)
                         net (fo=0)                   0.000     0.000    clk
    W5                   IBUF (Prop_ibuf_I_O)         1.458     1.458 r  clk_IBUF_inst/O
                         net (fo=1, routed)           1.967     3.425    clk_IBUF
    BUFGCTRL_X0Y0        BUFG (Prop_bufg_I_O)         0.096     3.521 r  clk_IBUF_BUFG_inst/O
                         net (fo=29, routed)          1.624     5.145    c/clk_IBUF_BUFG
    SLICE_X62Y21         FDRE                                         r  c/counter_reg[3]/C
  -------------------------------------------------------------------    -------------------
    SLICE_X62Y21         FDRE (Prop_fdre_C_Q)         0.456     5.601 f  c/counter_reg[3]/Q
                         net (fo=2, routed)           0.886     6.487    c/counter[3]
    SLICE_X63Y21         LUT4 (Prop_lut4_I2_O)        0.150     6.637 f  c/counter[27]_i_6/O
                         net (fo=1, routed)           0.891     7.528    c/counter[27]_i_6_n_0
    SLICE_X63Y26         LUT6 (Prop_lut6_I5_O)        0.326     7.854 f  c/counter[27]_i_2/O
                         net (fo=2, routed)           0.160     8.014    c/counter[27]_i_2_n_0
    SLICE_X63Y26         LUT3 (Prop_lut3_I0_O)        0.124     8.138 r  c/counter[27]_i_1/O
                         net (fo=27, routed)          0.758     8.896    c/slowClk3
    SLICE_X62Y22         FDRE                                         r  c/counter_reg[8]/R
  -------------------------------------------------------------------    -------------------

                         (clock sys_clk_pin rise edge)
                                                     10.000    10.000 r  
    W5                                                0.000    10.000 r  clk (IN)
                         net (fo=0)                   0.000    10.000    clk
    W5                   IBUF (Prop_ibuf_I_O)         1.388    11.388 r  clk_IBUF_inst/O
                         net (fo=1, routed)           1.862    13.250    clk_IBUF
    BUFGCTRL_X0Y0        BUFG (Prop_bufg_I_O)         0.091    13.341 r  clk_IBUF_BUFG_inst/O
                         net (fo=29, routed)          1.505    14.846    c/clk_IBUF_BUFG
    SLICE_X62Y22         FDRE                                         r  c/counter_reg[8]/C
                         clock pessimism              0.274    15.120    
                         clock uncertainty           -0.035    15.085    
    SLICE_X62Y22         FDRE (Setup_fdre_C_R)       -0.429    14.656    c/counter_reg[8]
  -------------------------------------------------------------------
                         required time                         14.656    
                         arrival time                          -8.896    
  -------------------------------------------------------------------
                         slack                                  5.760    

Slack (MET) :             5.778ns  (required time - arrival time)
  Source:                 c/counter_reg[3]/C
                            (rising edge-triggered cell FDRE clocked by sys_clk_pin  {rise@0.000ns fall@5.000ns period=10.000ns})
  Destination:            c/counter_reg[21]/R
                            (rising edge-triggered cell FDRE clocked by sys_clk_pin  {rise@0.000ns fall@5.000ns period=10.000ns})
  Path Group:             sys_clk_pin
  Path Type:              Setup (Max at Slow Process Corner)
  Requirement:            10.000ns  (sys_clk_pin rise@10.000ns - sys_clk_pin rise@0.000ns)
  Data Path Delay:        3.717ns  (logic 1.056ns (28.407%)  route 2.661ns (71.593%))
  Logic Levels:           3  (LUT3=1 LUT4=1 LUT6=1)
  Clock Path Skew:        -0.040ns (DCD - SCD + CPR)
    Destination Clock Delay (DCD):    4.845ns = ( 14.845 - 10.000 ) 
    Source Clock Delay      (SCD):    5.145ns
    Clock Pessimism Removal (CPR):    0.260ns
  Clock Uncertainty:      0.035ns  ((TSJ^2 + TIJ^2)^1/2 + DJ) / 2 + PE
    Total System Jitter     (TSJ):    0.071ns
    Total Input Jitter      (TIJ):    0.000ns
    Discrete Jitter          (DJ):    0.000ns
    Phase Error              (PE):    0.000ns

    Location             Delay type                Incr(ns)  Path(ns)    Netlist Resource(s)
  -------------------------------------------------------------------    -------------------
                         (clock sys_clk_pin rise edge)
                                                      0.000     0.000 r  
    W5                                                0.000     0.000 r  clk (IN)
                         net (fo=0)                   0.000     0.000    clk
    W5                   IBUF (Prop_ibuf_I_O)         1.458     1.458 r  clk_IBUF_inst/O
                         net (fo=1, routed)           1.967     3.425    clk_IBUF
    BUFGCTRL_X0Y0        BUFG (Prop_bufg_I_O)         0.096     3.521 r  clk_IBUF_BUFG_inst/O
                         net (fo=29, routed)          1.624     5.145    c/clk_IBUF_BUFG
    SLICE_X62Y21         FDRE                                         r  c/counter_reg[3]/C
  -------------------------------------------------------------------    -------------------
    SLICE_X62Y21         FDRE (Prop_fdre_C_Q)         0.456     5.601 f  c/counter_reg[3]/Q
                         net (fo=2, routed)           0.886     6.487    c/counter[3]
    SLICE_X63Y21         LUT4 (Prop_lut4_I2_O)        0.150     6.637 f  c/counter[27]_i_6/O
                         net (fo=1, routed)           0.891     7.528    c/counter[27]_i_6_n_0
    SLICE_X63Y26         LUT6 (Prop_lut6_I5_O)        0.326     7.854 f  c/counter[27]_i_2/O
                         net (fo=2, routed)           0.160     8.014    c/counter[27]_i_2_n_0
    SLICE_X63Y26         LUT3 (Prop_lut3_I0_O)        0.124     8.138 r  c/counter[27]_i_1/O
                         net (fo=27, routed)          0.725     8.863    c/slowClk3
    SLICE_X62Y26         FDRE                                         r  c/counter_reg[21]/R
  -------------------------------------------------------------------    -------------------

                         (clock sys_clk_pin rise edge)
                                                     10.000    10.000 r  
    W5                                                0.000    10.000 r  clk (IN)
                         net (fo=0)                   0.000    10.000    clk
    W5                   IBUF (Prop_ibuf_I_O)         1.388    11.388 r  clk_IBUF_inst/O
                         net (fo=1, routed)           1.862    13.250    clk_IBUF
    BUFGCTRL_X0Y0        BUFG (Prop_bufg_I_O)         0.091    13.341 r  clk_IBUF_BUFG_inst/O
                         net (fo=29, routed)          1.504    14.845    c/clk_IBUF_BUFG
    SLICE_X62Y26         FDRE                                         r  c/counter_reg[21]/C
                         clock pessimism              0.260    15.105    
                         clock uncertainty           -0.035    15.070    
    SLICE_X62Y26         FDRE (Setup_fdre_C_R)       -0.429    14.641    c/counter_reg[21]
  -------------------------------------------------------------------
                         required time                         14.641    
                         arrival time                          -8.863    
  -------------------------------------------------------------------
                         slack                                  5.778    

Slack (MET) :             5.778ns  (required time - arrival time)
  Source:                 c/counter_reg[3]/C
                            (rising edge-triggered cell FDRE clocked by sys_clk_pin  {rise@0.000ns fall@5.000ns period=10.000ns})
  Destination:            c/counter_reg[22]/R
                            (rising edge-triggered cell FDRE clocked by sys_clk_pin  {rise@0.000ns fall@5.000ns period=10.000ns})
  Path Group:             sys_clk_pin
  Path Type:              Setup (Max at Slow Process Corner)
  Requirement:            10.000ns  (sys_clk_pin rise@10.000ns - sys_clk_pin rise@0.000ns)
  Data Path Delay:        3.717ns  (logic 1.056ns (28.407%)  route 2.661ns (71.593%))
  Logic Levels:           3  (LUT3=1 LUT4=1 LUT6=1)
  Clock Path Skew:        -0.040ns (DCD - SCD + CPR)
    Destination Clock Delay (DCD):    4.845ns = ( 14.845 - 10.000 ) 
    Source Clock Delay      (SCD):    5.145ns
    Clock Pessimism Removal (CPR):    0.260ns
  Clock Uncertainty:      0.035ns  ((TSJ^2 + TIJ^2)^1/2 + DJ) / 2 + PE
    Total System Jitter     (TSJ):    0.071ns
    Total Input Jitter      (TIJ):    0.000ns
    Discrete Jitter          (DJ):    0.000ns
    Phase Error              (PE):    0.000ns

    Location             Delay type                Incr(ns)  Path(ns)    Netlist Resource(s)
  -------------------------------------------------------------------    -------------------
                         (clock sys_clk_pin rise edge)
                                                      0.000     0.000 r  
    W5                                                0.000     0.000 r  clk (IN)
                         net (fo=0)                   0.000     0.000    clk
    W5                   IBUF (Prop_ibuf_I_O)         1.458     1.458 r  clk_IBUF_inst/O
                         net (fo=1, routed)           1.967     3.425    clk_IBUF
    BUFGCTRL_X0Y0        BUFG (Prop_bufg_I_O)         0.096     3.521 r  clk_IBUF_BUFG_inst/O
                         net (fo=29, routed)          1.624     5.145    c/clk_IBUF_BUFG
    SLICE_X62Y21         FDRE                                         r  c/counter_reg[3]/C
  -------------------------------------------------------------------    -------------------
    SLICE_X62Y21         FDRE (Prop_fdre_C_Q)         0.456     5.601 f  c/counter_reg[3]/Q
                         net (fo=2, routed)           0.886     6.487    c/counter[3]
    SLICE_X63Y21         LUT4 (Prop_lut4_I2_O)        0.150     6.637 f  c/counter[27]_i_6/O
                         net (fo=1, routed)           0.891     7.528    c/counter[27]_i_6_n_0
    SLICE_X63Y26         LUT6 (Prop_lut6_I5_O)        0.326     7.854 f  c/counter[27]_i_2/O
                         net (fo=2, routed)           0.160     8.014    c/counter[27]_i_2_n_0
    SLICE_X63Y26         LUT3 (Prop_lut3_I0_O)        0.124     8.138 r  c/counter[27]_i_1/O
                         net (fo=27, routed)          0.725     8.863    c/slowClk3
    SLICE_X62Y26         FDRE                                         r  c/counter_reg[22]/R
  -------------------------------------------------------------------    -------------------

                         (clock sys_clk_pin rise edge)
                                                     10.000    10.000 r  
    W5                                                0.000    10.000 r  clk (IN)
                         net (fo=0)                   0.000    10.000    clk
    W5                   IBUF (Prop_ibuf_I_O)         1.388    11.388 r  clk_IBUF_inst/O
                         net (fo=1, routed)           1.862    13.250    clk_IBUF
    BUFGCTRL_X0Y0        BUFG (Prop_bufg_I_O)         0.091    13.341 r  clk_IBUF_BUFG_inst/O
                         net (fo=29, routed)          1.504    14.845    c/clk_IBUF_BUFG
    SLICE_X62Y26         FDRE                                         r  c/counter_reg[22]/C
                         clock pessimism              0.260    15.105    
                         clock uncertainty           -0.035    15.070    
    SLICE_X62Y26         FDRE (Setup_fdre_C_R)       -0.429    14.641    c/counter_reg[22]
  -------------------------------------------------------------------
                         required time                         14.641    
                         arrival time                          -8.863    
  -------------------------------------------------------------------
                         slack                                  5.778    





Min Delay Paths
--------------------------------------------------------------------------------------
Slack (MET) :             0.275ns  (arrival time - required time)
  Source:                 c/slowClk3_reg/C
                            (rising edge-triggered cell FDRE clocked by sys_clk_pin  {rise@0.000ns fall@5.000ns period=10.000ns})
  Destination:            c/slowClk3_reg/D
                            (rising edge-triggered cell FDRE clocked by sys_clk_pin  {rise@0.000ns fall@5.000ns period=10.000ns})
  Path Group:             sys_clk_pin
  Path Type:              Hold (Min at Fast Process Corner)
  Requirement:            0.000ns  (sys_clk_pin rise@0.000ns - sys_clk_pin rise@0.000ns)
  Data Path Delay:        0.366ns  (logic 0.186ns (50.768%)  route 0.180ns (49.232%))
  Logic Levels:           1  (LUT4=1)
  Clock Path Skew:        0.000ns (DCD - SCD - CPR)
    Destination Clock Delay (DCD):    1.978ns
    Source Clock Delay      (SCD):    1.466ns
    Clock Pessimism Removal (CPR):    0.512ns

    Location             Delay type                Incr(ns)  Path(ns)    Netlist Resource(s)
  -------------------------------------------------------------------    -------------------
                         (clock sys_clk_pin rise edge)
                                                      0.000     0.000 r  
    W5                                                0.000     0.000 r  clk (IN)
                         net (fo=0)                   0.000     0.000    clk
    W5                   IBUF (Prop_ibuf_I_O)         0.226     0.226 r  clk_IBUF_inst/O
                         net (fo=1, routed)           0.631     0.858    clk_IBUF
    BUFGCTRL_X0Y0        BUFG (Prop_bufg_I_O)         0.026     0.884 r  clk_IBUF_BUFG_inst/O
                         net (fo=29, routed)          0.583     1.466    c/clk_IBUF_BUFG
    SLICE_X63Y26         FDRE                                         r  c/slowClk3_reg/C
  -------------------------------------------------------------------    -------------------
    SLICE_X63Y26         FDRE (Prop_fdre_C_Q)         0.141     1.607 r  c/slowClk3_reg/Q
                         net (fo=12, routed)          0.180     1.788    c/CLK
    SLICE_X63Y26         LUT4 (Prop_lut4_I3_O)        0.045     1.833 r  c/slowClk3_i_1/O
                         net (fo=1, routed)           0.000     1.833    c/slowClk3_i_1_n_0
    SLICE_X63Y26         FDRE                                         r  c/slowClk3_reg/D
  -------------------------------------------------------------------    -------------------

                         (clock sys_clk_pin rise edge)
                                                      0.000     0.000 r  
    W5                                                0.000     0.000 r  clk (IN)
                         net (fo=0)                   0.000     0.000    clk
    W5                   IBUF (Prop_ibuf_I_O)         0.414     0.414 r  clk_IBUF_inst/O
                         net (fo=1, routed)           0.685     1.099    clk_IBUF
    BUFGCTRL_X0Y0        BUFG (Prop_bufg_I_O)         0.029     1.128 r  clk_IBUF_BUFG_inst/O
                         net (fo=29, routed)          0.851     1.978    c/clk_IBUF_BUFG
    SLICE_X63Y26         FDRE                                         r  c/slowClk3_reg/C
                         clock pessimism             -0.512     1.466    
    SLICE_X63Y26         FDRE (Hold_fdre_C_D)         0.091     1.557    c/slowClk3_reg
  -------------------------------------------------------------------
                         required time                         -1.557    
                         arrival time                           1.833    
  -------------------------------------------------------------------
                         slack                                  0.275    

Slack (MET) :             0.280ns  (arrival time - required time)
  Source:                 c/counter_reg[11]/C
                            (rising edge-triggered cell FDRE clocked by sys_clk_pin  {rise@0.000ns fall@5.000ns period=10.000ns})
  Destination:            c/counter_reg[11]/D
                            (rising edge-triggered cell FDRE clocked by sys_clk_pin  {rise@0.000ns fall@5.000ns period=10.000ns})
  Path Group:             sys_clk_pin
  Path Type:              Hold (Min at Fast Process Corner)
  Requirement:            0.000ns  (sys_clk_pin rise@0.000ns - sys_clk_pin rise@0.000ns)
  Data Path Delay:        0.385ns  (logic 0.252ns (65.529%)  route 0.133ns (34.471%))
  Logic Levels:           1  (CARRY4=1)
  Clock Path Skew:        0.000ns (DCD - SCD - CPR)
    Destination Clock Delay (DCD):    1.978ns
    Source Clock Delay      (SCD):    1.466ns
    Clock Pessimism Removal (CPR):    0.512ns

    Location             Delay type                Incr(ns)  Path(ns)    Netlist Resource(s)
  -------------------------------------------------------------------    -------------------
                         (clock sys_clk_pin rise edge)
                                                      0.000     0.000 r  
    W5                                                0.000     0.000 r  clk (IN)
                         net (fo=0)                   0.000     0.000    clk
    W5                   IBUF (Prop_ibuf_I_O)         0.226     0.226 r  clk_IBUF_inst/O
                         net (fo=1, routed)           0.631     0.858    clk_IBUF
    BUFGCTRL_X0Y0        BUFG (Prop_bufg_I_O)         0.026     0.884 r  clk_IBUF_BUFG_inst/O
                         net (fo=29, routed)          0.583     1.466    c/clk_IBUF_BUFG
    SLICE_X62Y23         FDRE                                         r  c/counter_reg[11]/C
  -------------------------------------------------------------------    -------------------
    SLICE_X62Y23         FDRE (Prop_fdre_C_Q)         0.141     1.607 r  c/counter_reg[11]/Q
                         net (fo=2, routed)           0.133     1.740    c/counter[11]
    SLICE_X62Y23         CARRY4 (Prop_carry4_S[2]_O[2])
                                                      0.111     1.851 r  c/counter0_carry__1/O[2]
                         net (fo=1, routed)           0.000     1.851    c/data0[11]
    SLICE_X62Y23         FDRE                                         r  c/counter_reg[11]/D
  -------------------------------------------------------------------    -------------------

                         (clock sys_clk_pin rise edge)
                                                      0.000     0.000 r  
    W5                                                0.000     0.000 r  clk (IN)
                         net (fo=0)                   0.000     0.000    clk
    W5                   IBUF (Prop_ibuf_I_O)         0.414     0.414 r  clk_IBUF_inst/O
                         net (fo=1, routed)           0.685     1.099    clk_IBUF
    BUFGCTRL_X0Y0        BUFG (Prop_bufg_I_O)         0.029     1.128 r  clk_IBUF_BUFG_inst/O
                         net (fo=29, routed)          0.851     1.978    c/clk_IBUF_BUFG
    SLICE_X62Y23         FDRE                                         r  c/counter_reg[11]/C
                         clock pessimism             -0.512     1.466    
    SLICE_X62Y23         FDRE (Hold_fdre_C_D)         0.105     1.571    c/counter_reg[11]
  -------------------------------------------------------------------
                         required time                         -1.571    
                         arrival time                           1.851    
  -------------------------------------------------------------------
                         slack                                  0.280    

Slack (MET) :             0.280ns  (arrival time - required time)
  Source:                 c/counter_reg[15]/C
                            (rising edge-triggered cell FDRE clocked by sys_clk_pin  {rise@0.000ns fall@5.000ns period=10.000ns})
  Destination:            c/counter_reg[15]/D
                            (rising edge-triggered cell FDRE clocked by sys_clk_pin  {rise@0.000ns fall@5.000ns period=10.000ns})
  Path Group:             sys_clk_pin
  Path Type:              Hold (Min at Fast Process Corner)
  Requirement:            0.000ns  (sys_clk_pin rise@0.000ns - sys_clk_pin rise@0.000ns)
  Data Path Delay:        0.385ns  (logic 0.252ns (65.529%)  route 0.133ns (34.471%))
  Logic Levels:           1  (CARRY4=1)
  Clock Path Skew:        0.000ns (DCD - SCD - CPR)
    Destination Clock Delay (DCD):    1.977ns
    Source Clock Delay      (SCD):    1.465ns
    Clock Pessimism Removal (CPR):    0.512ns

    Location             Delay type                Incr(ns)  Path(ns)    Netlist Resource(s)
  -------------------------------------------------------------------    -------------------
                         (clock sys_clk_pin rise edge)
                                                      0.000     0.000 r  
    W5                                                0.000     0.000 r  clk (IN)
                         net (fo=0)                   0.000     0.000    clk
    W5                   IBUF (Prop_ibuf_I_O)         0.226     0.226 r  clk_IBUF_inst/O
                         net (fo=1, routed)           0.631     0.858    clk_IBUF
    BUFGCTRL_X0Y0        BUFG (Prop_bufg_I_O)         0.026     0.884 r  clk_IBUF_BUFG_inst/O
                         net (fo=29, routed)          0.582     1.465    c/clk_IBUF_BUFG
    SLICE_X62Y24         FDRE                                         r  c/counter_reg[15]/C
  -------------------------------------------------------------------    -------------------
    SLICE_X62Y24         FDRE (Prop_fdre_C_Q)         0.141     1.606 r  c/counter_reg[15]/Q
                         net (fo=2, routed)           0.133     1.739    c/counter[15]
    SLICE_X62Y24         CARRY4 (Prop_carry4_S[2]_O[2])
                                                      0.111     1.850 r  c/counter0_carry__2/O[2]
                         net (fo=1, routed)           0.000     1.850    c/data0[15]
    SLICE_X62Y24         FDRE                                         r  c/counter_reg[15]/D
  -------------------------------------------------------------------    -------------------

                         (clock sys_clk_pin rise edge)
                                                      0.000     0.000 r  
    W5                                                0.000     0.000 r  clk (IN)
                         net (fo=0)                   0.000     0.000    clk
    W5                   IBUF (Prop_ibuf_I_O)         0.414     0.414 r  clk_IBUF_inst/O
                         net (fo=1, routed)           0.685     1.099    clk_IBUF
    BUFGCTRL_X0Y0        BUFG (Prop_bufg_I_O)         0.029     1.128 r  clk_IBUF_BUFG_inst/O
                         net (fo=29, routed)          0.850     1.977    c/clk_IBUF_BUFG
    SLICE_X62Y24         FDRE                                         r  c/counter_reg[15]/C
                         clock pessimism             -0.512     1.465    
    SLICE_X62Y24         FDRE (Hold_fdre_C_D)         0.105     1.570    c/counter_reg[15]
  -------------------------------------------------------------------
                         required time                         -1.570    
                         arrival time                           1.850    
  -------------------------------------------------------------------
                         slack                                  0.280    

Slack (MET) :             0.280ns  (arrival time - required time)
  Source:                 c/counter_reg[27]/C
                            (rising edge-triggered cell FDRE clocked by sys_clk_pin  {rise@0.000ns fall@5.000ns period=10.000ns})
  Destination:            c/counter_reg[27]/D
                            (rising edge-triggered cell FDRE clocked by sys_clk_pin  {rise@0.000ns fall@5.000ns period=10.000ns})
  Path Group:             sys_clk_pin
  Path Type:              Hold (Min at Fast Process Corner)
  Requirement:            0.000ns  (sys_clk_pin rise@0.000ns - sys_clk_pin rise@0.000ns)
  Data Path Delay:        0.385ns  (logic 0.252ns (65.529%)  route 0.133ns (34.471%))
  Logic Levels:           1  (CARRY4=1)
  Clock Path Skew:        0.000ns (DCD - SCD - CPR)
    Destination Clock Delay (DCD):    1.980ns
    Source Clock Delay      (SCD):    1.468ns
    Clock Pessimism Removal (CPR):    0.512ns

    Location             Delay type                Incr(ns)  Path(ns)    Netlist Resource(s)
  -------------------------------------------------------------------    -------------------
                         (clock sys_clk_pin rise edge)
                                                      0.000     0.000 r  
    W5                                                0.000     0.000 r  clk (IN)
                         net (fo=0)                   0.000     0.000    clk
    W5                   IBUF (Prop_ibuf_I_O)         0.226     0.226 r  clk_IBUF_inst/O
                         net (fo=1, routed)           0.631     0.858    clk_IBUF
    BUFGCTRL_X0Y0        BUFG (Prop_bufg_I_O)         0.026     0.884 r  clk_IBUF_BUFG_inst/O
                         net (fo=29, routed)          0.585     1.468    c/clk_IBUF_BUFG
    SLICE_X62Y27         FDRE                                         r  c/counter_reg[27]/C
  -------------------------------------------------------------------    -------------------
    SLICE_X62Y27         FDRE (Prop_fdre_C_Q)         0.141     1.609 r  c/counter_reg[27]/Q
                         net (fo=2, routed)           0.133     1.742    c/counter[27]
    SLICE_X62Y27         CARRY4 (Prop_carry4_S[2]_O[2])
                                                      0.111     1.853 r  c/counter0_carry__5/O[2]
                         net (fo=1, routed)           0.000     1.853    c/data0[27]
    SLICE_X62Y27         FDRE                                         r  c/counter_reg[27]/D
  -------------------------------------------------------------------    -------------------

                         (clock sys_clk_pin rise edge)
                                                      0.000     0.000 r  
    W5                                                0.000     0.000 r  clk (IN)
                         net (fo=0)                   0.000     0.000    clk
    W5                   IBUF (Prop_ibuf_I_O)         0.414     0.414 r  clk_IBUF_inst/O
                         net (fo=1, routed)           0.685     1.099    clk_IBUF
    BUFGCTRL_X0Y0        BUFG (Prop_bufg_I_O)         0.029     1.128 r  clk_IBUF_BUFG_inst/O
                         net (fo=29, routed)          0.853     1.980    c/clk_IBUF_BUFG
    SLICE_X62Y27         FDRE                                         r  c/counter_reg[27]/C
                         clock pessimism             -0.512     1.468    
    SLICE_X62Y27         FDRE (Hold_fdre_C_D)         0.105     1.573    c/counter_reg[27]
  -------------------------------------------------------------------
                         required time                         -1.573    
                         arrival time                           1.853    
  -------------------------------------------------------------------
                         slack                                  0.280    

Slack (MET) :             0.280ns  (arrival time - required time)
  Source:                 c/counter_reg[3]/C
                            (rising edge-triggered cell FDRE clocked by sys_clk_pin  {rise@0.000ns fall@5.000ns period=10.000ns})
  Destination:            c/counter_reg[3]/D
                            (rising edge-triggered cell FDRE clocked by sys_clk_pin  {rise@0.000ns fall@5.000ns period=10.000ns})
  Path Group:             sys_clk_pin
  Path Type:              Hold (Min at Fast Process Corner)
  Requirement:            0.000ns  (sys_clk_pin rise@0.000ns - sys_clk_pin rise@0.000ns)
  Data Path Delay:        0.385ns  (logic 0.252ns (65.501%)  route 0.133ns (34.499%))
  Logic Levels:           1  (CARRY4=1)
  Clock Path Skew:        0.000ns (DCD - SCD - CPR)
    Destination Clock Delay (DCD):    1.981ns
    Source Clock Delay      (SCD):    1.468ns
    Clock Pessimism Removal (CPR):    0.513ns

    Location             Delay type                Incr(ns)  Path(ns)    Netlist Resource(s)
  -------------------------------------------------------------------    -------------------
                         (clock sys_clk_pin rise edge)
                                                      0.000     0.000 r  
    W5                                                0.000     0.000 r  clk (IN)
                         net (fo=0)                   0.000     0.000    clk
    W5                   IBUF (Prop_ibuf_I_O)         0.226     0.226 r  clk_IBUF_inst/O
                         net (fo=1, routed)           0.631     0.858    clk_IBUF
    BUFGCTRL_X0Y0        BUFG (Prop_bufg_I_O)         0.026     0.884 r  clk_IBUF_BUFG_inst/O
                         net (fo=29, routed)          0.585     1.468    c/clk_IBUF_BUFG
    SLICE_X62Y21         FDRE                                         r  c/counter_reg[3]/C
  -------------------------------------------------------------------    -------------------
    SLICE_X62Y21         FDRE (Prop_fdre_C_Q)         0.141     1.609 r  c/counter_reg[3]/Q
                         net (fo=2, routed)           0.133     1.742    c/counter[3]
    SLICE_X62Y21         CARRY4 (Prop_carry4_S[2]_O[2])
                                                      0.111     1.853 r  c/counter0_carry/O[2]
                         net (fo=1, routed)           0.000     1.853    c/data0[3]
    SLICE_X62Y21         FDRE                                         r  c/counter_reg[3]/D
  -------------------------------------------------------------------    -------------------

                         (clock sys_clk_pin rise edge)
                                                      0.000     0.000 r  
    W5                                                0.000     0.000 r  clk (IN)
                         net (fo=0)                   0.000     0.000    clk
    W5                   IBUF (Prop_ibuf_I_O)         0.414     0.414 r  clk_IBUF_inst/O
                         net (fo=1, routed)           0.685     1.099    clk_IBUF
    BUFGCTRL_X0Y0        BUFG (Prop_bufg_I_O)         0.029     1.128 r  clk_IBUF_BUFG_inst/O
                         net (fo=29, routed)          0.854     1.981    c/clk_IBUF_BUFG
    SLICE_X62Y21         FDRE                                         r  c/counter_reg[3]/C
                         clock pessimism             -0.513     1.468    
    SLICE_X62Y21         FDRE (Hold_fdre_C_D)         0.105     1.573    c/counter_reg[3]
  -------------------------------------------------------------------
                         required time                         -1.573    
                         arrival time                           1.853    
  -------------------------------------------------------------------
                         slack                                  0.280    

Slack (MET) :             0.280ns  (arrival time - required time)
  Source:                 c/counter_reg[23]/C
                            (rising edge-triggered cell FDRE clocked by sys_clk_pin  {rise@0.000ns fall@5.000ns period=10.000ns})
  Destination:            c/counter_reg[23]/D
                            (rising edge-triggered cell FDRE clocked by sys_clk_pin  {rise@0.000ns fall@5.000ns period=10.000ns})
  Path Group:             sys_clk_pin
  Path Type:              Hold (Min at Fast Process Corner)
  Requirement:            0.000ns  (sys_clk_pin rise@0.000ns - sys_clk_pin rise@0.000ns)
  Data Path Delay:        0.385ns  (logic 0.252ns (65.465%)  route 0.133ns (34.535%))
  Logic Levels:           1  (CARRY4=1)
  Clock Path Skew:        0.000ns (DCD - SCD - CPR)
    Destination Clock Delay (DCD):    1.978ns
    Source Clock Delay      (SCD):    1.466ns
    Clock Pessimism Removal (CPR):    0.512ns

    Location             Delay type                Incr(ns)  Path(ns)    Netlist Resource(s)
  -------------------------------------------------------------------    -------------------
                         (clock sys_clk_pin rise edge)
                                                      0.000     0.000 r  
    W5                                                0.000     0.000 r  clk (IN)
                         net (fo=0)                   0.000     0.000    clk
    W5                   IBUF (Prop_ibuf_I_O)         0.226     0.226 r  clk_IBUF_inst/O
                         net (fo=1, routed)           0.631     0.858    clk_IBUF
    BUFGCTRL_X0Y0        BUFG (Prop_bufg_I_O)         0.026     0.884 r  clk_IBUF_BUFG_inst/O
                         net (fo=29, routed)          0.583     1.466    c/clk_IBUF_BUFG
    SLICE_X62Y26         FDRE                                         r  c/counter_reg[23]/C
  -------------------------------------------------------------------    -------------------
    SLICE_X62Y26         FDRE (Prop_fdre_C_Q)         0.141     1.607 r  c/counter_reg[23]/Q
                         net (fo=2, routed)           0.133     1.740    c/counter[23]
    SLICE_X62Y26         CARRY4 (Prop_carry4_S[2]_O[2])
                                                      0.111     1.851 r  c/counter0_carry__4/O[2]
                         net (fo=1, routed)           0.000     1.851    c/data0[23]
    SLICE_X62Y26         FDRE                                         r  c/counter_reg[23]/D
  -------------------------------------------------------------------    -------------------

                         (clock sys_clk_pin rise edge)
                                                      0.000     0.000 r  
    W5                                                0.000     0.000 r  clk (IN)
                         net (fo=0)                   0.000     0.000    clk
    W5                   IBUF (Prop_ibuf_I_O)         0.414     0.414 r  clk_IBUF_inst/O
                         net (fo=1, routed)           0.685     1.099    clk_IBUF
    BUFGCTRL_X0Y0        BUFG (Prop_bufg_I_O)         0.029     1.128 r  clk_IBUF_BUFG_inst/O
                         net (fo=29, routed)          0.851     1.978    c/clk_IBUF_BUFG
    SLICE_X62Y26         FDRE                                         r  c/counter_reg[23]/C
                         clock pessimism             -0.512     1.466    
    SLICE_X62Y26         FDRE (Hold_fdre_C_D)         0.105     1.571    c/counter_reg[23]
  -------------------------------------------------------------------
                         required time                         -1.571    
                         arrival time                           1.851    
  -------------------------------------------------------------------
                         slack                                  0.280    

Slack (MET) :             0.280ns  (arrival time - required time)
  Source:                 c/counter_reg[7]/C
                            (rising edge-triggered cell FDRE clocked by sys_clk_pin  {rise@0.000ns fall@5.000ns period=10.000ns})
  Destination:            c/counter_reg[7]/D
                            (rising edge-triggered cell FDRE clocked by sys_clk_pin  {rise@0.000ns fall@5.000ns period=10.000ns})
  Path Group:             sys_clk_pin
  Path Type:              Hold (Min at Fast Process Corner)
  Requirement:            0.000ns  (sys_clk_pin rise@0.000ns - sys_clk_pin rise@0.000ns)
  Data Path Delay:        0.385ns  (logic 0.252ns (65.465%)  route 0.133ns (34.535%))
  Logic Levels:           1  (CARRY4=1)
  Clock Path Skew:        0.000ns (DCD - SCD - CPR)
    Destination Clock Delay (DCD):    1.980ns
    Source Clock Delay      (SCD):    1.468ns
    Clock Pessimism Removal (CPR):    0.512ns

    Location             Delay type                Incr(ns)  Path(ns)    Netlist Resource(s)
  -------------------------------------------------------------------    -------------------
                         (clock sys_clk_pin rise edge)
                                                      0.000     0.000 r  
    W5                                                0.000     0.000 r  clk (IN)
                         net (fo=0)                   0.000     0.000    clk
    W5                   IBUF (Prop_ibuf_I_O)         0.226     0.226 r  clk_IBUF_inst/O
                         net (fo=1, routed)           0.631     0.858    clk_IBUF
    BUFGCTRL_X0Y0        BUFG (Prop_bufg_I_O)         0.026     0.884 r  clk_IBUF_BUFG_inst/O
                         net (fo=29, routed)          0.585     1.468    c/clk_IBUF_BUFG
    SLICE_X62Y22         FDRE                                         r  c/counter_reg[7]/C
  -------------------------------------------------------------------    -------------------
    SLICE_X62Y22         FDRE (Prop_fdre_C_Q)         0.141     1.609 r  c/counter_reg[7]/Q
                         net (fo=2, routed)           0.133     1.742    c/counter[7]
    SLICE_X62Y22         CARRY4 (Prop_carry4_S[2]_O[2])
                                                      0.111     1.853 r  c/counter0_carry__0/O[2]
                         net (fo=1, routed)           0.000     1.853    c/data0[7]
    SLICE_X62Y22         FDRE                                         r  c/counter_reg[7]/D
  -------------------------------------------------------------------    -------------------

                         (clock sys_clk_pin rise edge)
                                                      0.000     0.000 r  
    W5                                                0.000     0.000 r  clk (IN)
                         net (fo=0)                   0.000     0.000    clk
    W5                   IBUF (Prop_ibuf_I_O)         0.414     0.414 r  clk_IBUF_inst/O
                         net (fo=1, routed)           0.685     1.099    clk_IBUF
    BUFGCTRL_X0Y0        BUFG (Prop_bufg_I_O)         0.029     1.128 r  clk_IBUF_BUFG_inst/O
                         net (fo=29, routed)          0.853     1.980    c/clk_IBUF_BUFG
    SLICE_X62Y22         FDRE                                         r  c/counter_reg[7]/C
                         clock pessimism             -0.512     1.468    
    SLICE_X62Y22         FDRE (Hold_fdre_C_D)         0.105     1.573    c/counter_reg[7]
  -------------------------------------------------------------------
                         required time                         -1.573    
                         arrival time                           1.853    
  -------------------------------------------------------------------
                         slack                                  0.280    

Slack (MET) :             0.281ns  (arrival time - required time)
  Source:                 c/counter_reg[19]/C
                            (rising edge-triggered cell FDRE clocked by sys_clk_pin  {rise@0.000ns fall@5.000ns period=10.000ns})
  Destination:            c/counter_reg[19]/D
                            (rising edge-triggered cell FDRE clocked by sys_clk_pin  {rise@0.000ns fall@5.000ns period=10.000ns})
  Path Group:             sys_clk_pin
  Path Type:              Hold (Min at Fast Process Corner)
  Requirement:            0.000ns  (sys_clk_pin rise@0.000ns - sys_clk_pin rise@0.000ns)
  Data Path Delay:        0.386ns  (logic 0.252ns (65.343%)  route 0.134ns (34.657%))
  Logic Levels:           1  (CARRY4=1)
  Clock Path Skew:        0.000ns (DCD - SCD - CPR)
    Destination Clock Delay (DCD):    1.977ns
    Source Clock Delay      (SCD):    1.465ns
    Clock Pessimism Removal (CPR):    0.512ns

    Location             Delay type                Incr(ns)  Path(ns)    Netlist Resource(s)
  -------------------------------------------------------------------    -------------------
                         (clock sys_clk_pin rise edge)
                                                      0.000     0.000 r  
    W5                                                0.000     0.000 r  clk (IN)
                         net (fo=0)                   0.000     0.000    clk
    W5                   IBUF (Prop_ibuf_I_O)         0.226     0.226 r  clk_IBUF_inst/O
                         net (fo=1, routed)           0.631     0.858    clk_IBUF
    BUFGCTRL_X0Y0        BUFG (Prop_bufg_I_O)         0.026     0.884 r  clk_IBUF_BUFG_inst/O
                         net (fo=29, routed)          0.582     1.465    c/clk_IBUF_BUFG
    SLICE_X62Y25         FDRE                                         r  c/counter_reg[19]/C
  -------------------------------------------------------------------    -------------------
    SLICE_X62Y25         FDRE (Prop_fdre_C_Q)         0.141     1.606 r  c/counter_reg[19]/Q
                         net (fo=2, routed)           0.134     1.740    c/counter[19]
    SLICE_X62Y25         CARRY4 (Prop_carry4_S[2]_O[2])
                                                      0.111     1.851 r  c/counter0_carry__3/O[2]
                         net (fo=1, routed)           0.000     1.851    c/data0[19]
    SLICE_X62Y25         FDRE                                         r  c/counter_reg[19]/D
  -------------------------------------------------------------------    -------------------

                         (clock sys_clk_pin rise edge)
                                                      0.000     0.000 r  
    W5                                                0.000     0.000 r  clk (IN)
                         net (fo=0)                   0.000     0.000    clk
    W5                   IBUF (Prop_ibuf_I_O)         0.414     0.414 r  clk_IBUF_inst/O
                         net (fo=1, routed)           0.685     1.099    clk_IBUF
    BUFGCTRL_X0Y0        BUFG (Prop_bufg_I_O)         0.029     1.128 r  clk_IBUF_BUFG_inst/O
                         net (fo=29, routed)          0.850     1.977    c/clk_IBUF_BUFG
    SLICE_X62Y25         FDRE                                         r  c/counter_reg[19]/C
                         clock pessimism             -0.512     1.465    
    SLICE_X62Y25         FDRE (Hold_fdre_C_D)         0.105     1.570    c/counter_reg[19]
  -------------------------------------------------------------------
                         required time                         -1.570    
                         arrival time                           1.851    
  -------------------------------------------------------------------
                         slack                                  0.281    

Slack (MET) :             0.304ns  (arrival time - required time)
  Source:                 c/counter_reg[0]/C
                            (rising edge-triggered cell FDRE clocked by sys_clk_pin  {rise@0.000ns fall@5.000ns period=10.000ns})
  Destination:            c/counter_reg[1]/D
                            (rising edge-triggered cell FDRE clocked by sys_clk_pin  {rise@0.000ns fall@5.000ns period=10.000ns})
  Path Group:             sys_clk_pin
  Path Type:              Hold (Min at Fast Process Corner)
  Requirement:            0.000ns  (sys_clk_pin rise@0.000ns - sys_clk_pin rise@0.000ns)
  Data Path Delay:        0.422ns  (logic 0.288ns (68.221%)  route 0.134ns (31.779%))
  Logic Levels:           1  (CARRY4=1)
  Clock Path Skew:        0.013ns (DCD - SCD - CPR)
    Destination Clock Delay (DCD):    1.981ns
    Source Clock Delay      (SCD):    1.468ns
    Clock Pessimism Removal (CPR):    0.500ns

    Location             Delay type                Incr(ns)  Path(ns)    Netlist Resource(s)
  -------------------------------------------------------------------    -------------------
                         (clock sys_clk_pin rise edge)
                                                      0.000     0.000 r  
    W5                                                0.000     0.000 r  clk (IN)
                         net (fo=0)                   0.000     0.000    clk
    W5                   IBUF (Prop_ibuf_I_O)         0.226     0.226 r  clk_IBUF_inst/O
                         net (fo=1, routed)           0.631     0.858    clk_IBUF
    BUFGCTRL_X0Y0        BUFG (Prop_bufg_I_O)         0.026     0.884 r  clk_IBUF_BUFG_inst/O
                         net (fo=29, routed)          0.585     1.468    c/clk_IBUF_BUFG
    SLICE_X63Y21         FDRE                                         r  c/counter_reg[0]/C
  -------------------------------------------------------------------    -------------------
    SLICE_X63Y21         FDRE (Prop_fdre_C_Q)         0.141     1.609 r  c/counter_reg[0]/Q
                         net (fo=3, routed)           0.134     1.743    c/counter[0]
    SLICE_X62Y21         CARRY4 (Prop_carry4_CYINIT_O[0])
                                                      0.147     1.890 r  c/counter0_carry/O[0]
                         net (fo=1, routed)           0.000     1.890    c/data0[1]
    SLICE_X62Y21         FDRE                                         r  c/counter_reg[1]/D
  -------------------------------------------------------------------    -------------------

                         (clock sys_clk_pin rise edge)
                                                      0.000     0.000 r  
    W5                                                0.000     0.000 r  clk (IN)
                         net (fo=0)                   0.000     0.000    clk
    W5                   IBUF (Prop_ibuf_I_O)         0.414     0.414 r  clk_IBUF_inst/O
                         net (fo=1, routed)           0.685     1.099    clk_IBUF
    BUFGCTRL_X0Y0        BUFG (Prop_bufg_I_O)         0.029     1.128 r  clk_IBUF_BUFG_inst/O
                         net (fo=29, routed)          0.854     1.981    c/clk_IBUF_BUFG
    SLICE_X62Y21         FDRE                                         r  c/counter_reg[1]/C
                         clock pessimism             -0.500     1.481    
    SLICE_X62Y21         FDRE (Hold_fdre_C_D)         0.105     1.586    c/counter_reg[1]
  -------------------------------------------------------------------
                         required time                         -1.586    
                         arrival time                           1.890    
  -------------------------------------------------------------------
                         slack                                  0.304    

Slack (MET) :             0.313ns  (arrival time - required time)
  Source:                 c/counter_reg[11]/C
                            (rising edge-triggered cell FDRE clocked by sys_clk_pin  {rise@0.000ns fall@5.000ns period=10.000ns})
  Destination:            c/counter_reg[12]/D
                            (rising edge-triggered cell FDRE clocked by sys_clk_pin  {rise@0.000ns fall@5.000ns period=10.000ns})
  Path Group:             sys_clk_pin
  Path Type:              Hold (Min at Fast Process Corner)
  Requirement:            0.000ns  (sys_clk_pin rise@0.000ns - sys_clk_pin rise@0.000ns)
  Data Path Delay:        0.418ns  (logic 0.285ns (68.253%)  route 0.133ns (31.747%))
  Logic Levels:           1  (CARRY4=1)
  Clock Path Skew:        0.000ns (DCD - SCD - CPR)
    Destination Clock Delay (DCD):    1.978ns
    Source Clock Delay      (SCD):    1.466ns
    Clock Pessimism Removal (CPR):    0.512ns

    Location             Delay type                Incr(ns)  Path(ns)    Netlist Resource(s)
  -------------------------------------------------------------------    -------------------
                         (clock sys_clk_pin rise edge)
                                                      0.000     0.000 r  
    W5                                                0.000     0.000 r  clk (IN)
                         net (fo=0)                   0.000     0.000    clk
    W5                   IBUF (Prop_ibuf_I_O)         0.226     0.226 r  clk_IBUF_inst/O
                         net (fo=1, routed)           0.631     0.858    clk_IBUF
    BUFGCTRL_X0Y0        BUFG (Prop_bufg_I_O)         0.026     0.884 r  clk_IBUF_BUFG_inst/O
                         net (fo=29, routed)          0.583     1.466    c/clk_IBUF_BUFG
    SLICE_X62Y23         FDRE                                         r  c/counter_reg[11]/C
  -------------------------------------------------------------------    -------------------
    SLICE_X62Y23         FDRE (Prop_fdre_C_Q)         0.141     1.607 r  c/counter_reg[11]/Q
                         net (fo=2, routed)           0.133     1.740    c/counter[11]
    SLICE_X62Y23         CARRY4 (Prop_carry4_S[2]_O[3])
                                                      0.144     1.884 r  c/counter0_carry__1/O[3]
                         net (fo=1, routed)           0.000     1.884    c/data0[12]
    SLICE_X62Y23         FDRE                                         r  c/counter_reg[12]/D
  -------------------------------------------------------------------    -------------------

                         (clock sys_clk_pin rise edge)
                                                      0.000     0.000 r  
    W5                                                0.000     0.000 r  clk (IN)
                         net (fo=0)                   0.000     0.000    clk
    W5                   IBUF (Prop_ibuf_I_O)         0.414     0.414 r  clk_IBUF_inst/O
                         net (fo=1, routed)           0.685     1.099    clk_IBUF
    BUFGCTRL_X0Y0        BUFG (Prop_bufg_I_O)         0.029     1.128 r  clk_IBUF_BUFG_inst/O
                         net (fo=29, routed)          0.851     1.978    c/clk_IBUF_BUFG
    SLICE_X62Y23         FDRE                                         r  c/counter_reg[12]/C
                         clock pessimism             -0.512     1.466    
    SLICE_X62Y23         FDRE (Hold_fdre_C_D)         0.105     1.571    c/counter_reg[12]
  -------------------------------------------------------------------
                         required time                         -1.571    
                         arrival time                           1.884    
  -------------------------------------------------------------------
                         slack                                  0.313    





Pulse Width Checks
--------------------------------------------------------------------------------------
Clock Name:         sys_clk_pin
Waveform(ns):       { 0.000 5.000 }
Period(ns):         10.000
Sources:            { clk }

Check Type        Corner  Lib Pin  Reference Pin  Required(ns)  Actual(ns)  Slack(ns)  Location       Pin
Min Period        n/a     BUFG/I   n/a            2.155         10.000      7.845      BUFGCTRL_X0Y0  clk_IBUF_BUFG_inst/I
Min Period        n/a     FDRE/C   n/a            1.000         10.000      9.000      SLICE_X63Y21   c/counter_reg[0]/C
Min Period        n/a     FDRE/C   n/a            1.000         10.000      9.000      SLICE_X62Y23   c/counter_reg[10]/C
Min Period        n/a     FDRE/C   n/a            1.000         10.000      9.000      SLICE_X62Y23   c/counter_reg[11]/C
Min Period        n/a     FDRE/C   n/a            1.000         10.000      9.000      SLICE_X62Y23   c/counter_reg[12]/C
Min Period        n/a     FDRE/C   n/a            1.000         10.000      9.000      SLICE_X62Y24   c/counter_reg[13]/C
Min Period        n/a     FDRE/C   n/a            1.000         10.000      9.000      SLICE_X62Y24   c/counter_reg[14]/C
Min Period        n/a     FDRE/C   n/a            1.000         10.000      9.000      SLICE_X62Y24   c/counter_reg[15]/C
Min Period        n/a     FDRE/C   n/a            1.000         10.000      9.000      SLICE_X62Y24   c/counter_reg[16]/C
Min Period        n/a     FDRE/C   n/a            1.000         10.000      9.000      SLICE_X62Y25   c/counter_reg[17]/C
Low Pulse Width   Slow    FDRE/C   n/a            0.500         5.000       4.500      SLICE_X63Y21   c/counter_reg[0]/C
Low Pulse Width   Fast    FDRE/C   n/a            0.500         5.000       4.500      SLICE_X63Y21   c/counter_reg[0]/C
Low Pulse Width   Fast    FDRE/C   n/a            0.500         5.000       4.500      SLICE_X62Y23   c/counter_reg[10]/C
Low Pulse Width   Fast    FDRE/C   n/a            0.500         5.000       4.500      SLICE_X62Y23   c/counter_reg[11]/C
Low Pulse Width   Fast    FDRE/C   n/a            0.500         5.000       4.500      SLICE_X62Y23   c/counter_reg[12]/C
Low Pulse Width   Fast    FDRE/C   n/a            0.500         5.000       4.500      SLICE_X62Y24   c/counter_reg[13]/C
Low Pulse Width   Fast    FDRE/C   n/a            0.500         5.000       4.500      SLICE_X62Y24   c/counter_reg[14]/C
Low Pulse Width   Fast    FDRE/C   n/a            0.500         5.000       4.500      SLICE_X62Y24   c/counter_reg[15]/C
Low Pulse Width   Fast    FDRE/C   n/a            0.500         5.000       4.500      SLICE_X62Y24   c/counter_reg[16]/C
Low Pulse Width   Fast    FDRE/C   n/a            0.500         5.000       4.500      SLICE_X62Y25   c/counter_reg[17]/C
High Pulse Width  Slow    FDRE/C   n/a            0.500         5.000       4.500      SLICE_X62Y23   c/counter_reg[10]/C
High Pulse Width  Slow    FDRE/C   n/a            0.500         5.000       4.500      SLICE_X62Y23   c/counter_reg[11]/C
High Pulse Width  Slow    FDRE/C   n/a            0.500         5.000       4.500      SLICE_X62Y23   c/counter_reg[12]/C
High Pulse Width  Slow    FDRE/C   n/a            0.500         5.000       4.500      SLICE_X62Y24   c/counter_reg[13]/C
High Pulse Width  Slow    FDRE/C   n/a            0.500         5.000       4.500      SLICE_X62Y24   c/counter_reg[14]/C
High Pulse Width  Slow    FDRE/C   n/a            0.500         5.000       4.500      SLICE_X62Y24   c/counter_reg[15]/C
High Pulse Width  Slow    FDRE/C   n/a            0.500         5.000       4.500      SLICE_X62Y24   c/counter_reg[16]/C
High Pulse Width  Slow    FDRE/C   n/a            0.500         5.000       4.500      SLICE_X62Y25   c/counter_reg[17]/C
High Pulse Width  Slow    FDRE/C   n/a            0.500         5.000       4.500      SLICE_X62Y25   c/counter_reg[18]/C
High Pulse Width  Slow    FDRE/C   n/a            0.500         5.000       4.500      SLICE_X62Y25   c/counter_reg[19]/C



