
*** Running vivado
    with args -log LightController.vds -m64 -product Vivado -mode batch -messageDb vivado.pb -notrace -source LightController.tcl


****** Vivado v2017.4 (64-bit)
  **** SW Build 2086221 on Fri Dec 15 20:55:39 MST 2017
  **** IP Build 2085800 on Fri Dec 15 22:25:07 MST 2017
    ** Copyright 1986-2017 Xilinx, Inc. All Rights Reserved.

source LightController.tcl -notrace
Command: synth_design -top LightController -part xc7a35tcpg236-1
Starting synth_design
Attempting to get a license for feature 'Synthesis' and/or device 'xc7a35t'
INFO: [Common 17-349] Got license for feature 'Synthesis' and/or device 'xc7a35t'
INFO: Launching helper process for spawning children vivado processes
INFO: Helper process launched with PID 3148 
---------------------------------------------------------------------------------
Starting RTL Elaboration : Time (s): cpu = 00:00:05 ; elapsed = 00:00:06 . Memory (MB): peak = 345.957 ; gain = 101.742
---------------------------------------------------------------------------------
INFO: [Synth 8-638] synthesizing module 'LightController' [D:/Users/pnguy/Documents/GitHub/460M-HDL-Design/project_3/project_3.srcs/sources_1/new/StopLight.v:127]
INFO: [Synth 8-638] synthesizing module 'simpleDivider' [D:/Users/pnguy/Documents/GitHub/460M-HDL-Design/project_3/project_3.srcs/sources_1/imports/project_2/EE 460M_Lab2_Starter_File.v:2]
INFO: [Synth 8-256] done synthesizing module 'simpleDivider' (1#1) [D:/Users/pnguy/Documents/GitHub/460M-HDL-Design/project_3/project_3.srcs/sources_1/imports/project_2/EE 460M_Lab2_Starter_File.v:2]
INFO: [Synth 8-638] synthesizing module 'clockDivider_2Hz' [D:/Users/pnguy/Documents/GitHub/460M-HDL-Design/project_3/project_3.srcs/sources_1/imports/project_2/EE 460M_Lab2_Starter_File.v:76]
INFO: [Synth 8-256] done synthesizing module 'clockDivider_2Hz' (2#1) [D:/Users/pnguy/Documents/GitHub/460M-HDL-Design/project_3/project_3.srcs/sources_1/imports/project_2/EE 460M_Lab2_Starter_File.v:76]
INFO: [Synth 8-638] synthesizing module 'StopLight' [D:/Users/pnguy/Documents/GitHub/460M-HDL-Design/project_3/project_3.srcs/sources_1/new/StopLight.v:2]
WARNING: [Synth 8-567] referenced signal 'state' should be on the sensitivity list [D:/Users/pnguy/Documents/GitHub/460M-HDL-Design/project_3/project_3.srcs/sources_1/new/StopLight.v:33]
INFO: [Synth 8-256] done synthesizing module 'StopLight' (3#1) [D:/Users/pnguy/Documents/GitHub/460M-HDL-Design/project_3/project_3.srcs/sources_1/new/StopLight.v:2]
WARNING: [Synth 8-3848] Net slow_clk1 in module/entity LightController does not have driver. [D:/Users/pnguy/Documents/GitHub/460M-HDL-Design/project_3/project_3.srcs/sources_1/new/StopLight.v:130]
WARNING: [Synth 8-3848] Net clk100Mhz in module/entity LightController does not have driver. [D:/Users/pnguy/Documents/GitHub/460M-HDL-Design/project_3/project_3.srcs/sources_1/new/StopLight.v:132]
INFO: [Synth 8-256] done synthesizing module 'LightController' (4#1) [D:/Users/pnguy/Documents/GitHub/460M-HDL-Design/project_3/project_3.srcs/sources_1/new/StopLight.v:127]
---------------------------------------------------------------------------------
Finished RTL Elaboration : Time (s): cpu = 00:00:06 ; elapsed = 00:00:07 . Memory (MB): peak = 397.629 ; gain = 153.414
---------------------------------------------------------------------------------

Report Check Netlist: 
+------+------------------+-------+---------+-------+------------------+
|      |Item              |Errors |Warnings |Status |Description       |
+------+------------------+-------+---------+-------+------------------+
|1     |multi_driven_nets |      0|        0|Passed |Multi driven nets |
+------+------------------+-------+---------+-------+------------------+
WARNING: [Synth 8-3295] tying undriven pin nolabel_line132:clk100Mhz to constant 0 [D:/Users/pnguy/Documents/GitHub/460M-HDL-Design/project_3/project_3.srcs/sources_1/new/StopLight.v:132]
---------------------------------------------------------------------------------
Finished RTL Optimization Phase 1 : Time (s): cpu = 00:00:06 ; elapsed = 00:00:07 . Memory (MB): peak = 397.629 ; gain = 153.414
---------------------------------------------------------------------------------
INFO: [Device 21-403] Loading part xc7a35tcpg236-1
INFO: [Project 1-570] Preparing netlist for logic optimization

Processing XDC Constraints
Initializing timing engine
Parsing XDC File [D:/Users/pnguy/Documents/GitHub/460M-HDL-Design/project_3/project_3.srcs/constrs_1/imports/460M-HDL-Design/Basys3_Master.xdc]
Finished Parsing XDC File [D:/Users/pnguy/Documents/GitHub/460M-HDL-Design/project_3/project_3.srcs/constrs_1/imports/460M-HDL-Design/Basys3_Master.xdc]
INFO: [Project 1-236] Implementation specific constraints were found while reading constraint file [D:/Users/pnguy/Documents/GitHub/460M-HDL-Design/project_3/project_3.srcs/constrs_1/imports/460M-HDL-Design/Basys3_Master.xdc]. These constraints will be ignored for synthesis but will be used in implementation. Impacted constraints are listed in the file [.Xil/LightController_propImpl.xdc].
Resolution: To avoid this warning, move constraints listed in [.Xil/LightController_propImpl.xdc] to another XDC file and exclude this new file from synthesis with the used_in_synthesis property (File Properties dialog in GUI) and re-run elaboration/synthesis.
Completed Processing XDC Constraints

INFO: [Project 1-111] Unisim Transformation Summary:
No Unisim elements were transformed.

Constraint Validation Runtime : Time (s): cpu = 00:00:00 ; elapsed = 00:00:00.003 . Memory (MB): peak = 733.809 ; gain = 0.000
---------------------------------------------------------------------------------
Finished Constraint Validation : Time (s): cpu = 00:00:18 ; elapsed = 00:00:20 . Memory (MB): peak = 733.809 ; gain = 489.594
---------------------------------------------------------------------------------
---------------------------------------------------------------------------------
Start Loading Part and Timing Information
---------------------------------------------------------------------------------
Loading part: xc7a35tcpg236-1
---------------------------------------------------------------------------------
Finished Loading Part and Timing Information : Time (s): cpu = 00:00:18 ; elapsed = 00:00:20 . Memory (MB): peak = 733.809 ; gain = 489.594
---------------------------------------------------------------------------------
---------------------------------------------------------------------------------
Start Applying 'set_property' XDC Constraints
---------------------------------------------------------------------------------
---------------------------------------------------------------------------------
Finished applying 'set_property' XDC Constraints : Time (s): cpu = 00:00:18 ; elapsed = 00:00:20 . Memory (MB): peak = 733.809 ; gain = 489.594
---------------------------------------------------------------------------------
WARNING: [Synth 8-6014] Unused sequential element counter_reg was removed.  [D:/Users/pnguy/Documents/GitHub/460M-HDL-Design/project_3/project_3.srcs/sources_1/imports/project_2/EE 460M_Lab2_Starter_File.v:7]
INFO: [Synth 8-5545] ROM "slowClk2" won't be mapped to RAM because address size (28) is larger than maximum supported(25)
INFO: [Synth 8-802] inferred FSM for state register 'state_reg' in module 'StopLight'
INFO: [Synth 8-5544] ROM "state" won't be mapped to Block RAM because address size (4) smaller than threshold (5)
INFO: [Synth 8-5544] ROM "Yb" won't be mapped to Block RAM because address size (3) smaller than threshold (5)
INFO: [Synth 8-5544] ROM "Ra" won't be mapped to Block RAM because address size (3) smaller than threshold (5)
INFO: [Synth 8-5544] ROM "Ra" won't be mapped to Block RAM because address size (3) smaller than threshold (5)
INFO: [Synth 8-5544] ROM "Ra" won't be mapped to Block RAM because address size (3) smaller than threshold (5)
INFO: [Synth 8-5544] ROM "Ra" won't be mapped to Block RAM because address size (3) smaller than threshold (5)
WARNING: [Synth 8-327] inferring latch for variable 'Ra_reg' [D:/Users/pnguy/Documents/GitHub/460M-HDL-Design/project_3/project_3.srcs/sources_1/new/StopLight.v:39]
WARNING: [Synth 8-327] inferring latch for variable 'next_state_reg' [D:/Users/pnguy/Documents/GitHub/460M-HDL-Design/project_3/project_3.srcs/sources_1/new/StopLight.v:49]
WARNING: [Synth 8-327] inferring latch for variable 'next_state_reg' [D:/Users/pnguy/Documents/GitHub/460M-HDL-Design/project_3/project_3.srcs/sources_1/new/StopLight.v:49]
---------------------------------------------------------------------------------------------------
                   State |                     New Encoding |                Previous Encoding 
---------------------------------------------------------------------------------------------------
                  iSTATE |                              000 |                              000
                 iSTATE0 |                              001 |                              001
                 iSTATE1 |                              010 |                              010
                 iSTATE2 |                              011 |                              011
                 iSTATE3 |                              100 |                              100
                 iSTATE4 |                              101 |                              101
*
---------------------------------------------------------------------------------------------------
INFO: [Synth 8-3354] encoded FSM with state register 'state_reg' using encoding 'sequential' in module 'StopLight'
WARNING: [Synth 8-327] inferring latch for variable 'FSM_sequential_next_state_reg' [D:/Users/pnguy/Documents/GitHub/460M-HDL-Design/project_3/project_3.srcs/sources_1/new/StopLight.v:49]
WARNING: [Synth 8-327] inferring latch for variable 'Ya_reg' [D:/Users/pnguy/Documents/GitHub/460M-HDL-Design/project_3/project_3.srcs/sources_1/new/StopLight.v:40]
WARNING: [Synth 8-327] inferring latch for variable 'Ga_reg' [D:/Users/pnguy/Documents/GitHub/460M-HDL-Design/project_3/project_3.srcs/sources_1/new/StopLight.v:41]
WARNING: [Synth 8-327] inferring latch for variable 'Rb_reg' [D:/Users/pnguy/Documents/GitHub/460M-HDL-Design/project_3/project_3.srcs/sources_1/new/StopLight.v:42]
WARNING: [Synth 8-327] inferring latch for variable 'Yb_reg' [D:/Users/pnguy/Documents/GitHub/460M-HDL-Design/project_3/project_3.srcs/sources_1/new/StopLight.v:43]
WARNING: [Synth 8-327] inferring latch for variable 'Gb_reg' [D:/Users/pnguy/Documents/GitHub/460M-HDL-Design/project_3/project_3.srcs/sources_1/new/StopLight.v:44]
WARNING: [Synth 8-327] inferring latch for variable 'Rw_reg' [D:/Users/pnguy/Documents/GitHub/460M-HDL-Design/project_3/project_3.srcs/sources_1/new/StopLight.v:45]
WARNING: [Synth 8-327] inferring latch for variable 'Yw_reg' [D:/Users/pnguy/Documents/GitHub/460M-HDL-Design/project_3/project_3.srcs/sources_1/new/StopLight.v:46]
WARNING: [Synth 8-327] inferring latch for variable 'Gw_reg' [D:/Users/pnguy/Documents/GitHub/460M-HDL-Design/project_3/project_3.srcs/sources_1/new/StopLight.v:47]
WARNING: [Synth 8-327] inferring latch for variable 'next_counter_reg' [D:/Users/pnguy/Documents/GitHub/460M-HDL-Design/project_3/project_3.srcs/sources_1/new/StopLight.v:48]
---------------------------------------------------------------------------------
Finished RTL Optimization Phase 2 : Time (s): cpu = 00:00:19 ; elapsed = 00:00:20 . Memory (MB): peak = 733.809 ; gain = 489.594
---------------------------------------------------------------------------------

Report RTL Partitions: 
+-+--------------+------------+----------+
| |RTL Partition |Replication |Instances |
+-+--------------+------------+----------+
+-+--------------+------------+----------+
---------------------------------------------------------------------------------
Start RTL Component Statistics 
---------------------------------------------------------------------------------
Detailed RTL Component Info : 
+---Adders : 
	   2 Input     28 Bit       Adders := 1     
	   2 Input      4 Bit       Adders := 1     
+---Registers : 
	               28 Bit    Registers := 1     
	                9 Bit    Registers := 1     
	                4 Bit    Registers := 1     
	                1 Bit    Registers := 1     
+---Muxes : 
	   2 Input     28 Bit        Muxes := 1     
	   2 Input      9 Bit        Muxes := 3     
	   2 Input      4 Bit        Muxes := 1     
	   6 Input      3 Bit        Muxes := 2     
	   5 Input      2 Bit        Muxes := 1     
	   2 Input      1 Bit        Muxes := 13    
	   6 Input      1 Bit        Muxes := 2     
	   5 Input      1 Bit        Muxes := 5     
	   4 Input      1 Bit        Muxes := 3     
	   3 Input      1 Bit        Muxes := 1     
---------------------------------------------------------------------------------
Finished RTL Component Statistics 
---------------------------------------------------------------------------------
---------------------------------------------------------------------------------
Start RTL Hierarchical Component Statistics 
---------------------------------------------------------------------------------
Hierarchical RTL Component report 
Module LightController 
Detailed RTL Component Info : 
+---Registers : 
	                9 Bit    Registers := 1     
+---Muxes : 
	   2 Input      9 Bit        Muxes := 3     
Module clockDivider_2Hz 
Detailed RTL Component Info : 
+---Adders : 
	   2 Input     28 Bit       Adders := 1     
+---Registers : 
	               28 Bit    Registers := 1     
	                1 Bit    Registers := 1     
+---Muxes : 
	   2 Input     28 Bit        Muxes := 1     
	   2 Input      1 Bit        Muxes := 1     
Module StopLight 
Detailed RTL Component Info : 
+---Adders : 
	   2 Input      4 Bit       Adders := 1     
+---Registers : 
	                4 Bit    Registers := 1     
+---Muxes : 
	   2 Input      4 Bit        Muxes := 1     
	   6 Input      3 Bit        Muxes := 2     
	   5 Input      2 Bit        Muxes := 1     
	   2 Input      1 Bit        Muxes := 12    
	   6 Input      1 Bit        Muxes := 2     
	   5 Input      1 Bit        Muxes := 5     
	   4 Input      1 Bit        Muxes := 3     
	   3 Input      1 Bit        Muxes := 1     
---------------------------------------------------------------------------------
Finished RTL Hierarchical Component Statistics
---------------------------------------------------------------------------------
---------------------------------------------------------------------------------
Start Part Resource Summary
---------------------------------------------------------------------------------
Part Resources:
DSPs: 90 (col length:60)
BRAMs: 100 (col length: RAMB18 60 RAMB36 30)
---------------------------------------------------------------------------------
Finished Part Resource Summary
---------------------------------------------------------------------------------
---------------------------------------------------------------------------------
Start Cross Boundary and Area Optimization
---------------------------------------------------------------------------------
INFO: [Synth 8-5545] ROM "divider2/slowClk2" won't be mapped to RAM because address size (28) is larger than maximum supported(25)
INFO: [Synth 8-3886] merging instance 'aStoplight/next_counter_reg[3]' (LD) to 'aStoplight/next_counter_reg[2]'
INFO: [Synth 8-3333] propagating constant 0 across sequential element (\aStoplight/next_counter_reg[2] )
WARNING: [Synth 8-3332] Sequential element (aStoplight/next_counter_reg[2]) is unused and will be removed from module LightController.
WARNING: [Synth 8-3332] Sequential element (aStoplight/next_counter_reg[1]) is unused and will be removed from module LightController.
WARNING: [Synth 8-3332] Sequential element (aStoplight/next_counter_reg[0]) is unused and will be removed from module LightController.
WARNING: [Synth 8-3332] Sequential element (aStoplight/counter_reg[3]) is unused and will be removed from module LightController.
WARNING: [Synth 8-3332] Sequential element (aStoplight/counter_reg[2]) is unused and will be removed from module LightController.
WARNING: [Synth 8-3332] Sequential element (aStoplight/counter_reg[1]) is unused and will be removed from module LightController.
WARNING: [Synth 8-3332] Sequential element (aStoplight/counter_reg[0]) is unused and will be removed from module LightController.
---------------------------------------------------------------------------------
Finished Cross Boundary and Area Optimization : Time (s): cpu = 00:00:19 ; elapsed = 00:00:21 . Memory (MB): peak = 733.809 ; gain = 489.594
---------------------------------------------------------------------------------

Report RTL Partitions: 
+-+--------------+------------+----------+
| |RTL Partition |Replication |Instances |
+-+--------------+------------+----------+
+-+--------------+------------+----------+
---------------------------------------------------------------------------------
Start Applying XDC Timing Constraints
---------------------------------------------------------------------------------
---------------------------------------------------------------------------------
Finished Applying XDC Timing Constraints : Time (s): cpu = 00:00:30 ; elapsed = 00:00:31 . Memory (MB): peak = 733.809 ; gain = 489.594
---------------------------------------------------------------------------------
---------------------------------------------------------------------------------
Start Timing Optimization
---------------------------------------------------------------------------------
---------------------------------------------------------------------------------
Finished Timing Optimization : Time (s): cpu = 00:00:30 ; elapsed = 00:00:31 . Memory (MB): peak = 747.898 ; gain = 503.684
---------------------------------------------------------------------------------

Report RTL Partitions: 
+-+--------------+------------+----------+
| |RTL Partition |Replication |Instances |
+-+--------------+------------+----------+
+-+--------------+------------+----------+
---------------------------------------------------------------------------------
Start Technology Mapping
---------------------------------------------------------------------------------
---------------------------------------------------------------------------------
Finished Technology Mapping : Time (s): cpu = 00:00:30 ; elapsed = 00:00:31 . Memory (MB): peak = 749.184 ; gain = 504.969
---------------------------------------------------------------------------------

Report RTL Partitions: 
+-+--------------+------------+----------+
| |RTL Partition |Replication |Instances |
+-+--------------+------------+----------+
+-+--------------+------------+----------+
---------------------------------------------------------------------------------
Start IO Insertion
---------------------------------------------------------------------------------
---------------------------------------------------------------------------------
Start Flattening Before IO Insertion
---------------------------------------------------------------------------------
---------------------------------------------------------------------------------
Finished Flattening Before IO Insertion
---------------------------------------------------------------------------------
---------------------------------------------------------------------------------
Start Final Netlist Cleanup
---------------------------------------------------------------------------------
---------------------------------------------------------------------------------
Finished Final Netlist Cleanup
---------------------------------------------------------------------------------
---------------------------------------------------------------------------------
Finished IO Insertion : Time (s): cpu = 00:00:31 ; elapsed = 00:00:32 . Memory (MB): peak = 749.184 ; gain = 504.969
---------------------------------------------------------------------------------

Report Check Netlist: 
+------+------------------+-------+---------+-------+------------------+
|      |Item              |Errors |Warnings |Status |Description       |
+------+------------------+-------+---------+-------+------------------+
|1     |multi_driven_nets |      0|        0|Passed |Multi driven nets |
+------+------------------+-------+---------+-------+------------------+
---------------------------------------------------------------------------------
Start Renaming Generated Instances
---------------------------------------------------------------------------------
---------------------------------------------------------------------------------
Finished Renaming Generated Instances : Time (s): cpu = 00:00:31 ; elapsed = 00:00:32 . Memory (MB): peak = 749.184 ; gain = 504.969
---------------------------------------------------------------------------------

Report RTL Partitions: 
+-+--------------+------------+----------+
| |RTL Partition |Replication |Instances |
+-+--------------+------------+----------+
+-+--------------+------------+----------+
---------------------------------------------------------------------------------
Start Rebuilding User Hierarchy
---------------------------------------------------------------------------------
---------------------------------------------------------------------------------
Finished Rebuilding User Hierarchy : Time (s): cpu = 00:00:31 ; elapsed = 00:00:32 . Memory (MB): peak = 749.184 ; gain = 504.969
---------------------------------------------------------------------------------
---------------------------------------------------------------------------------
Start Renaming Generated Ports
---------------------------------------------------------------------------------
---------------------------------------------------------------------------------
Finished Renaming Generated Ports : Time (s): cpu = 00:00:31 ; elapsed = 00:00:32 . Memory (MB): peak = 749.184 ; gain = 504.969
---------------------------------------------------------------------------------
---------------------------------------------------------------------------------
Start Handling Custom Attributes
---------------------------------------------------------------------------------
---------------------------------------------------------------------------------
Finished Handling Custom Attributes : Time (s): cpu = 00:00:31 ; elapsed = 00:00:32 . Memory (MB): peak = 749.184 ; gain = 504.969
---------------------------------------------------------------------------------
---------------------------------------------------------------------------------
Start Renaming Generated Nets
---------------------------------------------------------------------------------
---------------------------------------------------------------------------------
Finished Renaming Generated Nets : Time (s): cpu = 00:00:31 ; elapsed = 00:00:32 . Memory (MB): peak = 749.184 ; gain = 504.969
---------------------------------------------------------------------------------
---------------------------------------------------------------------------------
Start Writing Synthesis Report
---------------------------------------------------------------------------------

Report BlackBoxes: 
+-+--------------+----------+
| |BlackBox name |Instances |
+-+--------------+----------+
+-+--------------+----------+

Report Cell Usage: 
+------+-------+------+
|      |Cell   |Count |
+------+-------+------+
|1     |BUFG   |     1|
|2     |CARRY4 |     7|
|3     |LUT1   |     3|
|4     |LUT2   |     2|
|5     |LUT3   |    14|
|6     |LUT4   |    11|
|7     |LUT5   |     2|
|8     |LUT6   |     1|
|9     |FDCE   |    12|
|10    |FDPE   |     3|
|11    |FDRE   |    29|
|12    |LD     |    12|
|13    |LDC    |     3|
|14    |IBUF   |     2|
|15    |OBUF   |     9|
+------+-------+------+

Report Instance Areas: 
+------+-------------+-----------------+------+
|      |Instance     |Module           |Cells |
+------+-------------+-----------------+------+
|1     |top          |                 |   111|
|2     |  aStoplight |StopLight        |    28|
|3     |  divider2   |clockDivider_2Hz |    46|
+------+-------------+-----------------+------+
---------------------------------------------------------------------------------
Finished Writing Synthesis Report : Time (s): cpu = 00:00:31 ; elapsed = 00:00:32 . Memory (MB): peak = 749.184 ; gain = 504.969
---------------------------------------------------------------------------------
Synthesis finished with 0 errors, 0 critical warnings and 21 warnings.
Synthesis Optimization Runtime : Time (s): cpu = 00:00:18 ; elapsed = 00:00:26 . Memory (MB): peak = 749.184 ; gain = 168.789
Synthesis Optimization Complete : Time (s): cpu = 00:00:31 ; elapsed = 00:00:33 . Memory (MB): peak = 749.184 ; gain = 504.969
INFO: [Project 1-571] Translating synthesized netlist
INFO: [Netlist 29-17] Analyzing 24 Unisim elements for replacement
INFO: [Netlist 29-28] Unisim Transformation completed in 0 CPU seconds
INFO: [Project 1-570] Preparing netlist for logic optimization
INFO: [Opt 31-138] Pushed 0 inverter(s) to 0 load pin(s).
INFO: [Project 1-111] Unisim Transformation Summary:
  A total of 15 instances were transformed.
  LD => LDCE: 12 instances
  LDC => LDCE: 3 instances

INFO: [Common 17-83] Releasing license: Synthesis
32 Infos, 25 Warnings, 0 Critical Warnings and 0 Errors encountered.
synth_design completed successfully
synth_design: Time (s): cpu = 00:00:33 ; elapsed = 00:00:36 . Memory (MB): peak = 749.855 ; gain = 518.504
INFO: [Common 17-1381] The checkpoint 'D:/Users/pnguy/Documents/GitHub/460M-HDL-Design/project_3/project_3.runs/synth_1/LightController.dcp' has been generated.
INFO: [runtcl-4] Executing : report_utilization -file LightController_utilization_synth.rpt -pb LightController_utilization_synth.pb
report_utilization: Time (s): cpu = 00:00:00 ; elapsed = 00:00:00.052 . Memory (MB): peak = 749.855 ; gain = 0.000
INFO: [Common 17-206] Exiting Vivado at Thu Mar  1 20:33:58 2018...
