#-----------------------------------------------------------
# Vivado v2017.4 (64-bit)
# SW Build 2086221 on Fri Dec 15 20:55:39 MST 2017
# IP Build 2085800 on Fri Dec 15 22:25:07 MST 2017
# Start of session at: Fri Feb 16 14:41:37 2018
# Process ID: 21400
# Current directory: D:/Users/pnguy/Documents/GitHub/460M-HDL-Design/project_1
# Command line: vivado.exe -gui_launcher_event rodinguilauncherevent22372 D:\Users\pnguy\Documents\GitHub\460M-HDL-Design\project_1\project_1.xpr
# Log file: D:/Users/pnguy/Documents/GitHub/460M-HDL-Design/project_1/vivado.log
# Journal file: D:/Users/pnguy/Documents/GitHub/460M-HDL-Design/project_1\vivado.jou
#-----------------------------------------------------------
start_gui
open_project D:/Users/pnguy/Documents/GitHub/460M-HDL-Design/project_1/project_1.xpr
Scanning sources...
Finished scanning sources
WARNING: [filemgmt 56-3] IPUserFilesDir: Could not find the directory 'D:/Users/pnguy/Documents/GitHub/460M-HDL-Design/project_1/project_1.ip_user_files'.
INFO: [IP_Flow 19-234] Refreshing IP repositories
INFO: [IP_Flow 19-1704] No user IP repositories specified
INFO: [IP_Flow 19-2313] Loaded Vivado IP repository 'C:/Xilinx/Vivado/2017.4/data/ip'.
open_project: Time (s): cpu = 00:00:26 ; elapsed = 00:00:10 . Memory (MB): peak = 794.613 ; gain = 101.637
update_compile_order -fileset sources_1
set_property top ALU [current_fileset]
update_compile_order -fileset sources_1
reset_run synth_1
launch_runs impl_1 -to_step write_bitstream -jobs 8
[Fri Feb 16 15:28:25 2018] Launched synth_1...
Run output will be captured here: D:/Users/pnguy/Documents/GitHub/460M-HDL-Design/project_1/project_1.runs/synth_1/runme.log
[Fri Feb 16 15:28:25 2018] Launched impl_1...
Run output will be captured here: D:/Users/pnguy/Documents/GitHub/460M-HDL-Design/project_1/project_1.runs/impl_1/runme.log
