Copyright 1986-2017 Xilinx, Inc. All Rights Reserved.
-----------------------------------------------------------------------------------------------------------------------------------------------------------------------
| Tool Version : Vivado v.2017.4 (win64) Build 2086221 Fri Dec 15 20:55:39 MST 2017
| Date         : Fri Mar  2 16:24:47 2018
| Host         : DESKTOP-D62POV0 running 64-bit major release  (build 9200)
| Command      : report_timing_summary -max_paths 10 -file LightController_timing_summary_routed.rpt -rpx LightController_timing_summary_routed.rpx -warn_on_violation
| Design       : LightController
| Device       : 7a35t-cpg236
| Speed File   : -1  PRODUCTION 1.20 2017-11-01
-----------------------------------------------------------------------------------------------------------------------------------------------------------------------

Timing Summary Report

------------------------------------------------------------------------------------------------
| Timer Settings
| --------------
------------------------------------------------------------------------------------------------

  Enable Multi Corner Analysis               :  Yes
  Enable Pessimism Removal                   :  Yes
  Pessimism Removal Resolution               :  Nearest Common Node
  Enable Input Delay Default Clock           :  No
  Enable Preset / Clear Arcs                 :  No
  Disable Flight Delays                      :  No
  Ignore I/O Paths                           :  No
  Timing Early Launch at Borrowing Latches   :  false

  Corner  Analyze    Analyze    
  Name    Max Paths  Min Paths  
  ------  ---------  ---------  
  Slow    Yes        Yes        
  Fast    Yes        Yes        



check_timing report

Table of Contents
-----------------
1. checking no_clock
2. checking constant_clock
3. checking pulse_width_clock
4. checking unconstrained_internal_endpoints
5. checking no_input_delay
6. checking no_output_delay
7. checking multiple_clock
8. checking generated_clocks
9. checking loops
10. checking partial_input_delay
11. checking partial_output_delay
12. checking latch_loops

1. checking no_clock
--------------------
 There are 2 register/latch pins with no clock driven by root clock pin: rst (HIGH)

 There are 2 register/latch pins with no clock driven by root clock pin: FSM_sequential_state_reg[0]/Q (HIGH)

 There are 2 register/latch pins with no clock driven by root clock pin: FSM_sequential_state_reg[1]/Q (HIGH)

 There are 2 register/latch pins with no clock driven by root clock pin: FSM_sequential_state_reg[2]/Q (HIGH)

 There are 9 register/latch pins with no clock driven by root clock pin: divider2/slowClk2_reg/Q (HIGH)


2. checking constant_clock
--------------------------
 There are 0 register/latch pins with constant_clock.


3. checking pulse_width_clock
-----------------------------
 There are 0 register/latch pins which need pulse_width check


4. checking unconstrained_internal_endpoints
--------------------------------------------
 There are 22 pins that are not constrained for maximum delay. (HIGH)

 There are 0 pins that are not constrained for maximum delay due to constant clock.


5. checking no_input_delay
--------------------------
 There is 1 input port with no input delay specified. (HIGH)

 There are 0 input ports with no input delay but user has a false path constraint.


6. checking no_output_delay
---------------------------
 There are 8 ports with no output delay specified. (HIGH)

 There are 0 ports with no output delay but user has a false path constraint

 There are 0 ports with no output delay but with a timing clock defined on it or propagating through it


7. checking multiple_clock
--------------------------
 There are 0 register/latch pins with multiple clocks.


8. checking generated_clocks
----------------------------
 There are 0 generated clocks that are not connected to a clock source.


9. checking loops
-----------------
 There are 0 combinational loops in the design.


10. checking partial_input_delay
--------------------------------
 There are 0 input ports with partial input delay specified.


11. checking partial_output_delay
---------------------------------
 There are 0 ports with partial output delay specified.


12. checking latch_loops
------------------------
 There are 0 combinational latch loops in the design through latch input



------------------------------------------------------------------------------------------------
| Design Timing Summary
| ---------------------
------------------------------------------------------------------------------------------------

    WNS(ns)      TNS(ns)  TNS Failing Endpoints  TNS Total Endpoints      WHS(ns)      THS(ns)  THS Failing Endpoints  THS Total Endpoints     WPWS(ns)     TPWS(ns)  TPWS Failing Endpoints  TPWS Total Endpoints  
    -------      -------  ---------------------  -------------------      -------      -------  ---------------------  -------------------     --------     --------  ----------------------  --------------------  
      5.490        0.000                      0                  112        0.264        0.000                      0                  112        4.500        0.000                       0                    59  


All user specified timing constraints are met.


------------------------------------------------------------------------------------------------
| Clock Summary
| -------------
------------------------------------------------------------------------------------------------

Clock        Waveform(ns)       Period(ns)      Frequency(MHz)
-----        ------------       ----------      --------------
sys_clk_pin  {0.000 5.000}      10.000          100.000         


------------------------------------------------------------------------------------------------
| Intra Clock Table
| -----------------
------------------------------------------------------------------------------------------------

Clock             WNS(ns)      TNS(ns)  TNS Failing Endpoints  TNS Total Endpoints      WHS(ns)      THS(ns)  THS Failing Endpoints  THS Total Endpoints     WPWS(ns)     TPWS(ns)  TPWS Failing Endpoints  TPWS Total Endpoints  
-----             -------      -------  ---------------------  -------------------      -------      -------  ---------------------  -------------------     --------     --------  ----------------------  --------------------  
sys_clk_pin         5.490        0.000                      0                  112        0.264        0.000                      0                  112        4.500        0.000                       0                    59  


------------------------------------------------------------------------------------------------
| Inter Clock Table
| -----------------
------------------------------------------------------------------------------------------------

From Clock    To Clock          WNS(ns)      TNS(ns)  TNS Failing Endpoints  TNS Total Endpoints      WHS(ns)      THS(ns)  THS Failing Endpoints  THS Total Endpoints  
----------    --------          -------      -------  ---------------------  -------------------      -------      -------  ---------------------  -------------------  


------------------------------------------------------------------------------------------------
| Other Path Groups Table
| -----------------------
------------------------------------------------------------------------------------------------

Path Group    From Clock    To Clock          WNS(ns)      TNS(ns)  TNS Failing Endpoints  TNS Total Endpoints      WHS(ns)      THS(ns)  THS Failing Endpoints  THS Total Endpoints  
----------    ----------    --------          -------      -------  ---------------------  -------------------      -------      -------  ---------------------  -------------------  


------------------------------------------------------------------------------------------------
| Timing Details
| --------------
------------------------------------------------------------------------------------------------


---------------------------------------------------------------------------------------------------
From Clock:  sys_clk_pin
  To Clock:  sys_clk_pin

Setup :            0  Failing Endpoints,  Worst Slack        5.490ns,  Total Violation        0.000ns
Hold  :            0  Failing Endpoints,  Worst Slack        0.264ns,  Total Violation        0.000ns
PW    :            0  Failing Endpoints,  Worst Slack        4.500ns,  Total Violation        0.000ns
---------------------------------------------------------------------------------------------------


Max Delay Paths
--------------------------------------------------------------------------------------
Slack (MET) :             5.490ns  (required time - arrival time)
  Source:                 divider2/counter_reg[3]/C
                            (rising edge-triggered cell FDRE clocked by sys_clk_pin  {rise@0.000ns fall@5.000ns period=10.000ns})
  Destination:            divider2/counter_reg[25]/R
                            (rising edge-triggered cell FDRE clocked by sys_clk_pin  {rise@0.000ns fall@5.000ns period=10.000ns})
  Path Group:             sys_clk_pin
  Path Type:              Setup (Max at Slow Process Corner)
  Requirement:            10.000ns  (sys_clk_pin rise@10.000ns - sys_clk_pin rise@0.000ns)
  Data Path Delay:        4.016ns  (logic 0.828ns (20.618%)  route 3.188ns (79.382%))
  Logic Levels:           3  (LUT3=1 LUT4=1 LUT6=1)
  Clock Path Skew:        -0.030ns (DCD - SCD + CPR)
    Destination Clock Delay (DCD):    4.852ns = ( 14.852 - 10.000 ) 
    Source Clock Delay      (SCD):    5.156ns
    Clock Pessimism Removal (CPR):    0.274ns
  Clock Uncertainty:      0.035ns  ((TSJ^2 + TIJ^2)^1/2 + DJ) / 2 + PE
    Total System Jitter     (TSJ):    0.071ns
    Total Input Jitter      (TIJ):    0.000ns
    Discrete Jitter          (DJ):    0.000ns
    Phase Error              (PE):    0.000ns

    Location             Delay type                Incr(ns)  Path(ns)    Netlist Resource(s)
  -------------------------------------------------------------------    -------------------
                         (clock sys_clk_pin rise edge)
                                                      0.000     0.000 r  
    W5                                                0.000     0.000 r  clk (IN)
                         net (fo=0)                   0.000     0.000    clk
    W5                   IBUF (Prop_ibuf_I_O)         1.458     1.458 r  clk_IBUF_inst/O
                         net (fo=1, routed)           1.967     3.425    clk_IBUF
    BUFGCTRL_X0Y0        BUFG (Prop_bufg_I_O)         0.096     3.521 r  clk_IBUF_BUFG_inst/O
                         net (fo=58, routed)          1.635     5.156    divider2/clk_IBUF_BUFG
    SLICE_X3Y11          FDRE                                         r  divider2/counter_reg[3]/C
  -------------------------------------------------------------------    -------------------
    SLICE_X3Y11          FDRE (Prop_fdre_C_Q)         0.456     5.612 f  divider2/counter_reg[3]/Q
                         net (fo=2, routed)           0.825     6.437    divider2/counter_reg_n_0_[3]
    SLICE_X4Y11          LUT4 (Prop_lut4_I2_O)        0.124     6.561 f  divider2/counter[27]_i_6/O
                         net (fo=1, routed)           0.499     7.060    divider2/counter[27]_i_6_n_0
    SLICE_X4Y16          LUT6 (Prop_lut6_I5_O)        0.124     7.184 f  divider2/counter[27]_i_2/O
                         net (fo=2, routed)           0.824     8.008    divider2/counter[27]_i_2_n_0
    SLICE_X4Y14          LUT3 (Prop_lut3_I0_O)        0.124     8.132 r  divider2/counter[27]_i_1/O
                         net (fo=27, routed)          1.040     9.172    divider2/slowClk2
    SLICE_X3Y17          FDRE                                         r  divider2/counter_reg[25]/R
  -------------------------------------------------------------------    -------------------

                         (clock sys_clk_pin rise edge)
                                                     10.000    10.000 r  
    W5                                                0.000    10.000 r  clk (IN)
                         net (fo=0)                   0.000    10.000    clk
    W5                   IBUF (Prop_ibuf_I_O)         1.388    11.388 r  clk_IBUF_inst/O
                         net (fo=1, routed)           1.862    13.250    clk_IBUF
    BUFGCTRL_X0Y0        BUFG (Prop_bufg_I_O)         0.091    13.341 r  clk_IBUF_BUFG_inst/O
                         net (fo=58, routed)          1.511    14.852    divider2/clk_IBUF_BUFG
    SLICE_X3Y17          FDRE                                         r  divider2/counter_reg[25]/C
                         clock pessimism              0.274    15.126    
                         clock uncertainty           -0.035    15.091    
    SLICE_X3Y17          FDRE (Setup_fdre_C_R)       -0.429    14.662    divider2/counter_reg[25]
  -------------------------------------------------------------------
                         required time                         14.662    
                         arrival time                          -9.172    
  -------------------------------------------------------------------
                         slack                                  5.490    

Slack (MET) :             5.490ns  (required time - arrival time)
  Source:                 divider2/counter_reg[3]/C
                            (rising edge-triggered cell FDRE clocked by sys_clk_pin  {rise@0.000ns fall@5.000ns period=10.000ns})
  Destination:            divider2/counter_reg[26]/R
                            (rising edge-triggered cell FDRE clocked by sys_clk_pin  {rise@0.000ns fall@5.000ns period=10.000ns})
  Path Group:             sys_clk_pin
  Path Type:              Setup (Max at Slow Process Corner)
  Requirement:            10.000ns  (sys_clk_pin rise@10.000ns - sys_clk_pin rise@0.000ns)
  Data Path Delay:        4.016ns  (logic 0.828ns (20.618%)  route 3.188ns (79.382%))
  Logic Levels:           3  (LUT3=1 LUT4=1 LUT6=1)
  Clock Path Skew:        -0.030ns (DCD - SCD + CPR)
    Destination Clock Delay (DCD):    4.852ns = ( 14.852 - 10.000 ) 
    Source Clock Delay      (SCD):    5.156ns
    Clock Pessimism Removal (CPR):    0.274ns
  Clock Uncertainty:      0.035ns  ((TSJ^2 + TIJ^2)^1/2 + DJ) / 2 + PE
    Total System Jitter     (TSJ):    0.071ns
    Total Input Jitter      (TIJ):    0.000ns
    Discrete Jitter          (DJ):    0.000ns
    Phase Error              (PE):    0.000ns

    Location             Delay type                Incr(ns)  Path(ns)    Netlist Resource(s)
  -------------------------------------------------------------------    -------------------
                         (clock sys_clk_pin rise edge)
                                                      0.000     0.000 r  
    W5                                                0.000     0.000 r  clk (IN)
                         net (fo=0)                   0.000     0.000    clk
    W5                   IBUF (Prop_ibuf_I_O)         1.458     1.458 r  clk_IBUF_inst/O
                         net (fo=1, routed)           1.967     3.425    clk_IBUF
    BUFGCTRL_X0Y0        BUFG (Prop_bufg_I_O)         0.096     3.521 r  clk_IBUF_BUFG_inst/O
                         net (fo=58, routed)          1.635     5.156    divider2/clk_IBUF_BUFG
    SLICE_X3Y11          FDRE                                         r  divider2/counter_reg[3]/C
  -------------------------------------------------------------------    -------------------
    SLICE_X3Y11          FDRE (Prop_fdre_C_Q)         0.456     5.612 f  divider2/counter_reg[3]/Q
                         net (fo=2, routed)           0.825     6.437    divider2/counter_reg_n_0_[3]
    SLICE_X4Y11          LUT4 (Prop_lut4_I2_O)        0.124     6.561 f  divider2/counter[27]_i_6/O
                         net (fo=1, routed)           0.499     7.060    divider2/counter[27]_i_6_n_0
    SLICE_X4Y16          LUT6 (Prop_lut6_I5_O)        0.124     7.184 f  divider2/counter[27]_i_2/O
                         net (fo=2, routed)           0.824     8.008    divider2/counter[27]_i_2_n_0
    SLICE_X4Y14          LUT3 (Prop_lut3_I0_O)        0.124     8.132 r  divider2/counter[27]_i_1/O
                         net (fo=27, routed)          1.040     9.172    divider2/slowClk2
    SLICE_X3Y17          FDRE                                         r  divider2/counter_reg[26]/R
  -------------------------------------------------------------------    -------------------

                         (clock sys_clk_pin rise edge)
                                                     10.000    10.000 r  
    W5                                                0.000    10.000 r  clk (IN)
                         net (fo=0)                   0.000    10.000    clk
    W5                   IBUF (Prop_ibuf_I_O)         1.388    11.388 r  clk_IBUF_inst/O
                         net (fo=1, routed)           1.862    13.250    clk_IBUF
    BUFGCTRL_X0Y0        BUFG (Prop_bufg_I_O)         0.091    13.341 r  clk_IBUF_BUFG_inst/O
                         net (fo=58, routed)          1.511    14.852    divider2/clk_IBUF_BUFG
    SLICE_X3Y17          FDRE                                         r  divider2/counter_reg[26]/C
                         clock pessimism              0.274    15.126    
                         clock uncertainty           -0.035    15.091    
    SLICE_X3Y17          FDRE (Setup_fdre_C_R)       -0.429    14.662    divider2/counter_reg[26]
  -------------------------------------------------------------------
                         required time                         14.662    
                         arrival time                          -9.172    
  -------------------------------------------------------------------
                         slack                                  5.490    

Slack (MET) :             5.490ns  (required time - arrival time)
  Source:                 divider2/counter_reg[3]/C
                            (rising edge-triggered cell FDRE clocked by sys_clk_pin  {rise@0.000ns fall@5.000ns period=10.000ns})
  Destination:            divider2/counter_reg[27]/R
                            (rising edge-triggered cell FDRE clocked by sys_clk_pin  {rise@0.000ns fall@5.000ns period=10.000ns})
  Path Group:             sys_clk_pin
  Path Type:              Setup (Max at Slow Process Corner)
  Requirement:            10.000ns  (sys_clk_pin rise@10.000ns - sys_clk_pin rise@0.000ns)
  Data Path Delay:        4.016ns  (logic 0.828ns (20.618%)  route 3.188ns (79.382%))
  Logic Levels:           3  (LUT3=1 LUT4=1 LUT6=1)
  Clock Path Skew:        -0.030ns (DCD - SCD + CPR)
    Destination Clock Delay (DCD):    4.852ns = ( 14.852 - 10.000 ) 
    Source Clock Delay      (SCD):    5.156ns
    Clock Pessimism Removal (CPR):    0.274ns
  Clock Uncertainty:      0.035ns  ((TSJ^2 + TIJ^2)^1/2 + DJ) / 2 + PE
    Total System Jitter     (TSJ):    0.071ns
    Total Input Jitter      (TIJ):    0.000ns
    Discrete Jitter          (DJ):    0.000ns
    Phase Error              (PE):    0.000ns

    Location             Delay type                Incr(ns)  Path(ns)    Netlist Resource(s)
  -------------------------------------------------------------------    -------------------
                         (clock sys_clk_pin rise edge)
                                                      0.000     0.000 r  
    W5                                                0.000     0.000 r  clk (IN)
                         net (fo=0)                   0.000     0.000    clk
    W5                   IBUF (Prop_ibuf_I_O)         1.458     1.458 r  clk_IBUF_inst/O
                         net (fo=1, routed)           1.967     3.425    clk_IBUF
    BUFGCTRL_X0Y0        BUFG (Prop_bufg_I_O)         0.096     3.521 r  clk_IBUF_BUFG_inst/O
                         net (fo=58, routed)          1.635     5.156    divider2/clk_IBUF_BUFG
    SLICE_X3Y11          FDRE                                         r  divider2/counter_reg[3]/C
  -------------------------------------------------------------------    -------------------
    SLICE_X3Y11          FDRE (Prop_fdre_C_Q)         0.456     5.612 f  divider2/counter_reg[3]/Q
                         net (fo=2, routed)           0.825     6.437    divider2/counter_reg_n_0_[3]
    SLICE_X4Y11          LUT4 (Prop_lut4_I2_O)        0.124     6.561 f  divider2/counter[27]_i_6/O
                         net (fo=1, routed)           0.499     7.060    divider2/counter[27]_i_6_n_0
    SLICE_X4Y16          LUT6 (Prop_lut6_I5_O)        0.124     7.184 f  divider2/counter[27]_i_2/O
                         net (fo=2, routed)           0.824     8.008    divider2/counter[27]_i_2_n_0
    SLICE_X4Y14          LUT3 (Prop_lut3_I0_O)        0.124     8.132 r  divider2/counter[27]_i_1/O
                         net (fo=27, routed)          1.040     9.172    divider2/slowClk2
    SLICE_X3Y17          FDRE                                         r  divider2/counter_reg[27]/R
  -------------------------------------------------------------------    -------------------

                         (clock sys_clk_pin rise edge)
                                                     10.000    10.000 r  
    W5                                                0.000    10.000 r  clk (IN)
                         net (fo=0)                   0.000    10.000    clk
    W5                   IBUF (Prop_ibuf_I_O)         1.388    11.388 r  clk_IBUF_inst/O
                         net (fo=1, routed)           1.862    13.250    clk_IBUF
    BUFGCTRL_X0Y0        BUFG (Prop_bufg_I_O)         0.091    13.341 r  clk_IBUF_BUFG_inst/O
                         net (fo=58, routed)          1.511    14.852    divider2/clk_IBUF_BUFG
    SLICE_X3Y17          FDRE                                         r  divider2/counter_reg[27]/C
                         clock pessimism              0.274    15.126    
                         clock uncertainty           -0.035    15.091    
    SLICE_X3Y17          FDRE (Setup_fdre_C_R)       -0.429    14.662    divider2/counter_reg[27]
  -------------------------------------------------------------------
                         required time                         14.662    
                         arrival time                          -9.172    
  -------------------------------------------------------------------
                         slack                                  5.490    

Slack (MET) :             5.553ns  (required time - arrival time)
  Source:                 divider1/counter_reg[0]/C
                            (rising edge-triggered cell FDRE clocked by sys_clk_pin  {rise@0.000ns fall@5.000ns period=10.000ns})
  Destination:            divider1/counter_reg[25]/R
                            (rising edge-triggered cell FDRE clocked by sys_clk_pin  {rise@0.000ns fall@5.000ns period=10.000ns})
  Path Group:             sys_clk_pin
  Path Type:              Setup (Max at Slow Process Corner)
  Requirement:            10.000ns  (sys_clk_pin rise@10.000ns - sys_clk_pin rise@0.000ns)
  Data Path Delay:        3.858ns  (logic 1.056ns (27.374%)  route 2.802ns (72.626%))
  Logic Levels:           3  (LUT3=1 LUT4=1 LUT6=1)
  Clock Path Skew:        -0.030ns (DCD - SCD + CPR)
    Destination Clock Delay (DCD):    4.852ns = ( 14.852 - 10.000 ) 
    Source Clock Delay      (SCD):    5.156ns
    Clock Pessimism Removal (CPR):    0.274ns
  Clock Uncertainty:      0.035ns  ((TSJ^2 + TIJ^2)^1/2 + DJ) / 2 + PE
    Total System Jitter     (TSJ):    0.071ns
    Total Input Jitter      (TIJ):    0.000ns
    Discrete Jitter          (DJ):    0.000ns
    Phase Error              (PE):    0.000ns

    Location             Delay type                Incr(ns)  Path(ns)    Netlist Resource(s)
  -------------------------------------------------------------------    -------------------
                         (clock sys_clk_pin rise edge)
                                                      0.000     0.000 r  
    W5                                                0.000     0.000 r  clk (IN)
                         net (fo=0)                   0.000     0.000    clk
    W5                   IBUF (Prop_ibuf_I_O)         1.458     1.458 r  clk_IBUF_inst/O
                         net (fo=1, routed)           1.967     3.425    clk_IBUF
    BUFGCTRL_X0Y0        BUFG (Prop_bufg_I_O)         0.096     3.521 r  clk_IBUF_BUFG_inst/O
                         net (fo=58, routed)          1.635     5.156    divider1/clk_IBUF_BUFG
    SLICE_X1Y11          FDRE                                         r  divider1/counter_reg[0]/C
  -------------------------------------------------------------------    -------------------
    SLICE_X1Y11          FDRE (Prop_fdre_C_Q)         0.456     5.612 f  divider1/counter_reg[0]/Q
                         net (fo=3, routed)           0.935     6.548    divider1/counter_reg_n_0_[0]
    SLICE_X1Y11          LUT4 (Prop_lut4_I1_O)        0.150     6.698 f  divider1/counter[27]_i_6__0/O
                         net (fo=1, routed)           0.509     7.207    divider1/counter[27]_i_6__0_n_0
    SLICE_X1Y16          LUT6 (Prop_lut6_I5_O)        0.326     7.533 f  divider1/counter[27]_i_2__0/O
                         net (fo=2, routed)           0.418     7.951    divider1/counter[27]_i_2__0_n_0
    SLICE_X1Y14          LUT3 (Prop_lut3_I0_O)        0.124     8.075 r  divider1/counter[27]_i_1__0/O
                         net (fo=27, routed)          0.939     9.014    divider1/slowClk1
    SLICE_X2Y17          FDRE                                         r  divider1/counter_reg[25]/R
  -------------------------------------------------------------------    -------------------

                         (clock sys_clk_pin rise edge)
                                                     10.000    10.000 r  
    W5                                                0.000    10.000 r  clk (IN)
                         net (fo=0)                   0.000    10.000    clk
    W5                   IBUF (Prop_ibuf_I_O)         1.388    11.388 r  clk_IBUF_inst/O
                         net (fo=1, routed)           1.862    13.250    clk_IBUF
    BUFGCTRL_X0Y0        BUFG (Prop_bufg_I_O)         0.091    13.341 r  clk_IBUF_BUFG_inst/O
                         net (fo=58, routed)          1.511    14.852    divider1/clk_IBUF_BUFG
    SLICE_X2Y17          FDRE                                         r  divider1/counter_reg[25]/C
                         clock pessimism              0.274    15.126    
                         clock uncertainty           -0.035    15.091    
    SLICE_X2Y17          FDRE (Setup_fdre_C_R)       -0.524    14.567    divider1/counter_reg[25]
  -------------------------------------------------------------------
                         required time                         14.567    
                         arrival time                          -9.014    
  -------------------------------------------------------------------
                         slack                                  5.553    

Slack (MET) :             5.553ns  (required time - arrival time)
  Source:                 divider1/counter_reg[0]/C
                            (rising edge-triggered cell FDRE clocked by sys_clk_pin  {rise@0.000ns fall@5.000ns period=10.000ns})
  Destination:            divider1/counter_reg[26]/R
                            (rising edge-triggered cell FDRE clocked by sys_clk_pin  {rise@0.000ns fall@5.000ns period=10.000ns})
  Path Group:             sys_clk_pin
  Path Type:              Setup (Max at Slow Process Corner)
  Requirement:            10.000ns  (sys_clk_pin rise@10.000ns - sys_clk_pin rise@0.000ns)
  Data Path Delay:        3.858ns  (logic 1.056ns (27.374%)  route 2.802ns (72.626%))
  Logic Levels:           3  (LUT3=1 LUT4=1 LUT6=1)
  Clock Path Skew:        -0.030ns (DCD - SCD + CPR)
    Destination Clock Delay (DCD):    4.852ns = ( 14.852 - 10.000 ) 
    Source Clock Delay      (SCD):    5.156ns
    Clock Pessimism Removal (CPR):    0.274ns
  Clock Uncertainty:      0.035ns  ((TSJ^2 + TIJ^2)^1/2 + DJ) / 2 + PE
    Total System Jitter     (TSJ):    0.071ns
    Total Input Jitter      (TIJ):    0.000ns
    Discrete Jitter          (DJ):    0.000ns
    Phase Error              (PE):    0.000ns

    Location             Delay type                Incr(ns)  Path(ns)    Netlist Resource(s)
  -------------------------------------------------------------------    -------------------
                         (clock sys_clk_pin rise edge)
                                                      0.000     0.000 r  
    W5                                                0.000     0.000 r  clk (IN)
                         net (fo=0)                   0.000     0.000    clk
    W5                   IBUF (Prop_ibuf_I_O)         1.458     1.458 r  clk_IBUF_inst/O
                         net (fo=1, routed)           1.967     3.425    clk_IBUF
    BUFGCTRL_X0Y0        BUFG (Prop_bufg_I_O)         0.096     3.521 r  clk_IBUF_BUFG_inst/O
                         net (fo=58, routed)          1.635     5.156    divider1/clk_IBUF_BUFG
    SLICE_X1Y11          FDRE                                         r  divider1/counter_reg[0]/C
  -------------------------------------------------------------------    -------------------
    SLICE_X1Y11          FDRE (Prop_fdre_C_Q)         0.456     5.612 f  divider1/counter_reg[0]/Q
                         net (fo=3, routed)           0.935     6.548    divider1/counter_reg_n_0_[0]
    SLICE_X1Y11          LUT4 (Prop_lut4_I1_O)        0.150     6.698 f  divider1/counter[27]_i_6__0/O
                         net (fo=1, routed)           0.509     7.207    divider1/counter[27]_i_6__0_n_0
    SLICE_X1Y16          LUT6 (Prop_lut6_I5_O)        0.326     7.533 f  divider1/counter[27]_i_2__0/O
                         net (fo=2, routed)           0.418     7.951    divider1/counter[27]_i_2__0_n_0
    SLICE_X1Y14          LUT3 (Prop_lut3_I0_O)        0.124     8.075 r  divider1/counter[27]_i_1__0/O
                         net (fo=27, routed)          0.939     9.014    divider1/slowClk1
    SLICE_X2Y17          FDRE                                         r  divider1/counter_reg[26]/R
  -------------------------------------------------------------------    -------------------

                         (clock sys_clk_pin rise edge)
                                                     10.000    10.000 r  
    W5                                                0.000    10.000 r  clk (IN)
                         net (fo=0)                   0.000    10.000    clk
    W5                   IBUF (Prop_ibuf_I_O)         1.388    11.388 r  clk_IBUF_inst/O
                         net (fo=1, routed)           1.862    13.250    clk_IBUF
    BUFGCTRL_X0Y0        BUFG (Prop_bufg_I_O)         0.091    13.341 r  clk_IBUF_BUFG_inst/O
                         net (fo=58, routed)          1.511    14.852    divider1/clk_IBUF_BUFG
    SLICE_X2Y17          FDRE                                         r  divider1/counter_reg[26]/C
                         clock pessimism              0.274    15.126    
                         clock uncertainty           -0.035    15.091    
    SLICE_X2Y17          FDRE (Setup_fdre_C_R)       -0.524    14.567    divider1/counter_reg[26]
  -------------------------------------------------------------------
                         required time                         14.567    
                         arrival time                          -9.014    
  -------------------------------------------------------------------
                         slack                                  5.553    

Slack (MET) :             5.553ns  (required time - arrival time)
  Source:                 divider1/counter_reg[0]/C
                            (rising edge-triggered cell FDRE clocked by sys_clk_pin  {rise@0.000ns fall@5.000ns period=10.000ns})
  Destination:            divider1/counter_reg[27]/R
                            (rising edge-triggered cell FDRE clocked by sys_clk_pin  {rise@0.000ns fall@5.000ns period=10.000ns})
  Path Group:             sys_clk_pin
  Path Type:              Setup (Max at Slow Process Corner)
  Requirement:            10.000ns  (sys_clk_pin rise@10.000ns - sys_clk_pin rise@0.000ns)
  Data Path Delay:        3.858ns  (logic 1.056ns (27.374%)  route 2.802ns (72.626%))
  Logic Levels:           3  (LUT3=1 LUT4=1 LUT6=1)
  Clock Path Skew:        -0.030ns (DCD - SCD + CPR)
    Destination Clock Delay (DCD):    4.852ns = ( 14.852 - 10.000 ) 
    Source Clock Delay      (SCD):    5.156ns
    Clock Pessimism Removal (CPR):    0.274ns
  Clock Uncertainty:      0.035ns  ((TSJ^2 + TIJ^2)^1/2 + DJ) / 2 + PE
    Total System Jitter     (TSJ):    0.071ns
    Total Input Jitter      (TIJ):    0.000ns
    Discrete Jitter          (DJ):    0.000ns
    Phase Error              (PE):    0.000ns

    Location             Delay type                Incr(ns)  Path(ns)    Netlist Resource(s)
  -------------------------------------------------------------------    -------------------
                         (clock sys_clk_pin rise edge)
                                                      0.000     0.000 r  
    W5                                                0.000     0.000 r  clk (IN)
                         net (fo=0)                   0.000     0.000    clk
    W5                   IBUF (Prop_ibuf_I_O)         1.458     1.458 r  clk_IBUF_inst/O
                         net (fo=1, routed)           1.967     3.425    clk_IBUF
    BUFGCTRL_X0Y0        BUFG (Prop_bufg_I_O)         0.096     3.521 r  clk_IBUF_BUFG_inst/O
                         net (fo=58, routed)          1.635     5.156    divider1/clk_IBUF_BUFG
    SLICE_X1Y11          FDRE                                         r  divider1/counter_reg[0]/C
  -------------------------------------------------------------------    -------------------
    SLICE_X1Y11          FDRE (Prop_fdre_C_Q)         0.456     5.612 f  divider1/counter_reg[0]/Q
                         net (fo=3, routed)           0.935     6.548    divider1/counter_reg_n_0_[0]
    SLICE_X1Y11          LUT4 (Prop_lut4_I1_O)        0.150     6.698 f  divider1/counter[27]_i_6__0/O
                         net (fo=1, routed)           0.509     7.207    divider1/counter[27]_i_6__0_n_0
    SLICE_X1Y16          LUT6 (Prop_lut6_I5_O)        0.326     7.533 f  divider1/counter[27]_i_2__0/O
                         net (fo=2, routed)           0.418     7.951    divider1/counter[27]_i_2__0_n_0
    SLICE_X1Y14          LUT3 (Prop_lut3_I0_O)        0.124     8.075 r  divider1/counter[27]_i_1__0/O
                         net (fo=27, routed)          0.939     9.014    divider1/slowClk1
    SLICE_X2Y17          FDRE                                         r  divider1/counter_reg[27]/R
  -------------------------------------------------------------------    -------------------

                         (clock sys_clk_pin rise edge)
                                                     10.000    10.000 r  
    W5                                                0.000    10.000 r  clk (IN)
                         net (fo=0)                   0.000    10.000    clk
    W5                   IBUF (Prop_ibuf_I_O)         1.388    11.388 r  clk_IBUF_inst/O
                         net (fo=1, routed)           1.862    13.250    clk_IBUF
    BUFGCTRL_X0Y0        BUFG (Prop_bufg_I_O)         0.091    13.341 r  clk_IBUF_BUFG_inst/O
                         net (fo=58, routed)          1.511    14.852    divider1/clk_IBUF_BUFG
    SLICE_X2Y17          FDRE                                         r  divider1/counter_reg[27]/C
                         clock pessimism              0.274    15.126    
                         clock uncertainty           -0.035    15.091    
    SLICE_X2Y17          FDRE (Setup_fdre_C_R)       -0.524    14.567    divider1/counter_reg[27]
  -------------------------------------------------------------------
                         required time                         14.567    
                         arrival time                          -9.014    
  -------------------------------------------------------------------
                         slack                                  5.553    

Slack (MET) :             5.633ns  (required time - arrival time)
  Source:                 divider2/counter_reg[3]/C
                            (rising edge-triggered cell FDRE clocked by sys_clk_pin  {rise@0.000ns fall@5.000ns period=10.000ns})
  Destination:            divider2/counter_reg[21]/R
                            (rising edge-triggered cell FDRE clocked by sys_clk_pin  {rise@0.000ns fall@5.000ns period=10.000ns})
  Path Group:             sys_clk_pin
  Path Type:              Setup (Max at Slow Process Corner)
  Requirement:            10.000ns  (sys_clk_pin rise@10.000ns - sys_clk_pin rise@0.000ns)
  Data Path Delay:        3.874ns  (logic 0.828ns (21.373%)  route 3.046ns (78.627%))
  Logic Levels:           3  (LUT3=1 LUT4=1 LUT6=1)
  Clock Path Skew:        -0.029ns (DCD - SCD + CPR)
    Destination Clock Delay (DCD):    4.853ns = ( 14.853 - 10.000 ) 
    Source Clock Delay      (SCD):    5.156ns
    Clock Pessimism Removal (CPR):    0.274ns
  Clock Uncertainty:      0.035ns  ((TSJ^2 + TIJ^2)^1/2 + DJ) / 2 + PE
    Total System Jitter     (TSJ):    0.071ns
    Total Input Jitter      (TIJ):    0.000ns
    Discrete Jitter          (DJ):    0.000ns
    Phase Error              (PE):    0.000ns

    Location             Delay type                Incr(ns)  Path(ns)    Netlist Resource(s)
  -------------------------------------------------------------------    -------------------
                         (clock sys_clk_pin rise edge)
                                                      0.000     0.000 r  
    W5                                                0.000     0.000 r  clk (IN)
                         net (fo=0)                   0.000     0.000    clk
    W5                   IBUF (Prop_ibuf_I_O)         1.458     1.458 r  clk_IBUF_inst/O
                         net (fo=1, routed)           1.967     3.425    clk_IBUF
    BUFGCTRL_X0Y0        BUFG (Prop_bufg_I_O)         0.096     3.521 r  clk_IBUF_BUFG_inst/O
                         net (fo=58, routed)          1.635     5.156    divider2/clk_IBUF_BUFG
    SLICE_X3Y11          FDRE                                         r  divider2/counter_reg[3]/C
  -------------------------------------------------------------------    -------------------
    SLICE_X3Y11          FDRE (Prop_fdre_C_Q)         0.456     5.612 f  divider2/counter_reg[3]/Q
                         net (fo=2, routed)           0.825     6.437    divider2/counter_reg_n_0_[3]
    SLICE_X4Y11          LUT4 (Prop_lut4_I2_O)        0.124     6.561 f  divider2/counter[27]_i_6/O
                         net (fo=1, routed)           0.499     7.060    divider2/counter[27]_i_6_n_0
    SLICE_X4Y16          LUT6 (Prop_lut6_I5_O)        0.124     7.184 f  divider2/counter[27]_i_2/O
                         net (fo=2, routed)           0.824     8.008    divider2/counter[27]_i_2_n_0
    SLICE_X4Y14          LUT3 (Prop_lut3_I0_O)        0.124     8.132 r  divider2/counter[27]_i_1/O
                         net (fo=27, routed)          0.898     9.030    divider2/slowClk2
    SLICE_X3Y16          FDRE                                         r  divider2/counter_reg[21]/R
  -------------------------------------------------------------------    -------------------

                         (clock sys_clk_pin rise edge)
                                                     10.000    10.000 r  
    W5                                                0.000    10.000 r  clk (IN)
                         net (fo=0)                   0.000    10.000    clk
    W5                   IBUF (Prop_ibuf_I_O)         1.388    11.388 r  clk_IBUF_inst/O
                         net (fo=1, routed)           1.862    13.250    clk_IBUF
    BUFGCTRL_X0Y0        BUFG (Prop_bufg_I_O)         0.091    13.341 r  clk_IBUF_BUFG_inst/O
                         net (fo=58, routed)          1.512    14.853    divider2/clk_IBUF_BUFG
    SLICE_X3Y16          FDRE                                         r  divider2/counter_reg[21]/C
                         clock pessimism              0.274    15.127    
                         clock uncertainty           -0.035    15.092    
    SLICE_X3Y16          FDRE (Setup_fdre_C_R)       -0.429    14.663    divider2/counter_reg[21]
  -------------------------------------------------------------------
                         required time                         14.663    
                         arrival time                          -9.030    
  -------------------------------------------------------------------
                         slack                                  5.633    

Slack (MET) :             5.633ns  (required time - arrival time)
  Source:                 divider2/counter_reg[3]/C
                            (rising edge-triggered cell FDRE clocked by sys_clk_pin  {rise@0.000ns fall@5.000ns period=10.000ns})
  Destination:            divider2/counter_reg[22]/R
                            (rising edge-triggered cell FDRE clocked by sys_clk_pin  {rise@0.000ns fall@5.000ns period=10.000ns})
  Path Group:             sys_clk_pin
  Path Type:              Setup (Max at Slow Process Corner)
  Requirement:            10.000ns  (sys_clk_pin rise@10.000ns - sys_clk_pin rise@0.000ns)
  Data Path Delay:        3.874ns  (logic 0.828ns (21.373%)  route 3.046ns (78.627%))
  Logic Levels:           3  (LUT3=1 LUT4=1 LUT6=1)
  Clock Path Skew:        -0.029ns (DCD - SCD + CPR)
    Destination Clock Delay (DCD):    4.853ns = ( 14.853 - 10.000 ) 
    Source Clock Delay      (SCD):    5.156ns
    Clock Pessimism Removal (CPR):    0.274ns
  Clock Uncertainty:      0.035ns  ((TSJ^2 + TIJ^2)^1/2 + DJ) / 2 + PE
    Total System Jitter     (TSJ):    0.071ns
    Total Input Jitter      (TIJ):    0.000ns
    Discrete Jitter          (DJ):    0.000ns
    Phase Error              (PE):    0.000ns

    Location             Delay type                Incr(ns)  Path(ns)    Netlist Resource(s)
  -------------------------------------------------------------------    -------------------
                         (clock sys_clk_pin rise edge)
                                                      0.000     0.000 r  
    W5                                                0.000     0.000 r  clk (IN)
                         net (fo=0)                   0.000     0.000    clk
    W5                   IBUF (Prop_ibuf_I_O)         1.458     1.458 r  clk_IBUF_inst/O
                         net (fo=1, routed)           1.967     3.425    clk_IBUF
    BUFGCTRL_X0Y0        BUFG (Prop_bufg_I_O)         0.096     3.521 r  clk_IBUF_BUFG_inst/O
                         net (fo=58, routed)          1.635     5.156    divider2/clk_IBUF_BUFG
    SLICE_X3Y11          FDRE                                         r  divider2/counter_reg[3]/C
  -------------------------------------------------------------------    -------------------
    SLICE_X3Y11          FDRE (Prop_fdre_C_Q)         0.456     5.612 f  divider2/counter_reg[3]/Q
                         net (fo=2, routed)           0.825     6.437    divider2/counter_reg_n_0_[3]
    SLICE_X4Y11          LUT4 (Prop_lut4_I2_O)        0.124     6.561 f  divider2/counter[27]_i_6/O
                         net (fo=1, routed)           0.499     7.060    divider2/counter[27]_i_6_n_0
    SLICE_X4Y16          LUT6 (Prop_lut6_I5_O)        0.124     7.184 f  divider2/counter[27]_i_2/O
                         net (fo=2, routed)           0.824     8.008    divider2/counter[27]_i_2_n_0
    SLICE_X4Y14          LUT3 (Prop_lut3_I0_O)        0.124     8.132 r  divider2/counter[27]_i_1/O
                         net (fo=27, routed)          0.898     9.030    divider2/slowClk2
    SLICE_X3Y16          FDRE                                         r  divider2/counter_reg[22]/R
  -------------------------------------------------------------------    -------------------

                         (clock sys_clk_pin rise edge)
                                                     10.000    10.000 r  
    W5                                                0.000    10.000 r  clk (IN)
                         net (fo=0)                   0.000    10.000    clk
    W5                   IBUF (Prop_ibuf_I_O)         1.388    11.388 r  clk_IBUF_inst/O
                         net (fo=1, routed)           1.862    13.250    clk_IBUF
    BUFGCTRL_X0Y0        BUFG (Prop_bufg_I_O)         0.091    13.341 r  clk_IBUF_BUFG_inst/O
                         net (fo=58, routed)          1.512    14.853    divider2/clk_IBUF_BUFG
    SLICE_X3Y16          FDRE                                         r  divider2/counter_reg[22]/C
                         clock pessimism              0.274    15.127    
                         clock uncertainty           -0.035    15.092    
    SLICE_X3Y16          FDRE (Setup_fdre_C_R)       -0.429    14.663    divider2/counter_reg[22]
  -------------------------------------------------------------------
                         required time                         14.663    
                         arrival time                          -9.030    
  -------------------------------------------------------------------
                         slack                                  5.633    

Slack (MET) :             5.633ns  (required time - arrival time)
  Source:                 divider2/counter_reg[3]/C
                            (rising edge-triggered cell FDRE clocked by sys_clk_pin  {rise@0.000ns fall@5.000ns period=10.000ns})
  Destination:            divider2/counter_reg[23]/R
                            (rising edge-triggered cell FDRE clocked by sys_clk_pin  {rise@0.000ns fall@5.000ns period=10.000ns})
  Path Group:             sys_clk_pin
  Path Type:              Setup (Max at Slow Process Corner)
  Requirement:            10.000ns  (sys_clk_pin rise@10.000ns - sys_clk_pin rise@0.000ns)
  Data Path Delay:        3.874ns  (logic 0.828ns (21.373%)  route 3.046ns (78.627%))
  Logic Levels:           3  (LUT3=1 LUT4=1 LUT6=1)
  Clock Path Skew:        -0.029ns (DCD - SCD + CPR)
    Destination Clock Delay (DCD):    4.853ns = ( 14.853 - 10.000 ) 
    Source Clock Delay      (SCD):    5.156ns
    Clock Pessimism Removal (CPR):    0.274ns
  Clock Uncertainty:      0.035ns  ((TSJ^2 + TIJ^2)^1/2 + DJ) / 2 + PE
    Total System Jitter     (TSJ):    0.071ns
    Total Input Jitter      (TIJ):    0.000ns
    Discrete Jitter          (DJ):    0.000ns
    Phase Error              (PE):    0.000ns

    Location             Delay type                Incr(ns)  Path(ns)    Netlist Resource(s)
  -------------------------------------------------------------------    -------------------
                         (clock sys_clk_pin rise edge)
                                                      0.000     0.000 r  
    W5                                                0.000     0.000 r  clk (IN)
                         net (fo=0)                   0.000     0.000    clk
    W5                   IBUF (Prop_ibuf_I_O)         1.458     1.458 r  clk_IBUF_inst/O
                         net (fo=1, routed)           1.967     3.425    clk_IBUF
    BUFGCTRL_X0Y0        BUFG (Prop_bufg_I_O)         0.096     3.521 r  clk_IBUF_BUFG_inst/O
                         net (fo=58, routed)          1.635     5.156    divider2/clk_IBUF_BUFG
    SLICE_X3Y11          FDRE                                         r  divider2/counter_reg[3]/C
  -------------------------------------------------------------------    -------------------
    SLICE_X3Y11          FDRE (Prop_fdre_C_Q)         0.456     5.612 f  divider2/counter_reg[3]/Q
                         net (fo=2, routed)           0.825     6.437    divider2/counter_reg_n_0_[3]
    SLICE_X4Y11          LUT4 (Prop_lut4_I2_O)        0.124     6.561 f  divider2/counter[27]_i_6/O
                         net (fo=1, routed)           0.499     7.060    divider2/counter[27]_i_6_n_0
    SLICE_X4Y16          LUT6 (Prop_lut6_I5_O)        0.124     7.184 f  divider2/counter[27]_i_2/O
                         net (fo=2, routed)           0.824     8.008    divider2/counter[27]_i_2_n_0
    SLICE_X4Y14          LUT3 (Prop_lut3_I0_O)        0.124     8.132 r  divider2/counter[27]_i_1/O
                         net (fo=27, routed)          0.898     9.030    divider2/slowClk2
    SLICE_X3Y16          FDRE                                         r  divider2/counter_reg[23]/R
  -------------------------------------------------------------------    -------------------

                         (clock sys_clk_pin rise edge)
                                                     10.000    10.000 r  
    W5                                                0.000    10.000 r  clk (IN)
                         net (fo=0)                   0.000    10.000    clk
    W5                   IBUF (Prop_ibuf_I_O)         1.388    11.388 r  clk_IBUF_inst/O
                         net (fo=1, routed)           1.862    13.250    clk_IBUF
    BUFGCTRL_X0Y0        BUFG (Prop_bufg_I_O)         0.091    13.341 r  clk_IBUF_BUFG_inst/O
                         net (fo=58, routed)          1.512    14.853    divider2/clk_IBUF_BUFG
    SLICE_X3Y16          FDRE                                         r  divider2/counter_reg[23]/C
                         clock pessimism              0.274    15.127    
                         clock uncertainty           -0.035    15.092    
    SLICE_X3Y16          FDRE (Setup_fdre_C_R)       -0.429    14.663    divider2/counter_reg[23]
  -------------------------------------------------------------------
                         required time                         14.663    
                         arrival time                          -9.030    
  -------------------------------------------------------------------
                         slack                                  5.633    

Slack (MET) :             5.633ns  (required time - arrival time)
  Source:                 divider2/counter_reg[3]/C
                            (rising edge-triggered cell FDRE clocked by sys_clk_pin  {rise@0.000ns fall@5.000ns period=10.000ns})
  Destination:            divider2/counter_reg[24]/R
                            (rising edge-triggered cell FDRE clocked by sys_clk_pin  {rise@0.000ns fall@5.000ns period=10.000ns})
  Path Group:             sys_clk_pin
  Path Type:              Setup (Max at Slow Process Corner)
  Requirement:            10.000ns  (sys_clk_pin rise@10.000ns - sys_clk_pin rise@0.000ns)
  Data Path Delay:        3.874ns  (logic 0.828ns (21.373%)  route 3.046ns (78.627%))
  Logic Levels:           3  (LUT3=1 LUT4=1 LUT6=1)
  Clock Path Skew:        -0.029ns (DCD - SCD + CPR)
    Destination Clock Delay (DCD):    4.853ns = ( 14.853 - 10.000 ) 
    Source Clock Delay      (SCD):    5.156ns
    Clock Pessimism Removal (CPR):    0.274ns
  Clock Uncertainty:      0.035ns  ((TSJ^2 + TIJ^2)^1/2 + DJ) / 2 + PE
    Total System Jitter     (TSJ):    0.071ns
    Total Input Jitter      (TIJ):    0.000ns
    Discrete Jitter          (DJ):    0.000ns
    Phase Error              (PE):    0.000ns

    Location             Delay type                Incr(ns)  Path(ns)    Netlist Resource(s)
  -------------------------------------------------------------------    -------------------
                         (clock sys_clk_pin rise edge)
                                                      0.000     0.000 r  
    W5                                                0.000     0.000 r  clk (IN)
                         net (fo=0)                   0.000     0.000    clk
    W5                   IBUF (Prop_ibuf_I_O)         1.458     1.458 r  clk_IBUF_inst/O
                         net (fo=1, routed)           1.967     3.425    clk_IBUF
    BUFGCTRL_X0Y0        BUFG (Prop_bufg_I_O)         0.096     3.521 r  clk_IBUF_BUFG_inst/O
                         net (fo=58, routed)          1.635     5.156    divider2/clk_IBUF_BUFG
    SLICE_X3Y11          FDRE                                         r  divider2/counter_reg[3]/C
  -------------------------------------------------------------------    -------------------
    SLICE_X3Y11          FDRE (Prop_fdre_C_Q)         0.456     5.612 f  divider2/counter_reg[3]/Q
                         net (fo=2, routed)           0.825     6.437    divider2/counter_reg_n_0_[3]
    SLICE_X4Y11          LUT4 (Prop_lut4_I2_O)        0.124     6.561 f  divider2/counter[27]_i_6/O
                         net (fo=1, routed)           0.499     7.060    divider2/counter[27]_i_6_n_0
    SLICE_X4Y16          LUT6 (Prop_lut6_I5_O)        0.124     7.184 f  divider2/counter[27]_i_2/O
                         net (fo=2, routed)           0.824     8.008    divider2/counter[27]_i_2_n_0
    SLICE_X4Y14          LUT3 (Prop_lut3_I0_O)        0.124     8.132 r  divider2/counter[27]_i_1/O
                         net (fo=27, routed)          0.898     9.030    divider2/slowClk2
    SLICE_X3Y16          FDRE                                         r  divider2/counter_reg[24]/R
  -------------------------------------------------------------------    -------------------

                         (clock sys_clk_pin rise edge)
                                                     10.000    10.000 r  
    W5                                                0.000    10.000 r  clk (IN)
                         net (fo=0)                   0.000    10.000    clk
    W5                   IBUF (Prop_ibuf_I_O)         1.388    11.388 r  clk_IBUF_inst/O
                         net (fo=1, routed)           1.862    13.250    clk_IBUF
    BUFGCTRL_X0Y0        BUFG (Prop_bufg_I_O)         0.091    13.341 r  clk_IBUF_BUFG_inst/O
                         net (fo=58, routed)          1.512    14.853    divider2/clk_IBUF_BUFG
    SLICE_X3Y16          FDRE                                         r  divider2/counter_reg[24]/C
                         clock pessimism              0.274    15.127    
                         clock uncertainty           -0.035    15.092    
    SLICE_X3Y16          FDRE (Setup_fdre_C_R)       -0.429    14.663    divider2/counter_reg[24]
  -------------------------------------------------------------------
                         required time                         14.663    
                         arrival time                          -9.030    
  -------------------------------------------------------------------
                         slack                                  5.633    





Min Delay Paths
--------------------------------------------------------------------------------------
Slack (MET) :             0.264ns  (arrival time - required time)
  Source:                 divider2/counter_reg[8]/C
                            (rising edge-triggered cell FDRE clocked by sys_clk_pin  {rise@0.000ns fall@5.000ns period=10.000ns})
  Destination:            divider2/counter_reg[8]/D
                            (rising edge-triggered cell FDRE clocked by sys_clk_pin  {rise@0.000ns fall@5.000ns period=10.000ns})
  Path Group:             sys_clk_pin
  Path Type:              Hold (Min at Fast Process Corner)
  Requirement:            0.000ns  (sys_clk_pin rise@0.000ns - sys_clk_pin rise@0.000ns)
  Data Path Delay:        0.369ns  (logic 0.249ns (67.424%)  route 0.120ns (32.576%))
  Logic Levels:           1  (CARRY4=1)
  Clock Path Skew:        0.000ns (DCD - SCD - CPR)
    Destination Clock Delay (DCD):    1.989ns
    Source Clock Delay      (SCD):    1.475ns
    Clock Pessimism Removal (CPR):    0.514ns

    Location             Delay type                Incr(ns)  Path(ns)    Netlist Resource(s)
  -------------------------------------------------------------------    -------------------
                         (clock sys_clk_pin rise edge)
                                                      0.000     0.000 r  
    W5                                                0.000     0.000 r  clk (IN)
                         net (fo=0)                   0.000     0.000    clk
    W5                   IBUF (Prop_ibuf_I_O)         0.226     0.226 r  clk_IBUF_inst/O
                         net (fo=1, routed)           0.631     0.858    clk_IBUF
    BUFGCTRL_X0Y0        BUFG (Prop_bufg_I_O)         0.026     0.884 r  clk_IBUF_BUFG_inst/O
                         net (fo=58, routed)          0.592     1.475    divider2/clk_IBUF_BUFG
    SLICE_X3Y12          FDRE                                         r  divider2/counter_reg[8]/C
  -------------------------------------------------------------------    -------------------
    SLICE_X3Y12          FDRE (Prop_fdre_C_Q)         0.141     1.616 r  divider2/counter_reg[8]/Q
                         net (fo=2, routed)           0.120     1.736    divider2/counter_reg_n_0_[8]
    SLICE_X3Y12          CARRY4 (Prop_carry4_S[3]_O[3])
                                                      0.108     1.844 r  divider2/counter0_carry__0/O[3]
                         net (fo=1, routed)           0.000     1.844    divider2/data0[8]
    SLICE_X3Y12          FDRE                                         r  divider2/counter_reg[8]/D
  -------------------------------------------------------------------    -------------------

                         (clock sys_clk_pin rise edge)
                                                      0.000     0.000 r  
    W5                                                0.000     0.000 r  clk (IN)
                         net (fo=0)                   0.000     0.000    clk
    W5                   IBUF (Prop_ibuf_I_O)         0.414     0.414 r  clk_IBUF_inst/O
                         net (fo=1, routed)           0.685     1.099    clk_IBUF
    BUFGCTRL_X0Y0        BUFG (Prop_bufg_I_O)         0.029     1.128 r  clk_IBUF_BUFG_inst/O
                         net (fo=58, routed)          0.862     1.989    divider2/clk_IBUF_BUFG
    SLICE_X3Y12          FDRE                                         r  divider2/counter_reg[8]/C
                         clock pessimism             -0.514     1.475    
    SLICE_X3Y12          FDRE (Hold_fdre_C_D)         0.105     1.580    divider2/counter_reg[8]
  -------------------------------------------------------------------
                         required time                         -1.580    
                         arrival time                           1.844    
  -------------------------------------------------------------------
                         slack                                  0.264    

Slack (MET) :             0.264ns  (arrival time - required time)
  Source:                 divider2/counter_reg[16]/C
                            (rising edge-triggered cell FDRE clocked by sys_clk_pin  {rise@0.000ns fall@5.000ns period=10.000ns})
  Destination:            divider2/counter_reg[16]/D
                            (rising edge-triggered cell FDRE clocked by sys_clk_pin  {rise@0.000ns fall@5.000ns period=10.000ns})
  Path Group:             sys_clk_pin
  Path Type:              Hold (Min at Fast Process Corner)
  Requirement:            0.000ns  (sys_clk_pin rise@0.000ns - sys_clk_pin rise@0.000ns)
  Data Path Delay:        0.369ns  (logic 0.249ns (67.424%)  route 0.120ns (32.576%))
  Logic Levels:           1  (CARRY4=1)
  Clock Path Skew:        0.000ns (DCD - SCD - CPR)
    Destination Clock Delay (DCD):    1.988ns
    Source Clock Delay      (SCD):    1.474ns
    Clock Pessimism Removal (CPR):    0.514ns

    Location             Delay type                Incr(ns)  Path(ns)    Netlist Resource(s)
  -------------------------------------------------------------------    -------------------
                         (clock sys_clk_pin rise edge)
                                                      0.000     0.000 r  
    W5                                                0.000     0.000 r  clk (IN)
                         net (fo=0)                   0.000     0.000    clk
    W5                   IBUF (Prop_ibuf_I_O)         0.226     0.226 r  clk_IBUF_inst/O
                         net (fo=1, routed)           0.631     0.858    clk_IBUF
    BUFGCTRL_X0Y0        BUFG (Prop_bufg_I_O)         0.026     0.884 r  clk_IBUF_BUFG_inst/O
                         net (fo=58, routed)          0.591     1.474    divider2/clk_IBUF_BUFG
    SLICE_X3Y14          FDRE                                         r  divider2/counter_reg[16]/C
  -------------------------------------------------------------------    -------------------
    SLICE_X3Y14          FDRE (Prop_fdre_C_Q)         0.141     1.615 r  divider2/counter_reg[16]/Q
                         net (fo=2, routed)           0.120     1.735    divider2/counter_reg_n_0_[16]
    SLICE_X3Y14          CARRY4 (Prop_carry4_S[3]_O[3])
                                                      0.108     1.843 r  divider2/counter0_carry__2/O[3]
                         net (fo=1, routed)           0.000     1.843    divider2/data0[16]
    SLICE_X3Y14          FDRE                                         r  divider2/counter_reg[16]/D
  -------------------------------------------------------------------    -------------------

                         (clock sys_clk_pin rise edge)
                                                      0.000     0.000 r  
    W5                                                0.000     0.000 r  clk (IN)
                         net (fo=0)                   0.000     0.000    clk
    W5                   IBUF (Prop_ibuf_I_O)         0.414     0.414 r  clk_IBUF_inst/O
                         net (fo=1, routed)           0.685     1.099    clk_IBUF
    BUFGCTRL_X0Y0        BUFG (Prop_bufg_I_O)         0.029     1.128 r  clk_IBUF_BUFG_inst/O
                         net (fo=58, routed)          0.861     1.988    divider2/clk_IBUF_BUFG
    SLICE_X3Y14          FDRE                                         r  divider2/counter_reg[16]/C
                         clock pessimism             -0.514     1.474    
    SLICE_X3Y14          FDRE (Hold_fdre_C_D)         0.105     1.579    divider2/counter_reg[16]
  -------------------------------------------------------------------
                         required time                         -1.579    
                         arrival time                           1.843    
  -------------------------------------------------------------------
                         slack                                  0.264    

Slack (MET) :             0.264ns  (arrival time - required time)
  Source:                 divider2/counter_reg[4]/C
                            (rising edge-triggered cell FDRE clocked by sys_clk_pin  {rise@0.000ns fall@5.000ns period=10.000ns})
  Destination:            divider2/counter_reg[4]/D
                            (rising edge-triggered cell FDRE clocked by sys_clk_pin  {rise@0.000ns fall@5.000ns period=10.000ns})
  Path Group:             sys_clk_pin
  Path Type:              Hold (Min at Fast Process Corner)
  Requirement:            0.000ns  (sys_clk_pin rise@0.000ns - sys_clk_pin rise@0.000ns)
  Data Path Delay:        0.369ns  (logic 0.249ns (67.424%)  route 0.120ns (32.576%))
  Logic Levels:           1  (CARRY4=1)
  Clock Path Skew:        0.000ns (DCD - SCD - CPR)
    Destination Clock Delay (DCD):    1.991ns
    Source Clock Delay      (SCD):    1.476ns
    Clock Pessimism Removal (CPR):    0.515ns

    Location             Delay type                Incr(ns)  Path(ns)    Netlist Resource(s)
  -------------------------------------------------------------------    -------------------
                         (clock sys_clk_pin rise edge)
                                                      0.000     0.000 r  
    W5                                                0.000     0.000 r  clk (IN)
                         net (fo=0)                   0.000     0.000    clk
    W5                   IBUF (Prop_ibuf_I_O)         0.226     0.226 r  clk_IBUF_inst/O
                         net (fo=1, routed)           0.631     0.858    clk_IBUF
    BUFGCTRL_X0Y0        BUFG (Prop_bufg_I_O)         0.026     0.884 r  clk_IBUF_BUFG_inst/O
                         net (fo=58, routed)          0.593     1.476    divider2/clk_IBUF_BUFG
    SLICE_X3Y11          FDRE                                         r  divider2/counter_reg[4]/C
  -------------------------------------------------------------------    -------------------
    SLICE_X3Y11          FDRE (Prop_fdre_C_Q)         0.141     1.617 r  divider2/counter_reg[4]/Q
                         net (fo=2, routed)           0.120     1.737    divider2/counter_reg_n_0_[4]
    SLICE_X3Y11          CARRY4 (Prop_carry4_S[3]_O[3])
                                                      0.108     1.845 r  divider2/counter0_carry/O[3]
                         net (fo=1, routed)           0.000     1.845    divider2/data0[4]
    SLICE_X3Y11          FDRE                                         r  divider2/counter_reg[4]/D
  -------------------------------------------------------------------    -------------------

                         (clock sys_clk_pin rise edge)
                                                      0.000     0.000 r  
    W5                                                0.000     0.000 r  clk (IN)
                         net (fo=0)                   0.000     0.000    clk
    W5                   IBUF (Prop_ibuf_I_O)         0.414     0.414 r  clk_IBUF_inst/O
                         net (fo=1, routed)           0.685     1.099    clk_IBUF
    BUFGCTRL_X0Y0        BUFG (Prop_bufg_I_O)         0.029     1.128 r  clk_IBUF_BUFG_inst/O
                         net (fo=58, routed)          0.864     1.991    divider2/clk_IBUF_BUFG
    SLICE_X3Y11          FDRE                                         r  divider2/counter_reg[4]/C
                         clock pessimism             -0.515     1.476    
    SLICE_X3Y11          FDRE (Hold_fdre_C_D)         0.105     1.581    divider2/counter_reg[4]
  -------------------------------------------------------------------
                         required time                         -1.581    
                         arrival time                           1.845    
  -------------------------------------------------------------------
                         slack                                  0.264    

Slack (MET) :             0.264ns  (arrival time - required time)
  Source:                 divider2/counter_reg[20]/C
                            (rising edge-triggered cell FDRE clocked by sys_clk_pin  {rise@0.000ns fall@5.000ns period=10.000ns})
  Destination:            divider2/counter_reg[20]/D
                            (rising edge-triggered cell FDRE clocked by sys_clk_pin  {rise@0.000ns fall@5.000ns period=10.000ns})
  Path Group:             sys_clk_pin
  Path Type:              Hold (Min at Fast Process Corner)
  Requirement:            0.000ns  (sys_clk_pin rise@0.000ns - sys_clk_pin rise@0.000ns)
  Data Path Delay:        0.369ns  (logic 0.249ns (67.424%)  route 0.120ns (32.576%))
  Logic Levels:           1  (CARRY4=1)
  Clock Path Skew:        0.000ns (DCD - SCD - CPR)
    Destination Clock Delay (DCD):    1.987ns
    Source Clock Delay      (SCD):    1.474ns
    Clock Pessimism Removal (CPR):    0.513ns

    Location             Delay type                Incr(ns)  Path(ns)    Netlist Resource(s)
  -------------------------------------------------------------------    -------------------
                         (clock sys_clk_pin rise edge)
                                                      0.000     0.000 r  
    W5                                                0.000     0.000 r  clk (IN)
                         net (fo=0)                   0.000     0.000    clk
    W5                   IBUF (Prop_ibuf_I_O)         0.226     0.226 r  clk_IBUF_inst/O
                         net (fo=1, routed)           0.631     0.858    clk_IBUF
    BUFGCTRL_X0Y0        BUFG (Prop_bufg_I_O)         0.026     0.884 r  clk_IBUF_BUFG_inst/O
                         net (fo=58, routed)          0.591     1.474    divider2/clk_IBUF_BUFG
    SLICE_X3Y15          FDRE                                         r  divider2/counter_reg[20]/C
  -------------------------------------------------------------------    -------------------
    SLICE_X3Y15          FDRE (Prop_fdre_C_Q)         0.141     1.615 r  divider2/counter_reg[20]/Q
                         net (fo=2, routed)           0.120     1.735    divider2/counter_reg_n_0_[20]
    SLICE_X3Y15          CARRY4 (Prop_carry4_S[3]_O[3])
                                                      0.108     1.843 r  divider2/counter0_carry__3/O[3]
                         net (fo=1, routed)           0.000     1.843    divider2/data0[20]
    SLICE_X3Y15          FDRE                                         r  divider2/counter_reg[20]/D
  -------------------------------------------------------------------    -------------------

                         (clock sys_clk_pin rise edge)
                                                      0.000     0.000 r  
    W5                                                0.000     0.000 r  clk (IN)
                         net (fo=0)                   0.000     0.000    clk
    W5                   IBUF (Prop_ibuf_I_O)         0.414     0.414 r  clk_IBUF_inst/O
                         net (fo=1, routed)           0.685     1.099    clk_IBUF
    BUFGCTRL_X0Y0        BUFG (Prop_bufg_I_O)         0.029     1.128 r  clk_IBUF_BUFG_inst/O
                         net (fo=58, routed)          0.860     1.987    divider2/clk_IBUF_BUFG
    SLICE_X3Y15          FDRE                                         r  divider2/counter_reg[20]/C
                         clock pessimism             -0.513     1.474    
    SLICE_X3Y15          FDRE (Hold_fdre_C_D)         0.105     1.579    divider2/counter_reg[20]
  -------------------------------------------------------------------
                         required time                         -1.579    
                         arrival time                           1.843    
  -------------------------------------------------------------------
                         slack                                  0.264    

Slack (MET) :             0.264ns  (arrival time - required time)
  Source:                 divider2/counter_reg[12]/C
                            (rising edge-triggered cell FDRE clocked by sys_clk_pin  {rise@0.000ns fall@5.000ns period=10.000ns})
  Destination:            divider2/counter_reg[12]/D
                            (rising edge-triggered cell FDRE clocked by sys_clk_pin  {rise@0.000ns fall@5.000ns period=10.000ns})
  Path Group:             sys_clk_pin
  Path Type:              Hold (Min at Fast Process Corner)
  Requirement:            0.000ns  (sys_clk_pin rise@0.000ns - sys_clk_pin rise@0.000ns)
  Data Path Delay:        0.369ns  (logic 0.249ns (67.412%)  route 0.120ns (32.588%))
  Logic Levels:           1  (CARRY4=1)
  Clock Path Skew:        0.000ns (DCD - SCD - CPR)
    Destination Clock Delay (DCD):    1.988ns
    Source Clock Delay      (SCD):    1.474ns
    Clock Pessimism Removal (CPR):    0.514ns

    Location             Delay type                Incr(ns)  Path(ns)    Netlist Resource(s)
  -------------------------------------------------------------------    -------------------
                         (clock sys_clk_pin rise edge)
                                                      0.000     0.000 r  
    W5                                                0.000     0.000 r  clk (IN)
                         net (fo=0)                   0.000     0.000    clk
    W5                   IBUF (Prop_ibuf_I_O)         0.226     0.226 r  clk_IBUF_inst/O
                         net (fo=1, routed)           0.631     0.858    clk_IBUF
    BUFGCTRL_X0Y0        BUFG (Prop_bufg_I_O)         0.026     0.884 r  clk_IBUF_BUFG_inst/O
                         net (fo=58, routed)          0.591     1.474    divider2/clk_IBUF_BUFG
    SLICE_X3Y13          FDRE                                         r  divider2/counter_reg[12]/C
  -------------------------------------------------------------------    -------------------
    SLICE_X3Y13          FDRE (Prop_fdre_C_Q)         0.141     1.615 r  divider2/counter_reg[12]/Q
                         net (fo=2, routed)           0.120     1.735    divider2/counter_reg_n_0_[12]
    SLICE_X3Y13          CARRY4 (Prop_carry4_S[3]_O[3])
                                                      0.108     1.843 r  divider2/counter0_carry__1/O[3]
                         net (fo=1, routed)           0.000     1.843    divider2/data0[12]
    SLICE_X3Y13          FDRE                                         r  divider2/counter_reg[12]/D
  -------------------------------------------------------------------    -------------------

                         (clock sys_clk_pin rise edge)
                                                      0.000     0.000 r  
    W5                                                0.000     0.000 r  clk (IN)
                         net (fo=0)                   0.000     0.000    clk
    W5                   IBUF (Prop_ibuf_I_O)         0.414     0.414 r  clk_IBUF_inst/O
                         net (fo=1, routed)           0.685     1.099    clk_IBUF
    BUFGCTRL_X0Y0        BUFG (Prop_bufg_I_O)         0.029     1.128 r  clk_IBUF_BUFG_inst/O
                         net (fo=58, routed)          0.861     1.988    divider2/clk_IBUF_BUFG
    SLICE_X3Y13          FDRE                                         r  divider2/counter_reg[12]/C
                         clock pessimism             -0.514     1.474    
    SLICE_X3Y13          FDRE (Hold_fdre_C_D)         0.105     1.579    divider2/counter_reg[12]
  -------------------------------------------------------------------
                         required time                         -1.579    
                         arrival time                           1.843    
  -------------------------------------------------------------------
                         slack                                  0.264    

Slack (MET) :             0.264ns  (arrival time - required time)
  Source:                 divider2/counter_reg[24]/C
                            (rising edge-triggered cell FDRE clocked by sys_clk_pin  {rise@0.000ns fall@5.000ns period=10.000ns})
  Destination:            divider2/counter_reg[24]/D
                            (rising edge-triggered cell FDRE clocked by sys_clk_pin  {rise@0.000ns fall@5.000ns period=10.000ns})
  Path Group:             sys_clk_pin
  Path Type:              Hold (Min at Fast Process Corner)
  Requirement:            0.000ns  (sys_clk_pin rise@0.000ns - sys_clk_pin rise@0.000ns)
  Data Path Delay:        0.369ns  (logic 0.249ns (67.412%)  route 0.120ns (32.588%))
  Logic Levels:           1  (CARRY4=1)
  Clock Path Skew:        0.000ns (DCD - SCD - CPR)
    Destination Clock Delay (DCD):    1.986ns
    Source Clock Delay      (SCD):    1.473ns
    Clock Pessimism Removal (CPR):    0.513ns

    Location             Delay type                Incr(ns)  Path(ns)    Netlist Resource(s)
  -------------------------------------------------------------------    -------------------
                         (clock sys_clk_pin rise edge)
                                                      0.000     0.000 r  
    W5                                                0.000     0.000 r  clk (IN)
                         net (fo=0)                   0.000     0.000    clk
    W5                   IBUF (Prop_ibuf_I_O)         0.226     0.226 r  clk_IBUF_inst/O
                         net (fo=1, routed)           0.631     0.858    clk_IBUF
    BUFGCTRL_X0Y0        BUFG (Prop_bufg_I_O)         0.026     0.884 r  clk_IBUF_BUFG_inst/O
                         net (fo=58, routed)          0.590     1.473    divider2/clk_IBUF_BUFG
    SLICE_X3Y16          FDRE                                         r  divider2/counter_reg[24]/C
  -------------------------------------------------------------------    -------------------
    SLICE_X3Y16          FDRE (Prop_fdre_C_Q)         0.141     1.614 r  divider2/counter_reg[24]/Q
                         net (fo=2, routed)           0.120     1.734    divider2/counter_reg_n_0_[24]
    SLICE_X3Y16          CARRY4 (Prop_carry4_S[3]_O[3])
                                                      0.108     1.842 r  divider2/counter0_carry__4/O[3]
                         net (fo=1, routed)           0.000     1.842    divider2/data0[24]
    SLICE_X3Y16          FDRE                                         r  divider2/counter_reg[24]/D
  -------------------------------------------------------------------    -------------------

                         (clock sys_clk_pin rise edge)
                                                      0.000     0.000 r  
    W5                                                0.000     0.000 r  clk (IN)
                         net (fo=0)                   0.000     0.000    clk
    W5                   IBUF (Prop_ibuf_I_O)         0.414     0.414 r  clk_IBUF_inst/O
                         net (fo=1, routed)           0.685     1.099    clk_IBUF
    BUFGCTRL_X0Y0        BUFG (Prop_bufg_I_O)         0.029     1.128 r  clk_IBUF_BUFG_inst/O
                         net (fo=58, routed)          0.859     1.986    divider2/clk_IBUF_BUFG
    SLICE_X3Y16          FDRE                                         r  divider2/counter_reg[24]/C
                         clock pessimism             -0.513     1.473    
    SLICE_X3Y16          FDRE (Hold_fdre_C_D)         0.105     1.578    divider2/counter_reg[24]
  -------------------------------------------------------------------
                         required time                         -1.578    
                         arrival time                           1.842    
  -------------------------------------------------------------------
                         slack                                  0.264    

Slack (MET) :             0.266ns  (arrival time - required time)
  Source:                 divider2/counter_reg[13]/C
                            (rising edge-triggered cell FDRE clocked by sys_clk_pin  {rise@0.000ns fall@5.000ns period=10.000ns})
  Destination:            divider2/counter_reg[13]/D
                            (rising edge-triggered cell FDRE clocked by sys_clk_pin  {rise@0.000ns fall@5.000ns period=10.000ns})
  Path Group:             sys_clk_pin
  Path Type:              Hold (Min at Fast Process Corner)
  Requirement:            0.000ns  (sys_clk_pin rise@0.000ns - sys_clk_pin rise@0.000ns)
  Data Path Delay:        0.371ns  (logic 0.256ns (68.994%)  route 0.115ns (31.006%))
  Logic Levels:           1  (CARRY4=1)
  Clock Path Skew:        0.000ns (DCD - SCD - CPR)
    Destination Clock Delay (DCD):    1.988ns
    Source Clock Delay      (SCD):    1.474ns
    Clock Pessimism Removal (CPR):    0.514ns

    Location             Delay type                Incr(ns)  Path(ns)    Netlist Resource(s)
  -------------------------------------------------------------------    -------------------
                         (clock sys_clk_pin rise edge)
                                                      0.000     0.000 r  
    W5                                                0.000     0.000 r  clk (IN)
                         net (fo=0)                   0.000     0.000    clk
    W5                   IBUF (Prop_ibuf_I_O)         0.226     0.226 r  clk_IBUF_inst/O
                         net (fo=1, routed)           0.631     0.858    clk_IBUF
    BUFGCTRL_X0Y0        BUFG (Prop_bufg_I_O)         0.026     0.884 r  clk_IBUF_BUFG_inst/O
                         net (fo=58, routed)          0.591     1.474    divider2/clk_IBUF_BUFG
    SLICE_X3Y14          FDRE                                         r  divider2/counter_reg[13]/C
  -------------------------------------------------------------------    -------------------
    SLICE_X3Y14          FDRE (Prop_fdre_C_Q)         0.141     1.615 r  divider2/counter_reg[13]/Q
                         net (fo=2, routed)           0.115     1.730    divider2/counter_reg_n_0_[13]
    SLICE_X3Y14          CARRY4 (Prop_carry4_S[0]_O[0])
                                                      0.115     1.845 r  divider2/counter0_carry__2/O[0]
                         net (fo=1, routed)           0.000     1.845    divider2/data0[13]
    SLICE_X3Y14          FDRE                                         r  divider2/counter_reg[13]/D
  -------------------------------------------------------------------    -------------------

                         (clock sys_clk_pin rise edge)
                                                      0.000     0.000 r  
    W5                                                0.000     0.000 r  clk (IN)
                         net (fo=0)                   0.000     0.000    clk
    W5                   IBUF (Prop_ibuf_I_O)         0.414     0.414 r  clk_IBUF_inst/O
                         net (fo=1, routed)           0.685     1.099    clk_IBUF
    BUFGCTRL_X0Y0        BUFG (Prop_bufg_I_O)         0.029     1.128 r  clk_IBUF_BUFG_inst/O
                         net (fo=58, routed)          0.861     1.988    divider2/clk_IBUF_BUFG
    SLICE_X3Y14          FDRE                                         r  divider2/counter_reg[13]/C
                         clock pessimism             -0.514     1.474    
    SLICE_X3Y14          FDRE (Hold_fdre_C_D)         0.105     1.579    divider2/counter_reg[13]
  -------------------------------------------------------------------
                         required time                         -1.579    
                         arrival time                           1.845    
  -------------------------------------------------------------------
                         slack                                  0.266    

Slack (MET) :             0.266ns  (arrival time - required time)
  Source:                 divider2/counter_reg[17]/C
                            (rising edge-triggered cell FDRE clocked by sys_clk_pin  {rise@0.000ns fall@5.000ns period=10.000ns})
  Destination:            divider2/counter_reg[17]/D
                            (rising edge-triggered cell FDRE clocked by sys_clk_pin  {rise@0.000ns fall@5.000ns period=10.000ns})
  Path Group:             sys_clk_pin
  Path Type:              Hold (Min at Fast Process Corner)
  Requirement:            0.000ns  (sys_clk_pin rise@0.000ns - sys_clk_pin rise@0.000ns)
  Data Path Delay:        0.371ns  (logic 0.256ns (68.994%)  route 0.115ns (31.006%))
  Logic Levels:           1  (CARRY4=1)
  Clock Path Skew:        0.000ns (DCD - SCD - CPR)
    Destination Clock Delay (DCD):    1.987ns
    Source Clock Delay      (SCD):    1.474ns
    Clock Pessimism Removal (CPR):    0.513ns

    Location             Delay type                Incr(ns)  Path(ns)    Netlist Resource(s)
  -------------------------------------------------------------------    -------------------
                         (clock sys_clk_pin rise edge)
                                                      0.000     0.000 r  
    W5                                                0.000     0.000 r  clk (IN)
                         net (fo=0)                   0.000     0.000    clk
    W5                   IBUF (Prop_ibuf_I_O)         0.226     0.226 r  clk_IBUF_inst/O
                         net (fo=1, routed)           0.631     0.858    clk_IBUF
    BUFGCTRL_X0Y0        BUFG (Prop_bufg_I_O)         0.026     0.884 r  clk_IBUF_BUFG_inst/O
                         net (fo=58, routed)          0.591     1.474    divider2/clk_IBUF_BUFG
    SLICE_X3Y15          FDRE                                         r  divider2/counter_reg[17]/C
  -------------------------------------------------------------------    -------------------
    SLICE_X3Y15          FDRE (Prop_fdre_C_Q)         0.141     1.615 r  divider2/counter_reg[17]/Q
                         net (fo=2, routed)           0.115     1.730    divider2/counter_reg_n_0_[17]
    SLICE_X3Y15          CARRY4 (Prop_carry4_S[0]_O[0])
                                                      0.115     1.845 r  divider2/counter0_carry__3/O[0]
                         net (fo=1, routed)           0.000     1.845    divider2/data0[17]
    SLICE_X3Y15          FDRE                                         r  divider2/counter_reg[17]/D
  -------------------------------------------------------------------    -------------------

                         (clock sys_clk_pin rise edge)
                                                      0.000     0.000 r  
    W5                                                0.000     0.000 r  clk (IN)
                         net (fo=0)                   0.000     0.000    clk
    W5                   IBUF (Prop_ibuf_I_O)         0.414     0.414 r  clk_IBUF_inst/O
                         net (fo=1, routed)           0.685     1.099    clk_IBUF
    BUFGCTRL_X0Y0        BUFG (Prop_bufg_I_O)         0.029     1.128 r  clk_IBUF_BUFG_inst/O
                         net (fo=58, routed)          0.860     1.987    divider2/clk_IBUF_BUFG
    SLICE_X3Y15          FDRE                                         r  divider2/counter_reg[17]/C
                         clock pessimism             -0.513     1.474    
    SLICE_X3Y15          FDRE (Hold_fdre_C_D)         0.105     1.579    divider2/counter_reg[17]
  -------------------------------------------------------------------
                         required time                         -1.579    
                         arrival time                           1.845    
  -------------------------------------------------------------------
                         slack                                  0.266    

Slack (MET) :             0.267ns  (arrival time - required time)
  Source:                 divider1/counter_reg[7]/C
                            (rising edge-triggered cell FDRE clocked by sys_clk_pin  {rise@0.000ns fall@5.000ns period=10.000ns})
  Destination:            divider1/counter_reg[7]/D
                            (rising edge-triggered cell FDRE clocked by sys_clk_pin  {rise@0.000ns fall@5.000ns period=10.000ns})
  Path Group:             sys_clk_pin
  Path Type:              Hold (Min at Fast Process Corner)
  Requirement:            0.000ns  (sys_clk_pin rise@0.000ns - sys_clk_pin rise@0.000ns)
  Data Path Delay:        0.401ns  (logic 0.274ns (68.412%)  route 0.127ns (31.588%))
  Logic Levels:           1  (CARRY4=1)
  Clock Path Skew:        0.000ns (DCD - SCD - CPR)
    Destination Clock Delay (DCD):    1.989ns
    Source Clock Delay      (SCD):    1.475ns
    Clock Pessimism Removal (CPR):    0.514ns

    Location             Delay type                Incr(ns)  Path(ns)    Netlist Resource(s)
  -------------------------------------------------------------------    -------------------
                         (clock sys_clk_pin rise edge)
                                                      0.000     0.000 r  
    W5                                                0.000     0.000 r  clk (IN)
                         net (fo=0)                   0.000     0.000    clk
    W5                   IBUF (Prop_ibuf_I_O)         0.226     0.226 r  clk_IBUF_inst/O
                         net (fo=1, routed)           0.631     0.858    clk_IBUF
    BUFGCTRL_X0Y0        BUFG (Prop_bufg_I_O)         0.026     0.884 r  clk_IBUF_BUFG_inst/O
                         net (fo=58, routed)          0.592     1.475    divider1/clk_IBUF_BUFG
    SLICE_X2Y12          FDRE                                         r  divider1/counter_reg[7]/C
  -------------------------------------------------------------------    -------------------
    SLICE_X2Y12          FDRE (Prop_fdre_C_Q)         0.164     1.639 r  divider1/counter_reg[7]/Q
                         net (fo=2, routed)           0.127     1.766    divider1/counter_reg_n_0_[7]
    SLICE_X2Y12          CARRY4 (Prop_carry4_S[2]_O[2])
                                                      0.110     1.876 r  divider1/counter0_carry__0/O[2]
                         net (fo=1, routed)           0.000     1.876    divider1/counter0_carry__0_n_5
    SLICE_X2Y12          FDRE                                         r  divider1/counter_reg[7]/D
  -------------------------------------------------------------------    -------------------

                         (clock sys_clk_pin rise edge)
                                                      0.000     0.000 r  
    W5                                                0.000     0.000 r  clk (IN)
                         net (fo=0)                   0.000     0.000    clk
    W5                   IBUF (Prop_ibuf_I_O)         0.414     0.414 r  clk_IBUF_inst/O
                         net (fo=1, routed)           0.685     1.099    clk_IBUF
    BUFGCTRL_X0Y0        BUFG (Prop_bufg_I_O)         0.029     1.128 r  clk_IBUF_BUFG_inst/O
                         net (fo=58, routed)          0.862     1.989    divider1/clk_IBUF_BUFG
    SLICE_X2Y12          FDRE                                         r  divider1/counter_reg[7]/C
                         clock pessimism             -0.514     1.475    
    SLICE_X2Y12          FDRE (Hold_fdre_C_D)         0.134     1.609    divider1/counter_reg[7]
  -------------------------------------------------------------------
                         required time                         -1.609    
                         arrival time                           1.876    
  -------------------------------------------------------------------
                         slack                                  0.267    

Slack (MET) :             0.267ns  (arrival time - required time)
  Source:                 divider1/counter_reg[15]/C
                            (rising edge-triggered cell FDRE clocked by sys_clk_pin  {rise@0.000ns fall@5.000ns period=10.000ns})
  Destination:            divider1/counter_reg[15]/D
                            (rising edge-triggered cell FDRE clocked by sys_clk_pin  {rise@0.000ns fall@5.000ns period=10.000ns})
  Path Group:             sys_clk_pin
  Path Type:              Hold (Min at Fast Process Corner)
  Requirement:            0.000ns  (sys_clk_pin rise@0.000ns - sys_clk_pin rise@0.000ns)
  Data Path Delay:        0.401ns  (logic 0.274ns (68.412%)  route 0.127ns (31.588%))
  Logic Levels:           1  (CARRY4=1)
  Clock Path Skew:        0.000ns (DCD - SCD - CPR)
    Destination Clock Delay (DCD):    1.988ns
    Source Clock Delay      (SCD):    1.474ns
    Clock Pessimism Removal (CPR):    0.514ns

    Location             Delay type                Incr(ns)  Path(ns)    Netlist Resource(s)
  -------------------------------------------------------------------    -------------------
                         (clock sys_clk_pin rise edge)
                                                      0.000     0.000 r  
    W5                                                0.000     0.000 r  clk (IN)
                         net (fo=0)                   0.000     0.000    clk
    W5                   IBUF (Prop_ibuf_I_O)         0.226     0.226 r  clk_IBUF_inst/O
                         net (fo=1, routed)           0.631     0.858    clk_IBUF
    BUFGCTRL_X0Y0        BUFG (Prop_bufg_I_O)         0.026     0.884 r  clk_IBUF_BUFG_inst/O
                         net (fo=58, routed)          0.591     1.474    divider1/clk_IBUF_BUFG
    SLICE_X2Y14          FDRE                                         r  divider1/counter_reg[15]/C
  -------------------------------------------------------------------    -------------------
    SLICE_X2Y14          FDRE (Prop_fdre_C_Q)         0.164     1.638 r  divider1/counter_reg[15]/Q
                         net (fo=2, routed)           0.127     1.765    divider1/counter_reg_n_0_[15]
    SLICE_X2Y14          CARRY4 (Prop_carry4_S[2]_O[2])
                                                      0.110     1.875 r  divider1/counter0_carry__2/O[2]
                         net (fo=1, routed)           0.000     1.875    divider1/counter0_carry__2_n_5
    SLICE_X2Y14          FDRE                                         r  divider1/counter_reg[15]/D
  -------------------------------------------------------------------    -------------------

                         (clock sys_clk_pin rise edge)
                                                      0.000     0.000 r  
    W5                                                0.000     0.000 r  clk (IN)
                         net (fo=0)                   0.000     0.000    clk
    W5                   IBUF (Prop_ibuf_I_O)         0.414     0.414 r  clk_IBUF_inst/O
                         net (fo=1, routed)           0.685     1.099    clk_IBUF
    BUFGCTRL_X0Y0        BUFG (Prop_bufg_I_O)         0.029     1.128 r  clk_IBUF_BUFG_inst/O
                         net (fo=58, routed)          0.861     1.988    divider1/clk_IBUF_BUFG
    SLICE_X2Y14          FDRE                                         r  divider1/counter_reg[15]/C
                         clock pessimism             -0.514     1.474    
    SLICE_X2Y14          FDRE (Hold_fdre_C_D)         0.134     1.608    divider1/counter_reg[15]
  -------------------------------------------------------------------
                         required time                         -1.608    
                         arrival time                           1.875    
  -------------------------------------------------------------------
                         slack                                  0.267    





Pulse Width Checks
--------------------------------------------------------------------------------------
Clock Name:         sys_clk_pin
Waveform(ns):       { 0.000 5.000 }
Period(ns):         10.000
Sources:            { clk }

Check Type        Corner  Lib Pin  Reference Pin  Required(ns)  Actual(ns)  Slack(ns)  Location       Pin
Min Period        n/a     BUFG/I   n/a            2.155         10.000      7.845      BUFGCTRL_X0Y0  clk_IBUF_BUFG_inst/I
Min Period        n/a     FDRE/C   n/a            1.000         10.000      9.000      SLICE_X1Y11    divider1/counter_reg[0]/C
Min Period        n/a     FDRE/C   n/a            1.000         10.000      9.000      SLICE_X2Y13    divider1/counter_reg[10]/C
Min Period        n/a     FDRE/C   n/a            1.000         10.000      9.000      SLICE_X2Y13    divider1/counter_reg[11]/C
Min Period        n/a     FDRE/C   n/a            1.000         10.000      9.000      SLICE_X2Y13    divider1/counter_reg[12]/C
Min Period        n/a     FDRE/C   n/a            1.000         10.000      9.000      SLICE_X2Y14    divider1/counter_reg[13]/C
Min Period        n/a     FDRE/C   n/a            1.000         10.000      9.000      SLICE_X2Y14    divider1/counter_reg[14]/C
Min Period        n/a     FDRE/C   n/a            1.000         10.000      9.000      SLICE_X2Y14    divider1/counter_reg[15]/C
Min Period        n/a     FDRE/C   n/a            1.000         10.000      9.000      SLICE_X2Y14    divider1/counter_reg[16]/C
Min Period        n/a     FDRE/C   n/a            1.000         10.000      9.000      SLICE_X2Y15    divider1/counter_reg[17]/C
Low Pulse Width   Fast    FDRE/C   n/a            0.500         5.000       4.500      SLICE_X1Y11    divider1/counter_reg[0]/C
Low Pulse Width   Fast    FDRE/C   n/a            0.500         5.000       4.500      SLICE_X2Y13    divider1/counter_reg[10]/C
Low Pulse Width   Fast    FDRE/C   n/a            0.500         5.000       4.500      SLICE_X2Y13    divider1/counter_reg[11]/C
Low Pulse Width   Fast    FDRE/C   n/a            0.500         5.000       4.500      SLICE_X2Y13    divider1/counter_reg[12]/C
Low Pulse Width   Fast    FDRE/C   n/a            0.500         5.000       4.500      SLICE_X2Y14    divider1/counter_reg[13]/C
Low Pulse Width   Fast    FDRE/C   n/a            0.500         5.000       4.500      SLICE_X2Y14    divider1/counter_reg[14]/C
Low Pulse Width   Fast    FDRE/C   n/a            0.500         5.000       4.500      SLICE_X2Y14    divider1/counter_reg[15]/C
Low Pulse Width   Fast    FDRE/C   n/a            0.500         5.000       4.500      SLICE_X2Y14    divider1/counter_reg[16]/C
Low Pulse Width   Fast    FDRE/C   n/a            0.500         5.000       4.500      SLICE_X2Y15    divider1/counter_reg[17]/C
Low Pulse Width   Fast    FDRE/C   n/a            0.500         5.000       4.500      SLICE_X2Y15    divider1/counter_reg[18]/C
High Pulse Width  Slow    FDRE/C   n/a            0.500         5.000       4.500      SLICE_X2Y15    divider1/counter_reg[17]/C
High Pulse Width  Slow    FDRE/C   n/a            0.500         5.000       4.500      SLICE_X2Y15    divider1/counter_reg[18]/C
High Pulse Width  Slow    FDRE/C   n/a            0.500         5.000       4.500      SLICE_X2Y15    divider1/counter_reg[19]/C
High Pulse Width  Slow    FDRE/C   n/a            0.500         5.000       4.500      SLICE_X2Y15    divider1/counter_reg[20]/C
High Pulse Width  Slow    FDRE/C   n/a            0.500         5.000       4.500      SLICE_X2Y16    divider1/counter_reg[21]/C
High Pulse Width  Fast    FDRE/C   n/a            0.500         5.000       4.500      SLICE_X2Y16    divider1/counter_reg[21]/C
High Pulse Width  Slow    FDRE/C   n/a            0.500         5.000       4.500      SLICE_X2Y16    divider1/counter_reg[22]/C
High Pulse Width  Fast    FDRE/C   n/a            0.500         5.000       4.500      SLICE_X2Y16    divider1/counter_reg[22]/C
High Pulse Width  Slow    FDRE/C   n/a            0.500         5.000       4.500      SLICE_X2Y16    divider1/counter_reg[23]/C
High Pulse Width  Fast    FDRE/C   n/a            0.500         5.000       4.500      SLICE_X2Y16    divider1/counter_reg[23]/C



