
*** Running vivado
    with args -log VGA.vds -m64 -product Vivado -mode batch -messageDb vivado.pb -notrace -source VGA.tcl


****** Vivado v2016.4 (64-bit)
  **** SW Build 1756540 on Mon Jan 23 19:11:23 MST 2017
  **** IP Build 1755317 on Mon Jan 23 20:30:07 MST 2017
    ** Copyright 1986-2016 Xilinx, Inc. All Rights Reserved.

source VGA.tcl -notrace
Command: synth_design -top VGA -part xc7a35tcpg236-1
Starting synth_design
Attempting to get a license for feature 'Synthesis' and/or device 'xc7a35t'
INFO: [Common 17-349] Got license for feature 'Synthesis' and/or device 'xc7a35t'
INFO: Launching helper process for spawning children vivado processes
INFO: Helper process launched with PID 10988 
---------------------------------------------------------------------------------
Starting RTL Elaboration : Time (s): cpu = 00:00:04 ; elapsed = 00:00:07 . Memory (MB): peak = 280.738 ; gain = 70.148
---------------------------------------------------------------------------------
INFO: [Synth 8-638] synthesizing module 'VGA' [C:/Users/erick/460M_Lab5/460M_Lab5.srcs/sources_1/new/VGA.v:2]
INFO: [Synth 8-638] synthesizing module 'clockDivider_25MHz' [C:/Users/erick/460M_Lab5/460M_Lab5.srcs/sources_1/new/VGA.v:17]
INFO: [Synth 8-256] done synthesizing module 'clockDivider_25MHz' (1#1) [C:/Users/erick/460M_Lab5/460M_Lab5.srcs/sources_1/new/VGA.v:17]
INFO: [Synth 8-638] synthesizing module 'Screen_Driver' [C:/Users/erick/460M_Lab5/460M_Lab5.srcs/sources_1/new/Screen_Driver.v:1]
INFO: [Synth 8-256] done synthesizing module 'Screen_Driver' (2#1) [C:/Users/erick/460M_Lab5/460M_Lab5.srcs/sources_1/new/Screen_Driver.v:1]
INFO: [Synth 8-256] done synthesizing module 'VGA' (3#1) [C:/Users/erick/460M_Lab5/460M_Lab5.srcs/sources_1/new/VGA.v:2]
---------------------------------------------------------------------------------
Finished RTL Elaboration : Time (s): cpu = 00:00:05 ; elapsed = 00:00:08 . Memory (MB): peak = 318.094 ; gain = 107.504
---------------------------------------------------------------------------------

Report Check Netlist: 
+------+------------------+-------+---------+-------+------------------+
|      |Item              |Errors |Warnings |Status |Description       |
+------+------------------+-------+---------+-------+------------------+
|1     |multi_driven_nets |      0|        0|Passed |Multi driven nets |
+------+------------------+-------+---------+-------+------------------+
---------------------------------------------------------------------------------
Finished RTL Optimization Phase 1 : Time (s): cpu = 00:00:05 ; elapsed = 00:00:08 . Memory (MB): peak = 318.094 ; gain = 107.504
---------------------------------------------------------------------------------
INFO: [Device 21-403] Loading part xc7a35tcpg236-1
INFO: [Project 1-570] Preparing netlist for logic optimization

Processing XDC Constraints
Initializing timing engine
Parsing XDC File [C:/Users/erick/460M_Lab5/460M_Lab5.srcs/constrs_1/imports/Labs/Basys3_Master.xdc]
Finished Parsing XDC File [C:/Users/erick/460M_Lab5/460M_Lab5.srcs/constrs_1/imports/Labs/Basys3_Master.xdc]
INFO: [Project 1-236] Implementation specific constraints were found while reading constraint file [C:/Users/erick/460M_Lab5/460M_Lab5.srcs/constrs_1/imports/Labs/Basys3_Master.xdc]. These constraints will be ignored for synthesis but will be used in implementation. Impacted constraints are listed in the file [.Xil/VGA_propImpl.xdc].
Resolution: To avoid this warning, move constraints listed in [.Xil/VGA_propImpl.xdc] to another XDC file and exclude this new file from synthesis with the used_in_synthesis property (File Properties dialog in GUI) and re-run elaboration/synthesis.
Completed Processing XDC Constraints

INFO: [Project 1-111] Unisim Transformation Summary:
No Unisim elements were transformed.

Constraint Validation Runtime : Time (s): cpu = 00:00:00 ; elapsed = 00:00:00 . Memory (MB): peak = 615.527 ; gain = 0.000
---------------------------------------------------------------------------------
Finished Constraint Validation : Time (s): cpu = 00:00:12 ; elapsed = 00:00:17 . Memory (MB): peak = 615.527 ; gain = 404.938
---------------------------------------------------------------------------------
---------------------------------------------------------------------------------
Start Loading Part and Timing Information
---------------------------------------------------------------------------------
Loading part: xc7a35tcpg236-1
---------------------------------------------------------------------------------
Finished Loading Part and Timing Information : Time (s): cpu = 00:00:12 ; elapsed = 00:00:17 . Memory (MB): peak = 615.527 ; gain = 404.938
---------------------------------------------------------------------------------
---------------------------------------------------------------------------------
Start Applying 'set_property' XDC Constraints
---------------------------------------------------------------------------------
---------------------------------------------------------------------------------
Finished applying 'set_property' XDC Constraints : Time (s): cpu = 00:00:12 ; elapsed = 00:00:17 . Memory (MB): peak = 615.527 ; gain = 404.938
---------------------------------------------------------------------------------
INFO: [Synth 8-5545] ROM "slowClk1" won't be mapped to RAM because address size (28) is larger than maximum supported(25)
INFO: [Synth 8-5546] ROM "vcount" won't be mapped to RAM because it is too sparse
INFO: [Synth 8-5546] ROM "R" won't be mapped to RAM because it is too sparse
INFO: [Synth 8-5546] ROM "B" won't be mapped to RAM because it is too sparse
---------------------------------------------------------------------------------
Finished RTL Optimization Phase 2 : Time (s): cpu = 00:00:13 ; elapsed = 00:00:17 . Memory (MB): peak = 615.527 ; gain = 404.938
---------------------------------------------------------------------------------

Report RTL Partitions: 
+-+--------------+------------+----------+
| |RTL Partition |Replication |Instances |
+-+--------------+------------+----------+
+-+--------------+------------+----------+
---------------------------------------------------------------------------------
Start RTL Component Statistics 
---------------------------------------------------------------------------------
Detailed RTL Component Info : 
+---Adders : 
	   2 Input     28 Bit       Adders := 1     
	   2 Input     10 Bit       Adders := 2     
+---Registers : 
	               28 Bit    Registers := 1     
	               10 Bit    Registers := 2     
	                4 Bit    Registers := 3     
	                1 Bit    Registers := 1     
+---Muxes : 
	   2 Input     28 Bit        Muxes := 1     
	   6 Input      4 Bit        Muxes := 1     
	   2 Input      4 Bit        Muxes := 8     
	   5 Input      4 Bit        Muxes := 3     
	   7 Input      4 Bit        Muxes := 1     
	   2 Input      2 Bit        Muxes := 2     
	   2 Input      1 Bit        Muxes := 3     
---------------------------------------------------------------------------------
Finished RTL Component Statistics 
---------------------------------------------------------------------------------
---------------------------------------------------------------------------------
Start RTL Hierarchical Component Statistics 
---------------------------------------------------------------------------------
Hierarchical RTL Component report 
Module clockDivider_25MHz 
Detailed RTL Component Info : 
+---Adders : 
	   2 Input     28 Bit       Adders := 1     
+---Registers : 
	               28 Bit    Registers := 1     
	                1 Bit    Registers := 1     
+---Muxes : 
	   2 Input     28 Bit        Muxes := 1     
	   2 Input      1 Bit        Muxes := 1     
Module Screen_Driver 
Detailed RTL Component Info : 
+---Adders : 
	   2 Input     10 Bit       Adders := 2     
+---Registers : 
	               10 Bit    Registers := 2     
	                4 Bit    Registers := 3     
+---Muxes : 
	   6 Input      4 Bit        Muxes := 1     
	   2 Input      4 Bit        Muxes := 8     
	   5 Input      4 Bit        Muxes := 3     
	   7 Input      4 Bit        Muxes := 1     
	   2 Input      2 Bit        Muxes := 2     
	   2 Input      1 Bit        Muxes := 2     
---------------------------------------------------------------------------------
Finished RTL Hierarchical Component Statistics
---------------------------------------------------------------------------------
---------------------------------------------------------------------------------
Start Part Resource Summary
---------------------------------------------------------------------------------
Part Resources:
DSPs: 90 (col length:60)
BRAMs: 100 (col length: RAMB18 60 RAMB36 30)
---------------------------------------------------------------------------------
Finished Part Resource Summary
---------------------------------------------------------------------------------
---------------------------------------------------------------------------------
Start Cross Boundary and Area Optimization
---------------------------------------------------------------------------------
INFO: [Synth 8-5545] ROM "clockDiv/slowClk1" won't be mapped to RAM because address size (28) is larger than maximum supported(25)
INFO: [Synth 8-5546] ROM "driver/vcount" won't be mapped to RAM because it is too sparse
INFO: [Synth 8-5546] ROM "driver/R" won't be mapped to RAM because it is too sparse
INFO: [Synth 8-5546] ROM "driver/B" won't be mapped to RAM because it is too sparse
INFO: [Synth 8-3886] merging instance 'driver/B_reg[0]' (FDR) to 'driver/B_reg[3]'
INFO: [Synth 8-3886] merging instance 'driver/B_reg[2]' (FDR) to 'driver/B_reg[3]'
INFO: [Synth 8-3886] merging instance 'driver/G_reg[0]' (FDR) to 'driver/G_reg[2]'
INFO: [Synth 8-3886] merging instance 'driver/G_reg[2]' (FDR) to 'driver/G_reg[3]'
INFO: [Synth 8-3886] merging instance 'driver/R_reg[0]' (FDR) to 'driver/R_reg[2]'
INFO: [Synth 8-3886] merging instance 'driver/R_reg[1]' (FDR) to 'driver/R_reg[3]'
---------------------------------------------------------------------------------
Finished Cross Boundary and Area Optimization : Time (s): cpu = 00:00:13 ; elapsed = 00:00:18 . Memory (MB): peak = 615.527 ; gain = 404.938
---------------------------------------------------------------------------------

Report RTL Partitions: 
+-+--------------+------------+----------+
| |RTL Partition |Replication |Instances |
+-+--------------+------------+----------+
+-+--------------+------------+----------+
---------------------------------------------------------------------------------
Start Timing Optimization
---------------------------------------------------------------------------------
---------------------------------------------------------------------------------
Start Applying XDC Timing Constraints
---------------------------------------------------------------------------------
---------------------------------------------------------------------------------
Finished Applying XDC Timing Constraints : Time (s): cpu = 00:00:23 ; elapsed = 00:00:27 . Memory (MB): peak = 615.527 ; gain = 404.938
---------------------------------------------------------------------------------
---------------------------------------------------------------------------------
Finished Timing Optimization : Time (s): cpu = 00:00:23 ; elapsed = 00:00:27 . Memory (MB): peak = 615.527 ; gain = 404.938
---------------------------------------------------------------------------------

Report RTL Partitions: 
+-+--------------+------------+----------+
| |RTL Partition |Replication |Instances |
+-+--------------+------------+----------+
+-+--------------+------------+----------+
---------------------------------------------------------------------------------
Start Technology Mapping
---------------------------------------------------------------------------------
---------------------------------------------------------------------------------
Finished Technology Mapping : Time (s): cpu = 00:00:23 ; elapsed = 00:00:27 . Memory (MB): peak = 615.527 ; gain = 404.938
---------------------------------------------------------------------------------

Report RTL Partitions: 
+-+--------------+------------+----------+
| |RTL Partition |Replication |Instances |
+-+--------------+------------+----------+
+-+--------------+------------+----------+
---------------------------------------------------------------------------------
Start IO Insertion
---------------------------------------------------------------------------------
---------------------------------------------------------------------------------
Start Flattening Before IO Insertion
---------------------------------------------------------------------------------
---------------------------------------------------------------------------------
Finished Flattening Before IO Insertion
---------------------------------------------------------------------------------
---------------------------------------------------------------------------------
Start Final Netlist Cleanup
---------------------------------------------------------------------------------
---------------------------------------------------------------------------------
Finished Final Netlist Cleanup
---------------------------------------------------------------------------------
---------------------------------------------------------------------------------
Finished IO Insertion : Time (s): cpu = 00:00:23 ; elapsed = 00:00:28 . Memory (MB): peak = 615.527 ; gain = 404.938
---------------------------------------------------------------------------------

Report Check Netlist: 
+------+------------------+-------+---------+-------+------------------+
|      |Item              |Errors |Warnings |Status |Description       |
+------+------------------+-------+---------+-------+------------------+
|1     |multi_driven_nets |      0|        0|Passed |Multi driven nets |
+------+------------------+-------+---------+-------+------------------+
---------------------------------------------------------------------------------
Start Renaming Generated Instances
---------------------------------------------------------------------------------
---------------------------------------------------------------------------------
Finished Renaming Generated Instances : Time (s): cpu = 00:00:23 ; elapsed = 00:00:28 . Memory (MB): peak = 615.527 ; gain = 404.938
---------------------------------------------------------------------------------

Report RTL Partitions: 
+-+--------------+------------+----------+
| |RTL Partition |Replication |Instances |
+-+--------------+------------+----------+
+-+--------------+------------+----------+
---------------------------------------------------------------------------------
Start Rebuilding User Hierarchy
---------------------------------------------------------------------------------
---------------------------------------------------------------------------------
Finished Rebuilding User Hierarchy : Time (s): cpu = 00:00:23 ; elapsed = 00:00:28 . Memory (MB): peak = 615.527 ; gain = 404.938
---------------------------------------------------------------------------------
---------------------------------------------------------------------------------
Start Renaming Generated Ports
---------------------------------------------------------------------------------
---------------------------------------------------------------------------------
Finished Renaming Generated Ports : Time (s): cpu = 00:00:23 ; elapsed = 00:00:28 . Memory (MB): peak = 615.527 ; gain = 404.938
---------------------------------------------------------------------------------
---------------------------------------------------------------------------------
Start Handling Custom Attributes
---------------------------------------------------------------------------------
---------------------------------------------------------------------------------
Finished Handling Custom Attributes : Time (s): cpu = 00:00:23 ; elapsed = 00:00:28 . Memory (MB): peak = 615.527 ; gain = 404.938
---------------------------------------------------------------------------------
---------------------------------------------------------------------------------
Start Renaming Generated Nets
---------------------------------------------------------------------------------
---------------------------------------------------------------------------------
Finished Renaming Generated Nets : Time (s): cpu = 00:00:23 ; elapsed = 00:00:28 . Memory (MB): peak = 615.527 ; gain = 404.938
---------------------------------------------------------------------------------
---------------------------------------------------------------------------------
Start Writing Synthesis Report
---------------------------------------------------------------------------------

Report BlackBoxes: 
+-+--------------+----------+
| |BlackBox name |Instances |
+-+--------------+----------+
+-+--------------+----------+

Report Cell Usage: 
+------+-------+------+
|      |Cell   |Count |
+------+-------+------+
|1     |BUFG   |     1|
|2     |CARRY4 |     7|
|3     |LUT1   |    29|
|4     |LUT2   |     6|
|5     |LUT3   |     6|
|6     |LUT4   |    13|
|7     |LUT5   |    14|
|8     |LUT6   |    34|
|9     |FDRE   |    55|
|10    |IBUF   |     9|
|11    |OBUF   |    14|
+------+-------+------+

Report Instance Areas: 
+------+-----------+-------------------+------+
|      |Instance   |Module             |Cells |
+------+-----------+-------------------+------+
|1     |top        |                   |   188|
|2     |  clockDiv |clockDivider_25MHz |    73|
|3     |  driver   |Screen_Driver      |    91|
+------+-----------+-------------------+------+
---------------------------------------------------------------------------------
Finished Writing Synthesis Report : Time (s): cpu = 00:00:23 ; elapsed = 00:00:28 . Memory (MB): peak = 615.527 ; gain = 404.938
---------------------------------------------------------------------------------
Synthesis finished with 0 errors, 0 critical warnings and 0 warnings.
Synthesis Optimization Runtime : Time (s): cpu = 00:00:13 ; elapsed = 00:00:18 . Memory (MB): peak = 615.527 ; gain = 107.504
Synthesis Optimization Complete : Time (s): cpu = 00:00:23 ; elapsed = 00:00:28 . Memory (MB): peak = 615.527 ; gain = 404.938
INFO: [Project 1-571] Translating synthesized netlist
INFO: [Netlist 29-17] Analyzing 16 Unisim elements for replacement
INFO: [Netlist 29-28] Unisim Transformation completed in 0 CPU seconds
INFO: [Project 1-570] Preparing netlist for logic optimization
INFO: [Opt 31-138] Pushed 0 inverter(s) to 0 load pin(s).
INFO: [Project 1-111] Unisim Transformation Summary:
No Unisim elements were transformed.

INFO: [Common 17-83] Releasing license: Synthesis
34 Infos, 0 Warnings, 0 Critical Warnings and 0 Errors encountered.
synth_design completed successfully
synth_design: Time (s): cpu = 00:00:23 ; elapsed = 00:00:25 . Memory (MB): peak = 615.527 ; gain = 404.938
INFO: [Common 17-1381] The checkpoint 'C:/Users/erick/460M_Lab5/460M_Lab5.runs/synth_1/VGA.dcp' has been generated.
report_utilization: Time (s): cpu = 00:00:00 ; elapsed = 00:00:00.015 . Memory (MB): peak = 615.527 ; gain = 0.000
INFO: [Common 17-206] Exiting Vivado at Thu Mar 29 20:29:46 2018...
