Copyright 1986-2016 Xilinx, Inc. All Rights Reserved.
------------------------------------------------------------------------------------
| Tool Version : Vivado v.2016.4 (win64) Build 1756540 Mon Jan 23 19:11:23 MST 2017
| Date         : Thu Mar 29 20:30:16 2018
| Host         : Ericks-Laptop running 64-bit major release  (build 9200)
| Command      : report_control_sets -verbose -file VGA_control_sets_placed.rpt
| Design       : VGA
| Device       : xc7a35t
------------------------------------------------------------------------------------

Control Set Information

Table of Contents
-----------------
1. Summary
2. Flip-Flop Distribution
3. Detailed Control Set Information

1. Summary
----------

+----------------------------------------------------------+-------+
|                          Status                          | Count |
+----------------------------------------------------------+-------+
| Number of unique control sets                            |     8 |
| Unused register locations in slices containing registers |    43 |
+----------------------------------------------------------+-------+


2. Flip-Flop Distribution
-------------------------

+--------------+-----------------------+------------------------+-----------------+--------------+
| Clock Enable | Synchronous Set/Reset | Asynchronous Set/Reset | Total Registers | Total Slices |
+--------------+-----------------------+------------------------+-----------------+--------------+
| No           | No                    | No                     |              12 |            6 |
| No           | No                    | Yes                    |               0 |            0 |
| No           | Yes                   | No                     |              39 |           12 |
| Yes          | No                    | No                     |              10 |            7 |
| Yes          | No                    | Yes                    |               0 |            0 |
| Yes          | Yes                   | No                     |               0 |            0 |
+--------------+-----------------------+------------------------+-----------------+--------------+


3. Detailed Control Set Information
-----------------------------------

+--------------------+---------------+---------------------+------------------+----------------+
|    Clock Signal    | Enable Signal |   Set/Reset Signal  | Slice Load Count | Bel Load Count |
+--------------------+---------------+---------------------+------------------+----------------+
|  clockDiv/CLK_BUFG |               | driver/R[2]_i_1_n_0 |                1 |              2 |
|  clk_IBUF_BUFG     |               |                     |                2 |              2 |
|  clockDiv/CLK_BUFG |               | driver/R[3]_i_1_n_0 |                2 |              3 |
|  clockDiv/CLK_BUFG |               | driver/G[3]_i_1_n_0 |                1 |              3 |
|  clockDiv/CLK_BUFG |               | driver/B[3]_i_1_n_0 |                1 |              4 |
|  clockDiv/CLK_BUFG |               |                     |                4 |             10 |
|  clockDiv/CLK_BUFG | driver/vcount |                     |                7 |             10 |
|  clk_IBUF_BUFG     |               | clockDiv/slowClk1   |                7 |             27 |
+--------------------+---------------+---------------------+------------------+----------------+


+--------+-----------------------+
| Fanout | Number of ControlSets |
+--------+-----------------------+
| 2      |                     2 |
| 3      |                     2 |
| 4      |                     1 |
| 10     |                     2 |
| 16+    |                     1 |
+--------+-----------------------+


